#
# A fatal error has been detected by the Java Runtime Environment:
#
#  EXCEPTION_ACCESS_VIOLATION (0xc0000005) at pc=0x76fee43e, pid=6380, tid=8336
#
# JRE version: Java(TM) SE Runtime Environment (7.0_67-b01) (build 1.7.0_67-b01)
# Java VM: Java HotSpot(TM) Client VM (24.65-b04 mixed mode windows-x86 )
# Problematic frame:
# C  [ntdll.dll+0x2e43e]
#
# Failed to write core dump. Minidumps are not enabled by default on client versions of Windows
#
# If you would like to submit a bug report, please visit:
#   http://bugreport.sun.com/bugreport/crash.jsp
#

---------------  T H R E A D  ---------------

Current thread (0x49463800):  JavaThread "JDWP Event Helper Thread" daemon [_thread_in_vm, id=8336, stack(0x49a80000,0x49ad0000)]

siginfo: ExceptionCode=0xc0000005, reading address 0x7ff9c6a7

Registers:
EAX=0x554872f8, EBX=0x5596b378, ECX=0x00cd0000, EDX=0x5596b378
ESP=0x49acf848, EBP=0x49acf87c, ESI=0x7ff9c6a3, EDI=0x5596b370
EIP=0x76fee43e, EFLAGS=0x00010206

Top of Stack: (sp=0x49acf848)
0x49acf848:   00000000 00cd0000 5596b378 49acf89c
0x49acf858:   516a3489 49463800 49461610 00000000
0x49acf868:   00000000 00000000 00cdbf70 00000001
0x49acf878:   5596b370 49acf894 76fee0a3 5596b378
0x49acf888:   00cd72c0 00000000 5596b370 49acf8a8
0x49acf898:   766014ad 00cd0000 00000000 5596b378
0x49acf8a8:   49acf8bc 5bd8016a 00cd0000 00000000
0x49acf8b8:   5596b378 49acf8dc 516d836e 5596b378 

Instructions: (pc=0x76fee43e)
0x76fee41e:   7a f8 80 7f 07 05 0f 84 da 47 06 00 8b 07 8b f7
0x76fee42e:   c1 ee 03 33 f0 33 35 a4 00 0c 77 89 7d fc 33 f1
0x76fee43e:   8b 46 04 89 45 f4 c6 47 07 80 c6 47 06 00 8b 5e
0x76fee44e:   08 8b 4e 0c 89 5d e0 83 c3 01 89 4d e4 83 d1 01 


Register to memory mapping:

EAX=0x554872f8 is an unknown value
EBX=0x5596b378 is an unknown value
ECX=0x00cd0000 is an unknown value
EDX=0x5596b378 is an unknown value
ESP=0x49acf848 is pointing into the stack for thread: 0x49463800
EBP=0x49acf87c is pointing into the stack for thread: 0x49463800
ESI=0x7ff9c6a3 is an unknown value
EDI=0x5596b370 is an unknown value


Stack: [0x49a80000,0x49ad0000],  sp=0x49acf848,  free space=318k
Native frames: (J=compiled Java code, j=interpreted, Vv=VM code, C=native code)
C  [ntdll.dll+0x2e43e]
C  [ntdll.dll+0x2e0a3]
C  [kernel32.dll+0x114ad]
C  [msvcr100.dll+0x1016a]
V  [jvm.dll+0x14836e]
V  [jvm.dll+0x1007b5]
V  [jvm.dll+0x205fe1]
C  [jdwp.dll+0x1a85b]
V  [jvm.dll+0x16252c]
V  [jvm.dll+0x162f87]
V  [jvm.dll+0x1a7489]
C  [msvcr100.dll+0x5c556]
C  [msvcr100.dll+0x5c600]
C  [kernel32.dll+0x1336a]
C  [ntdll.dll+0x39902]
C  [ntdll.dll+0x398d5]


---------------  P R O C E S S  ---------------

Java Threads: ( => current thread )
  0x4d531000 JavaThread "Timer-515" daemon [_thread_blocked, id=4536, stack(0x51f30000,0x51f80000)]
  0x4d532c00 JavaThread "PollerScheduler-30 Pool-fiber3" [_thread_blocked, id=8396, stack(0x52080000,0x520d0000)]
  0x4d532400 JavaThread "PollerScheduler-30 Pool-fiber2" [_thread_blocked, id=9132, stack(0x50d40000,0x50d90000)]
  0x55714c00 JavaThread "Persistence Adaptor Task" daemon [_thread_blocked, id=8600, stack(0x504f0000,0x50540000)]
  0x4cd30400 JavaThread "PollerScheduler-30 Pool-fiber26" [_thread_blocked, id=7904, stack(0x58020000,0x58070000)]
  0x55716400 JavaThread "QueuingRrdStrategy-2" [_thread_blocked, id=7604, stack(0x520d0000,0x52120000)]
  0x55714000 JavaThread "VacuumdScheduler-2 Pool-fiber1" [_thread_blocked, id=8444, stack(0x51c10000,0x51c60000)]
  0x55715800 JavaThread "CollectdScheduler-50 Pool-fiber2" [_thread_blocked, id=8908, stack(0x51dd0000,0x51e20000)]
  0x55711800 JavaThread "QueuingRrdStrategy-1" [_thread_blocked, id=8468, stack(0x52c90000,0x52ce0000)]
  0x4c5c8000 JavaThread "EventHandlerPool-fiber1" [_thread_blocked, id=8408, stack(0x524f0000,0x52540000)]
  0x55710c00 JavaThread "DataSenderPool-fiber1" [_thread_blocked, id=7424, stack(0x574f0000,0x57540000)]
  0x5570f400 JavaThread "Scheduler-10" daemon [_thread_blocked, id=5260, stack(0x585b0000,0x58600000)]
  0x4ce73c00 JavaThread "Scheduler-9" daemon [_thread_blocked, id=8624, stack(0x58720000,0x58770000)]
  0x4d49f000 JavaThread "Scheduler-8" daemon [_thread_blocked, id=7936, stack(0x57620000,0x57670000)]
  0x4ce74800 JavaThread "Capsd Rescan Pool-fiber2" daemon [_thread_blocked, id=7804, stack(0x51050000,0x510a0000)]
  0x4d4a2c00 JavaThread "LinkdScheduler-5 Pool" [_thread_blocked, id=8204, stack(0x57c20000,0x57c70000)]
  0x4d4a2800 JavaThread "Syslogd:BroadcastEventProcessor" [_thread_blocked, id=7048, stack(0x57c80000,0x57cd0000)]
  0x4d4a2000 JavaThread "Syslog Event Processor[0.0.0.0:10514]" [_thread_blocked, id=8260, stack(0x53000000,0x53050000)]
  0x4d4a1c00 JavaThread "Syslog Event Receiver[0.0.0.0:10514]" [_thread_in_native, id=8280, stack(0x57ba0000,0x57bf0000)]
  0x4d4a1400 JavaThread "qtp32374498-504" [_thread_blocked, id=9212, stack(0x57b40000,0x57b90000)]
  0x4d4a0c00 JavaThread "qtp32374498-503" [_thread_blocked, id=4368, stack(0x56dd0000,0x56e20000)]
  0x4d4a0800 JavaThread "qtp32374498-502" [_thread_blocked, id=7104, stack(0x578d0000,0x57920000)]
  0x4d4a0000 JavaThread "qtp32374498-501" [_thread_blocked, id=9088, stack(0x52540000,0x52590000)]
  0x4d49fc00 JavaThread "qtp32374498-500 Acceptor0 SelectChannelConnector@0.0.0.0:80 STARTED" [_thread_in_native, id=6532, stack(0x533b0000,0x53400000)]
  0x4d49f400 JavaThread "qtp32374498-499" [_thread_blocked, id=8140, stack(0x53230000,0x53280000)]
  0x4cd2f800 JavaThread "qtp32374498-498" [_thread_blocked, id=9144, stack(0x53160000,0x531b0000)]
  0x4cd30000 JavaThread "qtp32374498-497 Selector0" [_thread_in_native, id=7544, stack(0x522a0000,0x522f0000)]
  0x4cd31000 JavaThread "HashSessionScavenger-2" daemon [_thread_blocked, id=6304, stack(0x52e30000,0x52e80000)]
  0x4cd30c00 JavaThread "HashSessionScavenger-1" daemon [_thread_blocked, id=6176, stack(0x52c00000,0x52c50000)]
  0x4d0aa800 JavaThread "scheduler-8" [_thread_blocked, id=8992, stack(0x57980000,0x579d0000)]
  0x4d49e800 JavaThread "scheduler-7" [_thread_blocked, id=8704, stack(0x57810000,0x57860000)]
  0x4d49e000 JavaThread "scheduler-6" [_thread_blocked, id=3192, stack(0x576c0000,0x57710000)]
  0x4d533c00 JavaThread "scheduler-5" [_thread_blocked, id=7852, stack(0x57710000,0x57760000)]
  0x4d533800 JavaThread "org.springframework.jms.listener.DefaultMessageListenerContainer#2-1" [_thread_blocked, id=7016, stack(0x575b0000,0x57600000)]
  0x4d533000 JavaThread "org.springframework.jms.listener.DefaultMessageListenerContainer#1-1" [_thread_blocked, id=8108, stack(0x56f10000,0x56f60000)]
  0x4d531800 JavaThread "org.springframework.jms.listener.DefaultMessageListenerContainer#0-1" [_thread_blocked, id=8948, stack(0x57560000,0x575b0000)]
  0x4d530c00 JavaThread "QuartzScheduler_databaseReport-ReportSchdeuler_MisfireHandler" [_thread_blocked, id=6168, stack(0x57430000,0x57480000)]
  0x4cd2e400 JavaThread "Scheduler-7" daemon [_thread_blocked, id=8748, stack(0x50df0000,0x50e40000)]
  0x4d530400 JavaThread "ActiveMQ Data File Writer" daemon [_thread_blocked, id=8764, stack(0x56f70000,0x56fc0000)]
  0x4d530000 JavaThread "ActiveMQ Scheduler" daemon [_thread_blocked, id=7428, stack(0x56e30000,0x56e80000)]
  0x4d52f800 JavaThread "AsyncInvoker-4" daemon [_thread_blocked, id=6376, stack(0x56d50000,0x56da0000)]
  0x4d52f000 JavaThread "AsyncInvoker-3" daemon [_thread_blocked, id=5720, stack(0x56cb0000,0x56d00000)]
  0x4d52ec00 JavaThread "AsyncInvoker-2" daemon [_thread_blocked, id=4836, stack(0x56b10000,0x56b60000)]
  0x4d52d800 JavaThread "AsyncInvoker-1" daemon [_thread_blocked, id=6976, stack(0x56680000,0x566d0000)]
  0x4d52e000 JavaThread "Scheduler-6" daemon [_thread_blocked, id=8536, stack(0x51540000,0x51590000)]
  0x4d52e400 JavaThread "Scheduler-5" daemon [_thread_blocked, id=7036, stack(0x56920000,0x56970000)]
  0x4d52d400 JavaThread "Scheduler-4" daemon [_thread_blocked, id=6824, stack(0x567a0000,0x567f0000)]
  0x4d52cc00 JavaThread "Scheduler-3" daemon [_thread_blocked, id=9016, stack(0x566e0000,0x56730000)]
  0x4d52c400 JavaThread "ResourceCleanupEventListener1" [_thread_blocked, id=6252, stack(0x56810000,0x56860000)]
  0x4d08c000 JavaThread "Galert Event Listener1" [_thread_blocked, id=2376, stack(0x56730000,0x56780000)]
  0x4d08bc00 JavaThread "ThreadWatchdog" daemon [_thread_blocked, id=8864, stack(0x54a10000,0x54a60000)]
  0x4d08b400 JavaThread "Thread-34" daemon [_thread_blocked, id=8568, stack(0x56600000,0x56650000)]
  0x4d08ac00 JavaThread "Scheduler-2" daemon [_thread_blocked, id=8724, stack(0x56530000,0x56580000)]
  0x4d08a800 JavaThread "Scheduler-1" daemon [_thread_blocked, id=6080, stack(0x56410000,0x56460000)]
  0x4d089c00 JavaThread "scheduler-4" [_thread_blocked, id=8128, stack(0x550a0000,0x550f0000)]
  0x4d089400 JavaThread "Timer-20" daemon [_thread_blocked, id=7196, stack(0x55310000,0x55360000)]
  0x4cf08000 JavaThread "EscalationRuntime" daemon [_thread_blocked, id=8976, stack(0x552b0000,0x55300000)]
  0x4d089000 JavaThread "AgentSynchronizer19" [_thread_blocked, id=2652, stack(0x55100000,0x55150000)]
  0x4d088800 JavaThread "AgentSynchronizer18" [_thread_blocked, id=4248, stack(0x55150000,0x551a0000)]
  0x4cf08c00 JavaThread "AgentSynchronizer17" [_thread_blocked, id=2004, stack(0x54e70000,0x54ec0000)]
  0x4d07b800 JavaThread "AgentSynchronizer16" [_thread_blocked, id=6516, stack(0x54f50000,0x54fa0000)]
  0x4d07b400 JavaThread "AgentSynchronizer15" [_thread_blocked, id=7820, stack(0x54e20000,0x54e70000)]
  0x4d07ac00 JavaThread "AgentSynchronizer14" [_thread_blocked, id=7760, stack(0x54d70000,0x54dc0000)]
  0x4d07a400 JavaThread "AgentSynchronizer13" [_thread_blocked, id=3340, stack(0x54dc0000,0x54e10000)]
  0x4d07a000 JavaThread "AgentSynchronizer12" [_thread_blocked, id=932, stack(0x54d20000,0x54d70000)]
  0x4d079800 JavaThread "AgentSynchronizer11" [_thread_blocked, id=6288, stack(0x54af0000,0x54b40000)]
  0x4d079400 JavaThread "AgentSynchronizer10" [_thread_blocked, id=6504, stack(0x54ba0000,0x54bf0000)]
  0x4d078c00 JavaThread "AgentSynchronizer9" [_thread_blocked, id=7340, stack(0x54a70000,0x54ac0000)]
  0x4d078800 JavaThread "AgentSynchronizer8" [_thread_blocked, id=4468, stack(0x548c0000,0x54910000)]
  0x4d078000 JavaThread "AgentSynchronizer7" [_thread_blocked, id=8860, stack(0x54320000,0x54370000)]
  0x4ce76c00 JavaThread "AgentSynchronizer6" [_thread_blocked, id=5504, stack(0x54850000,0x548a0000)]
  0x4ce76800 JavaThread "AgentSynchronizer5" [_thread_blocked, id=5020, stack(0x547c0000,0x54810000)]
  0x4cf07c00 JavaThread "AgentSynchronizer4" [_thread_blocked, id=8124, stack(0x54220000,0x54270000)]
  0x4cf09c00 JavaThread "AgentSynchronizer3" [_thread_blocked, id=5400, stack(0x542c0000,0x54310000)]
  0x4cf0a000 JavaThread "AgentSynchronizer2" [_thread_blocked, id=4272, stack(0x53ed0000,0x53f20000)]
  0x4cf0a800 JavaThread "AgentSynchronizer1" [_thread_blocked, id=7576, stack(0x54440000,0x54490000)]
  0x4cf0ac00 JavaThread "AgentSynchronizer0" [_thread_blocked, id=6864, stack(0x54390000,0x543e0000)]
  0x4cf07400 JavaThread "scheduler-3" [_thread_blocked, id=6340, stack(0x54110000,0x54160000)]
  0x4d0abc00 JavaThread "scheduler-2" [_thread_blocked, id=7560, stack(0x537f0000,0x53840000)]
  0x4d0ac000 JavaThread "ZeventProcessor" daemon [_thread_blocked, id=6648, stack(0x540b0000,0x54100000)]
  0x4d0aac00 JavaThread "hqstats-sampler-2" daemon [_thread_blocked, id=8512, stack(0x53c80000,0x53cd0000)]
  0x4d0a9c00 JavaThread "hqstats-sampler-1" daemon [_thread_blocked, id=6904, stack(0x53a20000,0x53a70000)]
  0x4d0a9400 JavaThread "scheduler-1" [_thread_blocked, id=1412, stack(0x50e90000,0x50ee0000)]
  0x4d0aa000 JavaThread "databaseReport_QuartzSchedulerThread" [_thread_blocked, id=6212, stack(0x53a90000,0x53ae0000)]
  0x4c5c8c00 JavaThread "databaseReport_Worker-1" [_thread_blocked, id=5500, stack(0x53940000,0x53990000)]
  0x4cf08800 JavaThread "OpenNMS.Poller.DefaultPollContext" [_thread_blocked, id=7648, stack(0x53430000,0x53480000)]
  0x4d0ab400 JavaThread "Thread-26" daemon [_thread_in_native, id=6628, stack(0x53740000,0x53790000)]
  0x4cf09400 JavaThread "RTC Updater Pool-fiber5" [_thread_blocked, id=9068, stack(0x53db0000,0x53e00000)]
  0x4ce76000 JavaThread "Timer-2" [_thread_blocked, id=1260, stack(0x536f0000,0x53740000)]
  0x4ce75800 JavaThread "HashSessionScavenger-0" daemon [_thread_blocked, id=3960, stack(0x52ee0000,0x52f30000)]
  0x4cd2e000 JavaThread "pool-1-thread-2" [_thread_blocked, id=7988, stack(0x529a0000,0x529f0000)]
  0x4cd2d800 JavaThread "pool-1-thread-1" [_thread_blocked, id=204, stack(0x52bb0000,0x52c00000)]
  0x4c9c3800 JavaThread "MapSyncExecutor" [_thread_blocked, id=6464, stack(0x52a80000,0x52ad0000)]
  0x4c9c1000 JavaThread "VacuumdScheduler-2 Pool" [_thread_blocked, id=4480, stack(0x511c0000,0x51210000)]
  0x4c5cac00 JavaThread "Vacuumd-Thread" [_thread_blocked, id=8212, stack(0x51300000,0x51350000)]
  0x4c5ca400 JavaThread "Discovery.Pinger" daemon [_thread_blocked, id=7556, stack(0x510c0000,0x51110000)]
  0x4c5c8400 JavaThread "ThreshdScheduler-5 Pool-fiber0" [_thread_blocked, id=9196, stack(0x50b20000,0x50b70000)]
  0x4c5c7800 JavaThread "ThreshdScheduler-5 Pool" [_thread_blocked, id=6492, stack(0x50c40000,0x50c90000)]
  0x4c5c7400 JavaThread "CollectdScheduler-50 Pool" [_thread_blocked, id=6620, stack(0x50bf0000,0x50c40000)]
  0x4cb33400 JavaThread "PollerScheduler-30 Pool" [_thread_blocked, id=8944, stack(0x50b70000,0x50bc0000)]
  0x4cb32c00 JavaThread "RTCManager:BroadcastEventProcessor" [_thread_blocked, id=9040, stack(0x509c0000,0x50a10000)]
  0x4cb32800 JavaThread "Scriptd-Executor" [_thread_blocked, id=6500, stack(0x50a40000,0x50a90000)]
  0x4cb32000 JavaThread "DefaultQueueHandler-default" [_thread_blocked, id=6536, stack(0x50820000,0x50870000)]
  0x4cb31c00 JavaThread "Capsd Scheduler" daemon [_thread_blocked, id=6624, stack(0x50250000,0x502a0000)]
  0x4cb31400 JavaThread "Actiond-Executor" [_thread_blocked, id=7044, stack(0x507b0000,0x50800000)]
  0x4cb30c00 JavaThread "Actiond-Executor-Reaper" daemon [_thread_blocked, id=8988, stack(0x508d0000,0x50920000)]
  0x4cb30800 JavaThread "TrapQueueProcessor" [_thread_blocked, id=8300, stack(0x50710000,0x50760000)]
  0x4cb30000 JavaThread "UDP UUID Sender[5817]" [_thread_blocked, id=8904, stack(0x50650000,0x506a0000)]
  0x4cb2fc00 JavaThread "UDP Event Processor[5817]" [_thread_blocked, id=8328, stack(0x505a0000,0x505f0000)]
  0x4c5e4400 JavaThread "UDP Event Receiver[5817]" [_thread_in_native, id=6616, stack(0x50490000,0x504e0000)]
  0x4c5e3c00 JavaThread "Event TCP Server[5817]" [_thread_in_native, id=8268, stack(0x4ff70000,0x4ffc0000)]
  0x4c5e3800 JavaThread "OpenNMS.Linkd" [_thread_blocked, id=6656, stack(0x503f0000,0x50440000)]
  0x4c5e3000 JavaThread "Ackd" [_thread_blocked, id=6220, stack(0x50310000,0x50360000)]
  0x4c5e2c00 JavaThread "Alarmd" [_thread_blocked, id=1480, stack(0x50130000,0x50180000)]
  0x4c5e2400 JavaThread "Reportd:EventListener" [_thread_blocked, id=8936, stack(0x501f0000,0x50240000)]
  0x4c5e2000 JavaThread "reportd_QuartzSchedulerThread" [_thread_blocked, id=6600, stack(0x4fd70000,0x4fdc0000)]
  0x4c5e1800 JavaThread "reportd_Worker-10" [_thread_blocked, id=7828, stack(0x50080000,0x500d0000)]
  0x4c5e1000 JavaThread "reportd_Worker-9" [_thread_blocked, id=7808, stack(0x4ff20000,0x4ff70000)]
  0x4c5e0c00 JavaThread "reportd_Worker-8" [_thread_blocked, id=9116, stack(0x4fde0000,0x4fe30000)]
  0x4cab8800 JavaThread "reportd_Worker-7" [_thread_blocked, id=6936, stack(0x4f450000,0x4f4a0000)]
  0x4cab8000 JavaThread "reportd_Worker-6" [_thread_blocked, id=716, stack(0x4fad0000,0x4fb20000)]
  0x4cab7800 JavaThread "reportd_Worker-5" [_thread_blocked, id=7272, stack(0x4fa00000,0x4fa50000)]
  0x4cab7400 JavaThread "reportd_Worker-4" [_thread_blocked, id=9080, stack(0x4fc90000,0x4fce0000)]
  0x4cab6c00 JavaThread "reportd_Worker-3" [_thread_blocked, id=8196, stack(0x4fb40000,0x4fb90000)]
  0x4cab6800 JavaThread "reportd_Worker-2" [_thread_blocked, id=6816, stack(0x4f930000,0x4f980000)]
  0x4cab6000 JavaThread "reportd_Worker-1" [_thread_blocked, id=7780, stack(0x4fa70000,0x4fac0000)]
  0x4cab5c00 JavaThread "SnmpAssetProvisioningAdapter" [_thread_blocked, id=7836, stack(0x4f990000,0x4f9e0000)]
  0x4cab5400 JavaThread "RancidProvisioningAdapter" [_thread_blocked, id=1068, stack(0x4f860000,0x4f8b0000)]
  0x4cab4c00 JavaThread "MapsProvisioningAdapter" [_thread_blocked, id=7120, stack(0x4f1b0000,0x4f200000)]
  0x4baefc00 JavaThread "LinkEventCorrelator" [_thread_blocked, id=8252, stack(0x4f530000,0x4f580000)]
  0x4baef400 JavaThread "LinkProvisioningAdapter" [_thread_blocked, id=660, stack(0x4ef00000,0x4ef50000)]
  0x4baef000 JavaThread "ProvisioningAdapterManager:EventListener" [_thread_blocked, id=8020, stack(0x4f6b0000,0x4f700000)]
  0x4baee800 JavaThread "Provisiond:EventListener" [_thread_blocked, id=8924, stack(0x4f620000,0x4f670000)]
  0x4baee400 JavaThread "provisiond_QuartzSchedulerThread" [_thread_blocked, id=8932, stack(0x4f270000,0x4f2c0000)]
  0x4baedc00 JavaThread "provisiond_Worker-10" [_thread_blocked, id=8312, stack(0x4f330000,0x4f380000)]
  0x4baed800 JavaThread "provisiond_Worker-9" [_thread_blocked, id=6584, stack(0x4f3c0000,0x4f410000)]
  0x4baed000 JavaThread "provisiond_Worker-8" [_thread_blocked, id=4344, stack(0x4f070000,0x4f0c0000)]
  0x4baec800 JavaThread "provisiond_Worker-7" [_thread_blocked, id=388, stack(0x4f150000,0x4f1a0000)]
  0x4baec400 JavaThread "provisiond_Worker-6" [_thread_blocked, id=8104, stack(0x4f200000,0x4f250000)]
  0x4c657800 JavaThread "provisiond_Worker-5" [_thread_blocked, id=5228, stack(0x4eff0000,0x4f040000)]
  0x4c657000 JavaThread "provisiond_Worker-4" [_thread_blocked, id=8540, stack(0x4f0d0000,0x4f120000)]
  0x4c656c00 JavaThread "provisiond_Worker-3" [_thread_blocked, id=1600, stack(0x4ef50000,0x4efa0000)]
  0x4c656400 JavaThread "provisiond_Worker-2" [_thread_blocked, id=7568, stack(0x4ed30000,0x4ed80000)]
  0x4c656000 JavaThread "provisiond_Worker-1" [_thread_blocked, id=5920, stack(0x4ebc0000,0x4ec10000)]
  0x4c655800 JavaThread "Provisiond-TaskScheduler" [_thread_blocked, id=6156, stack(0x4eb70000,0x4ebc0000)]
  0x4c655400 JavaThread "OpenNMS:Statsd" [_thread_blocked, id=7844, stack(0x4ec60000,0x4ecb0000)]
  0x4c654c00 JavaThread "Statsd_QuartzSchedulerThread" [_thread_blocked, id=8784, stack(0x4ea60000,0x4eab0000)]
  0x4c654400 JavaThread "Statsd_Worker-10" [_thread_blocked, id=3180, stack(0x4e9d0000,0x4ea20000)]
  0x4c654000 JavaThread "Statsd_Worker-9" [_thread_blocked, id=4036, stack(0x4e7e0000,0x4e830000)]
  0x4c62ec00 JavaThread "Statsd_Worker-8" [_thread_blocked, id=6224, stack(0x4e790000,0x4e7e0000)]
  0x4c62e400 JavaThread "Statsd_Worker-7" [_thread_blocked, id=6852, stack(0x4e310000,0x4e360000)]
  0x4c62dc00 JavaThread "Statsd_Worker-6" [_thread_blocked, id=7296, stack(0x4e5b0000,0x4e600000)]
  0x4c62d800 JavaThread "Statsd_Worker-5" [_thread_blocked, id=9184, stack(0x4e8b0000,0x4e900000)]
  0x4c62d000 JavaThread "Statsd_Worker-4" [_thread_blocked, id=3108, stack(0x4e740000,0x4e790000)]
  0x4c62cc00 JavaThread "Statsd_Worker-3" [_thread_blocked, id=6332, stack(0x4e6f0000,0x4e740000)]
  0x4c62c400 JavaThread "Statsd_Worker-2" [_thread_blocked, id=6264, stack(0x4e610000,0x4e660000)]
  0x4c62c000 JavaThread "Statsd_Worker-1" [_thread_blocked, id=7884, stack(0x4e560000,0x4e5b0000)]
  0x4c62b800 JavaThread "OpenNMS.PassiveStatusKeeper" [_thread_blocked, id=9100, stack(0x4e270000,0x4e2c0000)]
  0x4c62b000 JavaThread "OpenNMS.EventTranslator" [_thread_blocked, id=9208, stack(0x4e360000,0x4e3b0000)]
  0x4cc12c00 JavaThread "OpenNMS.Vacuumd" [_thread_blocked, id=8216, stack(0x4e410000,0x4e460000)]
  0x4cc12400 JavaThread "OpenNMS.Discovery" [_thread_blocked, id=7440, stack(0x4e0e0000,0x4e130000)]
  0x4cc12000 JavaThread "Threshd:BroadcastEventProcessor" [_thread_blocked, id=9076, stack(0x4e090000,0x4e0e0000)]
  0x4cc11800 JavaThread "OpenNMS.Collectd" [_thread_blocked, id=9192, stack(0x4e140000,0x4e190000)]
  0x4cc11400 JavaThread "OpenNMS.TroubleTicketer" [_thread_blocked, id=6868, stack(0x4de40000,0x4de90000)]
  0x4cc10c00 JavaThread "Poller:PollerEventProcessor" [_thread_blocked, id=8072, stack(0x4b440000,0x4b490000)]
  0x4cc10400 JavaThread "Timer-1" [_thread_blocked, id=9172, stack(0x4df80000,0x4dfd0000)]
  0x4cc10000 JavaThread "Scriptd:BroadcastEventProcessor" [_thread_blocked, id=8076, stack(0x4dd90000,0x4dde0000)]
  0x4cc0f800 JavaThread "Notifd:BroadcastEventProcessor" [_thread_blocked, id=8760, stack(0x4dde0000,0x4de30000)]
  0x4cc0f400 JavaThread "Capsd:BroadcastEventProcessor" [_thread_blocked, id=4424, stack(0x4da80000,0x4dad0000)]
  0x4b93f400 JavaThread "Actiond:BroadcastEventProcessor" [_thread_blocked, id=5652, stack(0x4dbf0000,0x4dc40000)]
  0x4b93f000 JavaThread "OpenNMS.Queued" [_thread_blocked, id=8056, stack(0x4dc40000,0x4dc90000)]
  0x4b93e400 JavaThread "Trapd:BroadcastEventProcessor" [_thread_blocked, id=4172, stack(0x4d990000,0x4d9e0000)]
  0x4b93e800 JavaThread "DefaultUDPTransportMapping_0.0.0.0/162" daemon [_thread_in_native, id=7116, stack(0x4b240000,0x4b290000)]
  0x4b93dc00 JavaThread "Eventd:BroadcastEventProcessor" [_thread_blocked, id=8652, stack(0x4d9f0000,0x4da40000)]
  0x4b93d800 JavaThread "com.mchange.v2.async.ThreadPoolAsynchronousRunner$PoolThread-#2" daemon [_thread_blocked, id=6392, stack(0x4c930000,0x4c980000)]
  0x4b93d000 JavaThread "com.mchange.v2.async.ThreadPoolAsynchronousRunner$PoolThread-#1" daemon [_thread_blocked, id=7920, stack(0x49cd0000,0x49d20000)]
  0x4b93c800 JavaThread "com.mchange.v2.async.ThreadPoolAsynchronousRunner$PoolThread-#0" daemon [_thread_blocked, id=6236, stack(0x4c7b0000,0x4c800000)]
  0x4b93c400 JavaThread "Timer-0" daemon [_thread_blocked, id=7964, stack(0x4c690000,0x4c6e0000)]
  0x4acb2400 JavaThread "JNI-ICMPv6-24382-Reply-Processor" [_thread_blocked, id=6216, stack(0x4b560000,0x4b5b0000)]
  0x4acb1c00 JavaThread "JNI-ICMPv6-24382-Timeout-Processor" [_thread_blocked, id=7928, stack(0x4b490000,0x4b4e0000)]
  0x4aca4800 JavaThread "JNI-ICMP-24382-Socket-Reader" daemon [_thread_in_native, id=3040, stack(0x4b3f0000,0x4b440000)]
  0x4aca4400 JavaThread "JNI-ICMP-1940-Reply-Processor" [_thread_blocked, id=6152, stack(0x4b360000,0x4b3b0000)]
  0x4ac2e400 JavaThread "JNI-ICMP-1940-Timeout-Processor" [_thread_blocked, id=6644, stack(0x4b050000,0x4b0a0000)]
  0x4ac39400 JavaThread "JNI-ICMP-1940-Socket-Reader" daemon [_thread_in_native, id=9176, stack(0x4ad40000,0x4ad90000)]
  0x4ac60000 JavaThread "Thread-3" [_thread_in_native, id=7880, stack(0x4af00000,0x4af50000)]
  0x4ac1d800 JavaThread "Thread-2" [_thread_in_native, id=8972, stack(0x49e70000,0x49ec0000)]
  0x4abd8400 JavaThread "Thread-0" daemon [_thread_blocked, id=5308, stack(0x49db0000,0x49e00000)]
  0x00cdc800 JavaThread "DestroyJavaVM" [_thread_blocked, id=7900, stack(0x00ec0000,0x00f10000)]
  0x49476000 JavaThread "Service Thread" daemon [_thread_blocked, id=5960, stack(0x49c70000,0x49cc0000)]
  0x49472c00 JavaThread "C1 CompilerThread0" daemon [_thread_blocked, id=7736, stack(0x49ec0000,0x49f10000)]
  0x49464c00 JavaThread "JDWP Command Reader" daemon [_thread_in_native, id=7784, stack(0x49600000,0x49650000)]
=>0x49463800 JavaThread "JDWP Event Helper Thread" daemon [_thread_in_vm, id=8336, stack(0x49a80000,0x49ad0000)]
  0x4945f800 JavaThread "JDWP Transport Listener: dt_socket" daemon [_thread_blocked, id=6908, stack(0x499c0000,0x49a10000)]
  0x49448c00 JavaThread "Attach Listener" daemon [_thread_blocked, id=7860, stack(0x496b0000,0x49700000)]
  0x49445c00 JavaThread "Signal Dispatcher" daemon [_thread_blocked, id=6424, stack(0x00e50000,0x00ea0000)]
  0x49417c00 JavaThread "Finalizer" daemon [_thread_blocked, id=6528, stack(0x497b0000,0x49800000)]
  0x49412c00 JavaThread "Reference Handler" daemon [_thread_blocked, id=9036, stack(0x49720000,0x49770000)]

Other Threads:
  0x4940fc00 VMThread [stack: 0x01340000,0x01390000] [id=7152]
  0x4948f000 WatcherThread [stack: 0x4a0c0000,0x4a110000] [id=7776]

VM state:synchronizing (normal execution)

VM Mutex/Monitor currently owned by a thread:  ([mutex/lock_event])
[0x00cda9c0] Threads_lock - owner thread: 0x4940fc00

Heap
 def new generation   total 112320K, used 51501K [0x04800000, 0x0c1d0000, 0x17400000)
  eden space 99904K,  48% used [0x04800000, 0x077933e8, 0x0a990000)
  from space 12416K,  22% used [0x0a990000, 0x0ac48298, 0x0b5b0000)
  to   space 12416K,   0% used [0x0b5b0000, 0x0b5b0000, 0x0c1d0000)
 tenured generation   total 248208K, used 204913K [0x17400000, 0x26664000, 0x3cc00000)
   the space 248208K,  82% used [0x17400000, 0x23c1c4b8, 0x23c1c600, 0x26664000)
 compacting perm gen  total 122880K, used 70308K [0x3cc00000, 0x44400000, 0x49400000)
   the space 122880K,  57% used [0x3cc00000, 0x410a9188, 0x410a9200, 0x44400000)
No shared spaces configured.

Card table byte_map: [0x00f10000,0x01140000] byte_map_base: 0x00eec000

Polling page: 0x00190000

Code Cache  [0x027d0000, 0x03780000, 0x047d0000)
 total_blobs=7116 nmethods=6610 adapters=448 free_code_cache=16731Kb largest_free_block=17117760

Compilation events (10 events):
Event: 3378.146 Thread 0x49472c00 6817             java.io.ObjectStreamClass$FieldReflectorKey::<init> (95 bytes)
Event: 3378.148 Thread 0x49472c00 nmethod 6817 0x03778788 code [0x037788d0, 0x03778bdc]
Event: 3449.530 Thread 0x49472c00 6818   !         org.opennms.netmgt.notifd.BroadcastEventProcessor::automaticAcknowledge (247 bytes)
Event: 3449.534 Thread 0x49472c00 nmethod 6818 0x03778f48 code [0x03779280, 0x03779e5c]
Event: 3449.585 Thread 0x49472c00 6819             sun.misc.FDBigInt::<init> (49 bytes)
Event: 3449.585 Thread 0x49472c00 nmethod 6819 0x0377bc88 code [0x0377bd80, 0x0377bed0]
Event: 3449.608 Thread 0x49472c00 6820             java.util.concurrent.ConcurrentLinkedQueue::offer (115 bytes)
Event: 3449.608 Thread 0x49472c00 nmethod 6820 0x0377bf48 code [0x0377c060, 0x0377c28c]
Event: 3528.157 Thread 0x49472c00 6821             java.io.ObjectStreamClass::computeFieldOffsets (307 bytes)
Event: 3528.159 Thread 0x49472c00 nmethod 6821 0x0377c408 code [0x0377c560, 0x0377c914]

GC Heap History (10 events):
Event: 3143.469 GC heap before
{Heap before GC invocations=338 (full 7):
 def new generation   total 112320K, used 103162K [0x04800000, 0x0c1d0000, 0x17400000)
  eden space 99904K, 100% used [0x04800000, 0x0a990000, 0x0a990000)
  from space 12416K,  26% used [0x0b5b0000, 0x0b8de840, 0x0c1d0000)
  to   space 12416K,   0% used [0x0a990000, 0x0a990000, 0x0b5b0000)
 tenured generation   total 248208K, used 204883K [0x17400000, 0x26664000, 0x3cc00000)
   the space 248208K,  82% used [0x17400000, 0x23c14e68, 0x23c15000, 0x26664000)
 compacting perm gen  total 122880K, used 70308K [0x3cc00000, 0x44400000, 0x49400000)
   the space 122880K,  57% used [0x3cc00000, 0x410a9148, 0x410a9200, 0x44400000)
No shared spaces configured.
Event: 3143.485 GC heap after
Heap after GC invocations=339 (full 7):
 def new generation   total 112320K, used 2787K [0x04800000, 0x0c1d0000, 0x17400000)
  eden space 99904K,   0% used [0x04800000, 0x04800000, 0x0a990000)
  from space 12416K,  22% used [0x0a990000, 0x0ac48c28, 0x0b5b0000)
  to   space 12416K,   0% used [0x0b5b0000, 0x0b5b0000, 0x0c1d0000)
 tenured generation   total 248208K, used 204896K [0x17400000, 0x26664000, 0x3cc00000)
   the space 248208K,  82% used [0x17400000, 0x23c18280, 0x23c18400, 0x26664000)
 compacting perm gen  total 122880K, used 70308K [0x3cc00000, 0x44400000, 0x49400000)
   the space 122880K,  57% used [0x3cc00000, 0x410a9148, 0x410a9200, 0x44400000)
No shared spaces configured.
}
Event: 3329.456 GC heap before
{Heap before GC invocations=339 (full 7):
 def new generation   total 112320K, used 102691K [0x04800000, 0x0c1d0000, 0x17400000)
  eden space 99904K, 100% used [0x04800000, 0x0a990000, 0x0a990000)
  from space 12416K,  22% used [0x0a990000, 0x0ac48c28, 0x0b5b0000)
  to   space 12416K,   0% used [0x0b5b0000, 0x0b5b0000, 0x0c1d0000)
 tenured generation   total 248208K, used 204896K [0x17400000, 0x26664000, 0x3cc00000)
   the space 248208K,  82% used [0x17400000, 0x23c18280, 0x23c18400, 0x26664000)
 compacting perm gen  total 122880K, used 70308K [0x3cc00000, 0x44400000, 0x49400000)
   the space 122880K,  57% used [0x3cc00000, 0x410a9178, 0x410a9200, 0x44400000)
No shared spaces configured.
Event: 3329.469 GC heap after
Heap after GC invocations=340 (full 7):
 def new generation   total 112320K, used 4011K [0x04800000, 0x0c1d0000, 0x17400000)
  eden space 99904K,   0% used [0x04800000, 0x04800000, 0x0a990000)
  from space 12416K,  32% used [0x0b5b0000, 0x0b99ae40, 0x0c1d0000)
  to   space 12416K,   0% used [0x0a990000, 0x0a990000, 0x0b5b0000)
 tenured generation   total 248208K, used 204897K [0x17400000, 0x26664000, 0x3cc00000)
   the space 248208K,  82% used [0x17400000, 0x23c185e8, 0x23c18600, 0x26664000)
 compacting perm gen  total 122880K, used 70308K [0x3cc00000, 0x44400000, 0x49400000)
   the space 122880K,  57% used [0x3cc00000, 0x410a9178, 0x410a9200, 0x44400000)
No shared spaces configured.
}
Event: 3377.366 GC heap before
{Heap before GC invocations=340 (full 7):
 def new generation   total 112320K, used 103915K [0x04800000, 0x0c1d0000, 0x17400000)
  eden space 99904K, 100% used [0x04800000, 0x0a990000, 0x0a990000)
  from space 12416K,  32% used [0x0b5b0000, 0x0b99ae40, 0x0c1d0000)
  to   space 12416K,   0% used [0x0a990000, 0x0a990000, 0x0b5b0000)
 tenured generation   total 248208K, used 204897K [0x17400000, 0x26664000, 0x3cc00000)
   the space 248208K,  82% used [0x17400000, 0x23c185e8, 0x23c18600, 0x26664000)
 compacting perm gen  total 122880K, used 70308K [0x3cc00000, 0x44400000, 0x49400000)
   the space 122880K,  57% used [0x3cc00000, 0x410a9178, 0x410a9200, 0x44400000)
No shared spaces configured.
Event: 3377.376 GC heap after
Heap after GC invocations=341 (full 7):
 def new generation   total 112320K, used 3269K [0x04800000, 0x0c1d0000, 0x17400000)
  eden space 99904K,   0% used [0x04800000, 0x04800000, 0x0a990000)
  from space 12416K,  26% used [0x0a990000, 0x0acc1778, 0x0b5b0000)
  to   space 12416K,   0% used [0x0b5b0000, 0x0b5b0000, 0x0c1d0000)
 tenured generation   total 248208K, used 204897K [0x17400000, 0x26664000, 0x3cc00000)
   the space 248208K,  82% used [0x17400000, 0x23c185e8, 0x23c18600, 0x26664000)
 compacting perm gen  total 122880K, used 70308K [0x3cc00000, 0x44400000, 0x49400000)
   the space 122880K,  57% used [0x3cc00000, 0x410a9178, 0x410a9200, 0x44400000)
No shared spaces configured.
}
Event: 3388.407 GC heap before
{Heap before GC invocations=341 (full 7):
 def new generation   total 112320K, used 103173K [0x04800000, 0x0c1d0000, 0x17400000)
  eden space 99904K, 100% used [0x04800000, 0x0a990000, 0x0a990000)
  from space 12416K,  26% used [0x0a990000, 0x0acc1778, 0x0b5b0000)
  to   space 12416K,   0% used [0x0b5b0000, 0x0b5b0000, 0x0c1d0000)
 tenured generation   total 248208K, used 204897K [0x17400000, 0x26664000, 0x3cc00000)
   the space 248208K,  82% used [0x17400000, 0x23c185e8, 0x23c18600, 0x26664000)
 compacting perm gen  total 122880K, used 70308K [0x3cc00000, 0x44400000, 0x49400000)
   the space 122880K,  57% used [0x3cc00000, 0x410a9178, 0x410a9200, 0x44400000)
No shared spaces configured.
Event: 3388.416 GC heap after
Heap after GC invocations=342 (full 7):
 def new generation   total 112320K, used 3043K [0x04800000, 0x0c1d0000, 0x17400000)
  eden space 99904K,   0% used [0x04800000, 0x04800000, 0x0a990000)
  from space 12416K,  24% used [0x0b5b0000, 0x0b8a8c60, 0x0c1d0000)
  to   space 12416K,   0% used [0x0a990000, 0x0a990000, 0x0b5b0000)
 tenured generation   total 248208K, used 204905K [0x17400000, 0x26664000, 0x3cc00000)
   the space 248208K,  82% used [0x17400000, 0x23c1a500, 0x23c1a600, 0x26664000)
 compacting perm gen  total 122880K, used 70308K [0x3cc00000, 0x44400000, 0x49400000)
   the space 122880K,  57% used [0x3cc00000, 0x410a9178, 0x410a9200, 0x44400000)
No shared spaces configured.
}
Event: 3449.448 GC heap before
{Heap before GC invocations=342 (full 7):
 def new generation   total 112320K, used 102947K [0x04800000, 0x0c1d0000, 0x17400000)
  eden space 99904K, 100% used [0x04800000, 0x0a990000, 0x0a990000)
  from space 12416K,  24% used [0x0b5b0000, 0x0b8a8c60, 0x0c1d0000)
  to   space 12416K,   0% used [0x0a990000, 0x0a990000, 0x0b5b0000)
 tenured generation   total 248208K, used 204905K [0x17400000, 0x26664000, 0x3cc00000)
   the space 248208K,  82% used [0x17400000, 0x23c1a500, 0x23c1a600, 0x26664000)
 compacting perm gen  total 122880K, used 70308K [0x3cc00000, 0x44400000, 0x49400000)
   the space 122880K,  57% used [0x3cc00000, 0x410a9178, 0x410a9200, 0x44400000)
No shared spaces configured.
Event: 3449.457 GC heap after
Heap after GC invocations=343 (full 7):
 def new generation   total 112320K, used 2784K [0x04800000, 0x0c1d0000, 0x17400000)
  eden space 99904K,   0% used [0x04800000, 0x04800000, 0x0a990000)
  from space 12416K,  22% used [0x0a990000, 0x0ac48298, 0x0b5b0000)
  to   space 12416K,   0% used [0x0b5b0000, 0x0b5b0000, 0x0c1d0000)
 tenured generation   total 248208K, used 204913K [0x17400000, 0x26664000, 0x3cc00000)
   the space 248208K,  82% used [0x17400000, 0x23c1c4b8, 0x23c1c600, 0x26664000)
 compacting perm gen  total 122880K, used 70308K [0x3cc00000, 0x44400000, 0x49400000)
   the space 122880K,  57% used [0x3cc00000, 0x410a9178, 0x410a9200, 0x44400000)
No shared spaces configured.
}

Deoptimization events (0 events):
No events

Internal exceptions (10 events):
Event: 3556.027 Thread 0x4c5e4400 Threw 0x0771e2b8 at C:\re\jdk7u67\1368\hotspot\src\share\vm\prims\jni.cpp:743
Event: 3556.142 Thread 0x4c5e3c00 Threw 0x0771d360 at C:\re\jdk7u67\1368\hotspot\src\share\vm\prims\jni.cpp:743
Event: 3556.225 Thread 0x4d4a1c00 Threw 0x076f0188 at C:\re\jdk7u67\1368\hotspot\src\share\vm\prims\jni.cpp:743
Event: 3556.527 Thread 0x4c5e4400 Threw 0x0771e5b0 at C:\re\jdk7u67\1368\hotspot\src\share\vm\prims\jni.cpp:743
Event: 3556.642 Thread 0x4c5e3c00 Threw 0x07744e10 at C:\re\jdk7u67\1368\hotspot\src\share\vm\prims\jni.cpp:743
Event: 3556.725 Thread 0x4d4a1c00 Threw 0x076f0308 at C:\re\jdk7u67\1368\hotspot\src\share\vm\prims\jni.cpp:743
Event: 3557.027 Thread 0x4c5e4400 Threw 0x0774d048 at C:\re\jdk7u67\1368\hotspot\src\share\vm\prims\jni.cpp:743
Event: 3557.142 Thread 0x4c5e3c00 Threw 0x07745318 at C:\re\jdk7u67\1368\hotspot\src\share\vm\prims\jni.cpp:743
Event: 3557.225 Thread 0x4d4a1c00 Threw 0x0774d890 at C:\re\jdk7u67\1368\hotspot\src\share\vm\prims\jni.cpp:743
Event: 3557.289 Thread 0x4d531c00 Threw 0x0778c470 at C:\re\jdk7u67\1368\hotspot\src\share\vm\prims\jni.cpp:743

Events (10 events):
Event: 3557.289 Thread 0x4d531c00 DEOPT PACKING pc=0x036821fc sp=0x51c0f150
Event: 3557.289 Thread 0x4d531c00 DEOPT UNPACKING pc=0x027fdfce sp=0x51c0f00c mode 1
Event: 3557.289 Thread 0x4d531c00 DEOPT PACKING pc=0x036bf104 sp=0x51c0f1b0
Event: 3557.289 Thread 0x4d531c00 DEOPT UNPACKING pc=0x027fdfce sp=0x51c0f040 mode 1
Event: 3557.289 Thread 0x4d531c00 DEOPT PACKING pc=0x03742c6c sp=0x51c0f1e0
Event: 3557.289 Thread 0x4d531c00 DEOPT UNPACKING pc=0x027fdfce sp=0x51c0f0fc mode 1
Event: 3557.289 Thread 0x4d531c00 DEOPT PACKING pc=0x036e7364 sp=0x51c0f2c0
Event: 3557.289 Thread 0x4d531c00 DEOPT UNPACKING pc=0x027fdfce sp=0x51c0f2ac mode 1
Event: 3557.290 Thread 0x4d531c00 Thread exited: 0x4d531c00
Event: 3557.290 Executing VM operation: RevokeBias


Dynamic libraries:
0x013a0000 - 0x013cf000 	F:\tools\jdk1.7\bin\javaw.exe
0x76fc0000 - 0x77140000 	C:\Windows\SysWOW64\ntdll.dll
0x765f0000 - 0x76700000 	C:\Windows\syswow64\kernel32.dll
0x76710000 - 0x76757000 	C:\Windows\syswow64\KERNELBASE.dll
0x76540000 - 0x765e1000 	C:\Windows\syswow64\ADVAPI32.dll
0x75cf0000 - 0x75d9c000 	C:\Windows\syswow64\msvcrt.dll
0x75ee0000 - 0x75ef9000 	C:\Windows\SysWOW64\sechost.dll
0x761c0000 - 0x762b0000 	C:\Windows\syswow64\RPCRT4.dll
0x74ac0000 - 0x74b20000 	C:\Windows\syswow64\SspiCli.dll
0x74ab0000 - 0x74abc000 	C:\Windows\syswow64\CRYPTBASE.dll
0x76800000 - 0x76900000 	C:\Windows\syswow64\USER32.dll
0x75ff0000 - 0x76080000 	C:\Windows\syswow64\GDI32.dll
0x76f90000 - 0x76f9a000 	C:\Windows\syswow64\LPK.dll
0x76950000 - 0x769ed000 	C:\Windows\syswow64\USP10.dll
0x71480000 - 0x7161e000 	C:\Windows\WinSxS\x86_microsoft.windows.common-controls_6595b64144ccf1df_6.0.7601.18837_none_41e855142bd5705d\COMCTL32.dll
0x75f90000 - 0x75fe7000 	C:\Windows\syswow64\SHLWAPI.dll
0x76790000 - 0x767f0000 	C:\Windows\system32\IMM32.DLL
0x762b0000 - 0x7637d000 	C:\Windows\syswow64\MSCTF.dll
0x708b0000 - 0x708e8000 	C:\Windows\SysWOW64\nvinit.dll
0x5bd70000 - 0x5be2f000 	F:\tools\jdk1.7\jre\bin\msvcr100.dll
0x51590000 - 0x51918000 	F:\tools\jdk1.7\jre\bin\client\jvm.dll
0x71820000 - 0x71827000 	C:\Windows\system32\WSOCK32.dll
0x75cb0000 - 0x75ce5000 	C:\Windows\syswow64\WS2_32.dll
0x76700000 - 0x76706000 	C:\Windows\syswow64\NSI.dll
0x74230000 - 0x74262000 	C:\Windows\system32\WINMM.dll
0x767f0000 - 0x767f5000 	C:\Windows\syswow64\PSAPI.DLL
0x6dce0000 - 0x6dcec000 	F:\tools\jdk1.7\jre\bin\verify.dll
0x6dcc0000 - 0x6dce0000 	F:\tools\jdk1.7\jre\bin\java.dll
0x5cfb0000 - 0x5cfda000 	F:\tools\jdk1.7\jre\bin\jdwp.dll
0x6dcf0000 - 0x6dcf7000 	F:\tools\jdk1.7\jre\bin\npt.dll
0x6dca0000 - 0x6dcb3000 	F:\tools\jdk1.7\jre\bin\zip.dll
0x66f00000 - 0x66f08000 	F:\tools\jdk1.7\jre\bin\dt_socket.dll
0x6fa60000 - 0x6fa70000 	C:\Windows\system32\NLAapi.dll
0x6fa50000 - 0x6fa60000 	C:\Windows\system32\napinsp.dll
0x6fa30000 - 0x6fa42000 	C:\Windows\system32\pnrpnsp.dll
0x71420000 - 0x7145c000 	C:\Windows\System32\mswsock.dll
0x71ed0000 - 0x71f14000 	C:\Windows\system32\DNSAPI.dll
0x6fa20000 - 0x6fa28000 	C:\Windows\System32\winrnr.dll
0x6fa10000 - 0x6fa1d000 	C:\Windows\system32\wshbth.dll
0x74740000 - 0x7475c000 	C:\Windows\system32\IPHLPAPI.DLL
0x74730000 - 0x74737000 	C:\Windows\system32\WINNSI.DLL
0x70510000 - 0x70548000 	C:\Windows\System32\fwpuclnt.dll
0x70550000 - 0x70556000 	C:\Windows\system32\rasadhlp.dll
0x70570000 - 0x70575000 	C:\Windows\System32\wshtcpip.dll
0x5c970000 - 0x5c984000 	F:\tools\jdk1.7\jre\bin\net.dll
0x70560000 - 0x70566000 	C:\Windows\System32\wship6.dll
0x66ba0000 - 0x66baf000 	F:\tools\jdk1.7\jre\bin\nio.dll
0x60600000 - 0x6060a000 	F:\tools\jdk1.7\jre\bin\management.dll
0x5c940000 - 0x5c951000 	F:\workspaceNMS_new\opennms-1.10.12-1\opennms-full-assembly\target\opennms-1.10.12\lib\jicmp.dll
0x5c560000 - 0x5c571000 	F:\workspaceNMS_new\opennms-1.10.12-1\opennms-full-assembly\target\opennms-1.10.12\lib\jicmp6.dll
0x6fbb0000 - 0x6fbc6000 	C:\Windows\system32\CRYPTSP.dll
0x6fb70000 - 0x6fbab000 	C:\Windows\system32\rsaenh.dll
0x748c0000 - 0x748d7000 	C:\Windows\system32\USERENV.dll
0x748b0000 - 0x748bb000 	C:\Windows\system32\profapi.dll
0x74210000 - 0x74222000 	C:\Windows\system32\dhcpcsvc.DLL
0x71660000 - 0x7166d000 	C:\Windows\system32\dhcpcsvc6.DLL
0x5c540000 - 0x5c560000 	F:\tools\jdk1.7\jre\bin\sunec.dll
0x5cfa0000 - 0x5cfa9000 	F:\tools\jdk1.7\jre\bin\sunmscapi.dll
0x75dc0000 - 0x75ee0000 	C:\Windows\syswow64\CRYPT32.dll
0x74bb0000 - 0x74bbc000 	C:\Windows\syswow64\MSASN1.dll
0x50ce0000 - 0x50d39000 	F:\workspaceNMS_new\opennms-1.10.12-1\opennms-full-assembly\target\opennms-1.10.12\lib\sigar-x86-winnt.dll
0x67b70000 - 0x67bac000 	C:\Windows\system32\pdh.dll
0x74e00000 - 0x75a4b000 	C:\Windows\syswow64\SHELL32.dll
0x748f0000 - 0x748f9000 	C:\Windows\system32\VERSION.dll
0x747a0000 - 0x747b1000 	C:\Windows\system32\NETAPI32.dll
0x74790000 - 0x74799000 	C:\Windows\system32\netutils.dll
0x74770000 - 0x74789000 	C:\Windows\system32\srvcli.dll
0x74760000 - 0x7476f000 	C:\Windows\system32\wkscli.dll
0x76380000 - 0x764dd000 	C:\Windows\syswow64\ole32.dll
0x769f0000 - 0x76a81000 	C:\Windows\syswow64\OLEAUT32.dll
0x6fa70000 - 0x6fa79000 	C:\Windows\System32\perfos.dll
0x6f8a0000 - 0x6f8ab000 	C:\Windows\System32\perfproc.dll
0x6ff40000 - 0x7002b000 	C:\Windows\system32\dbghelp.dll

VM Arguments:
jvm_args: -agentlib:jdwp=transport=dt_socket,suspend=y,address=localhost:55357 -Xmx1000m -XX:PermSize=120m -XX:MaxPermSize=200m -Xmx900m -XX:PermSize=120m -XX:MaxPermSize=200m -Dfile.encoding=UTF-8 
java_command: org.opennms.bootstrap.Bootstrap -Djavax.net.ssl.trustStore=F:\workspaceNMS_new\opennms-1.10.12-1\opennms-full-assembly\target\opennms-1.10.12\etc\hyperic.keystore
Launcher Type: SUN_STANDARD

Environment Variables:
JAVA_HOME=F:\tools\jdk1.7
PATH=C:/Program Files (x86)/Java/jre1.8.0_60/bin/client;C:/Program Files (x86)/Java/jre1.8.0_60/bin;C:/Program Files (x86)/Java/jre1.8.0_60/lib/i386;C:\ProgramData\Oracle\Java\javapath;C:\Program Files (x86)\netapp\\..\..\..\pegasus\bin;C:\Program Files\Broadcom\Broadcom 802.11 Network Adapter\Driver;;;C:\Program Files (x86)\Intel\iCLS Client\;C:\Program Files\Intel\iCLS Client\;C:\Windows\system32;C:\Windows;C:\Windows\System32\Wbem;C:\Windows\System32\WindowsPowerShell\v1.0\;C:\Program Files (x86)\Intel\OpenCL SDK\2.0\bin\x86;C:\Program Files (x86)\Intel\OpenCL SDK\2.0\bin\x64;C:\Program Files\Intel\Intel(R) Management Engine Components\DAL;C:\Program Files\Intel\Intel(R) Management Engine Components\IPT;C:\Program Files (x86)\Intel\Intel(R) Management Engine Components\DAL;C:\Program Files (x86)\Intel\Intel(R) Management Engine Components\IPT;C:\Program Files\ThinkPad\Bluetooth Software\;C:\Program Files\ThinkPad\Bluetooth Software\syswow64;C:\Program Files (x86)\Rational\common;C:\Program Files (x86)\Common Files\Thunder Network\KanKan\Codecs;F:\tools\jdk1.7\bin;F:\tools\jdk1.7\jre\bin;D:\hadoop-2.5.2\bin;C:\Program Files (x86)\scala\bin;F:\tools\sts\sts-2.9.2.RELEASE;
USERNAME=admin
OS=Windows_NT
PROCESSOR_IDENTIFIER=Intel64 Family 6 Model 58 Stepping 9, GenuineIntel



---------------  S Y S T E M  ---------------

OS: Windows 7 , 64 bit Build 7601 Service Pack 1

CPU:total 4 (2 cores per cpu, 2 threads per core) family 6 model 58 stepping 9, cmov, cx8, fxsr, mmx, sse, sse2, sse3, ssse3, sse4.1, sse4.2, popcnt, avx, aes, erms, ht, tsc, tscinvbit, tscinv

Memory: 4k page, physical 7953876k(2683836k free), swap 15905892k(10173292k free)

vm_info: Java HotSpot(TM) Client VM (24.65-b04) for windows-x86 JRE (1.7.0_67-b01), built on Jul 25 2014 10:20:53 by "java_re" with unknown MS VC++:1600

time: Sun Jul 23 12:38:14 2017
elapsed time: 3557 seconds

