2017-09-26 23:19:11,549 WARN  [CollectdScheduler-50 Pool-fiber0] org.apache.commons.jexl2.JexlEngine: org.opennms.netmgt.threshd.ExpressionConfigWrapper.<init>@107![0,10]: 'ifInErrors + ifOutErrors;' undefined variable ifInErrors
2017-09-26 23:19:11,549 WARN  [CollectdScheduler-50 Pool-fiber0] org.apache.commons.jexl2.JexlEngine: org.opennms.netmgt.threshd.ExpressionConfigWrapper.<init>@107![13,24]: 'ifInErrors + ifOutErrors;' undefined variable ifOutErrors
2017-09-26 23:19:11,549 WARN  [CollectdScheduler-50 Pool-fiber0] org.apache.commons.jexl2.JexlEngine: org.opennms.netmgt.threshd.ExpressionConfigWrapper.<init>@107![0,12]: 'ifInDiscards + ifOutDiscards;' undefined variable ifInDiscards
2017-09-26 23:19:11,550 WARN  [CollectdScheduler-50 Pool-fiber0] org.apache.commons.jexl2.JexlEngine: org.opennms.netmgt.threshd.ExpressionConfigWrapper.<init>@107![15,28]: 'ifInDiscards + ifOutDiscards;' undefined variable ifOutDiscards
2017-09-26 23:19:11,550 WARN  [CollectdScheduler-50 Pool-fiber0] org.apache.commons.jexl2.JexlEngine: org.opennms.netmgt.threshd.ExpressionConfigWrapper.<init>@107![0,10]: 'ifInOctets * 8 / 1000000 / ifHighSpeed * 100;' undefined variable ifInOctets
2017-09-26 23:19:11,550 WARN  [CollectdScheduler-50 Pool-fiber0] org.apache.commons.jexl2.JexlEngine: org.opennms.netmgt.threshd.ExpressionConfigWrapper.<init>@107![27,38]: 'ifInOctets * 8 / 1000000 / ifHighSpeed * 100;' undefined variable ifHighSpeed
2017-09-26 23:19:11,551 WARN  [CollectdScheduler-50 Pool-fiber0] org.apache.commons.jexl2.JexlEngine: org.opennms.netmgt.threshd.ExpressionConfigWrapper.<init>@107![0,11]: 'ifOutOctets * 8 / 1000000 / ifHighSpeed * 100;' undefined variable ifOutOctets
2017-09-26 23:19:11,551 WARN  [CollectdScheduler-50 Pool-fiber0] org.apache.commons.jexl2.JexlEngine: org.opennms.netmgt.threshd.ExpressionConfigWrapper.<init>@107![28,39]: 'ifOutOctets * 8 / 1000000 / ifHighSpeed * 100;' undefined variable ifHighSpeed
2017-09-26 23:19:11,552 WARN  [CollectdScheduler-50 Pool-fiber0] org.apache.commons.jexl2.JexlEngine: org.opennms.netmgt.threshd.ExpressionConfigWrapper.<init>@107![0,13]: 'hrStorageUsed / hrStorageSize * 100.0;' undefined variable hrStorageUsed
2017-09-26 23:19:11,552 WARN  [CollectdScheduler-50 Pool-fiber0] org.apache.commons.jexl2.JexlEngine: org.opennms.netmgt.threshd.ExpressionConfigWrapper.<init>@107![16,29]: 'hrStorageUsed / hrStorageSize * 100.0;' undefined variable hrStorageSize
2017-09-26 23:19:11,552 WARN  [CollectdScheduler-50 Pool-fiber0] org.apache.commons.jexl2.JexlEngine: org.opennms.netmgt.threshd.ExpressionConfigWrapper.<init>@107![0,13]: 'hrStorageUsed / hrStorageSize * 100.0;' undefined variable hrStorageUsed
2017-09-26 23:19:11,552 WARN  [CollectdScheduler-50 Pool-fiber0] org.apache.commons.jexl2.JexlEngine: org.opennms.netmgt.threshd.ExpressionConfigWrapper.<init>@107![16,29]: 'hrStorageUsed / hrStorageSize * 100.0;' undefined variable hrStorageSize
2017-09-27 00:00:43,120 WARN  [CollectdScheduler-50 Pool-fiber0] org.apache.commons.jexl2.JexlEngine: org.opennms.netmgt.threshd.ExpressionConfigWrapper.<init>@107![0,10]: 'ifInErrors + ifOutErrors;' undefined variable ifInErrors
2017-09-27 00:00:44,064 WARN  [CollectdScheduler-50 Pool-fiber0] org.apache.commons.jexl2.JexlEngine: org.opennms.netmgt.threshd.ExpressionConfigWrapper.<init>@107![13,24]: 'ifInErrors + ifOutErrors;' undefined variable ifOutErrors
2017-09-27 00:00:44,065 WARN  [CollectdScheduler-50 Pool-fiber0] org.apache.commons.jexl2.JexlEngine: org.opennms.netmgt.threshd.ExpressionConfigWrapper.<init>@107![0,12]: 'ifInDiscards + ifOutDiscards;' undefined variable ifInDiscards
2017-09-27 00:00:44,065 WARN  [CollectdScheduler-50 Pool-fiber0] org.apache.commons.jexl2.JexlEngine: org.opennms.netmgt.threshd.ExpressionConfigWrapper.<init>@107![15,28]: 'ifInDiscards + ifOutDiscards;' undefined variable ifOutDiscards
2017-09-27 00:00:44,066 WARN  [CollectdScheduler-50 Pool-fiber0] org.apache.commons.jexl2.JexlEngine: org.opennms.netmgt.threshd.ExpressionConfigWrapper.<init>@107![0,10]: 'ifInOctets * 8 / 1000000 / ifHighSpeed * 100;' undefined variable ifInOctets
2017-09-27 00:00:44,066 WARN  [CollectdScheduler-50 Pool-fiber0] org.apache.commons.jexl2.JexlEngine: org.opennms.netmgt.threshd.ExpressionConfigWrapper.<init>@107![27,38]: 'ifInOctets * 8 / 1000000 / ifHighSpeed * 100;' undefined variable ifHighSpeed
2017-09-27 00:00:44,067 WARN  [CollectdScheduler-50 Pool-fiber0] org.apache.commons.jexl2.JexlEngine: org.opennms.netmgt.threshd.ExpressionConfigWrapper.<init>@107![0,11]: 'ifOutOctets * 8 / 1000000 / ifHighSpeed * 100;' undefined variable ifOutOctets
2017-09-27 00:00:44,067 WARN  [CollectdScheduler-50 Pool-fiber0] org.apache.commons.jexl2.JexlEngine: org.opennms.netmgt.threshd.ExpressionConfigWrapper.<init>@107![28,39]: 'ifOutOctets * 8 / 1000000 / ifHighSpeed * 100;' undefined variable ifHighSpeed
2017-09-27 00:00:44,068 WARN  [CollectdScheduler-50 Pool-fiber0] org.apache.commons.jexl2.JexlEngine: org.opennms.netmgt.threshd.ExpressionConfigWrapper.<init>@107![0,13]: 'hrStorageUsed / hrStorageSize * 100.0;' undefined variable hrStorageUsed
2017-09-27 00:00:44,068 WARN  [CollectdScheduler-50 Pool-fiber0] org.apache.commons.jexl2.JexlEngine: org.opennms.netmgt.threshd.ExpressionConfigWrapper.<init>@107![16,29]: 'hrStorageUsed / hrStorageSize * 100.0;' undefined variable hrStorageSize
2017-09-27 00:00:44,068 WARN  [CollectdScheduler-50 Pool-fiber0] org.apache.commons.jexl2.JexlEngine: org.opennms.netmgt.threshd.ExpressionConfigWrapper.<init>@107![0,13]: 'hrStorageUsed / hrStorageSize * 100.0;' undefined variable hrStorageUsed
2017-09-27 00:00:44,068 WARN  [CollectdScheduler-50 Pool-fiber0] org.apache.commons.jexl2.JexlEngine: org.opennms.netmgt.threshd.ExpressionConfigWrapper.<init>@107![16,29]: 'hrStorageUsed / hrStorageSize * 100.0;' undefined variable hrStorageSize
2017-09-27 00:03:36,481 WARN  [CollectdScheduler-50 Pool-fiber0] org.apache.commons.jexl2.JexlEngine: org.opennms.netmgt.threshd.ExpressionConfigWrapper.<init>@107![0,10]: 'ifInErrors + ifOutErrors;' undefined variable ifInErrors
2017-09-27 00:03:36,481 WARN  [CollectdScheduler-50 Pool-fiber0] org.apache.commons.jexl2.JexlEngine: org.opennms.netmgt.threshd.ExpressionConfigWrapper.<init>@107![13,24]: 'ifInErrors + ifOutErrors;' undefined variable ifOutErrors
2017-09-27 00:03:36,482 WARN  [CollectdScheduler-50 Pool-fiber0] org.apache.commons.jexl2.JexlEngine: org.opennms.netmgt.threshd.ExpressionConfigWrapper.<init>@107![0,12]: 'ifInDiscards + ifOutDiscards;' undefined variable ifInDiscards
2017-09-27 00:03:36,482 WARN  [CollectdScheduler-50 Pool-fiber0] org.apache.commons.jexl2.JexlEngine: org.opennms.netmgt.threshd.ExpressionConfigWrapper.<init>@107![15,28]: 'ifInDiscards + ifOutDiscards;' undefined variable ifOutDiscards
2017-09-27 00:03:36,486 WARN  [CollectdScheduler-50 Pool-fiber0] org.apache.commons.jexl2.JexlEngine: org.opennms.netmgt.threshd.ExpressionConfigWrapper.<init>@107![0,10]: 'ifInOctets * 8 / 1000000 / ifHighSpeed * 100;' undefined variable ifInOctets
2017-09-27 00:03:36,487 WARN  [CollectdScheduler-50 Pool-fiber0] org.apache.commons.jexl2.JexlEngine: org.opennms.netmgt.threshd.ExpressionConfigWrapper.<init>@107![27,38]: 'ifInOctets * 8 / 1000000 / ifHighSpeed * 100;' undefined variable ifHighSpeed
2017-09-27 00:03:36,487 WARN  [CollectdScheduler-50 Pool-fiber0] org.apache.commons.jexl2.JexlEngine: org.opennms.netmgt.threshd.ExpressionConfigWrapper.<init>@107![0,11]: 'ifOutOctets * 8 / 1000000 / ifHighSpeed * 100;' undefined variable ifOutOctets
2017-09-27 00:03:36,488 WARN  [CollectdScheduler-50 Pool-fiber0] org.apache.commons.jexl2.JexlEngine: org.opennms.netmgt.threshd.ExpressionConfigWrapper.<init>@107![28,39]: 'ifOutOctets * 8 / 1000000 / ifHighSpeed * 100;' undefined variable ifHighSpeed
2017-09-27 00:03:36,489 WARN  [CollectdScheduler-50 Pool-fiber0] org.apache.commons.jexl2.JexlEngine: org.opennms.netmgt.threshd.ExpressionConfigWrapper.<init>@107![0,13]: 'hrStorageUsed / hrStorageSize * 100.0;' undefined variable hrStorageUsed
2017-09-27 00:03:36,489 WARN  [CollectdScheduler-50 Pool-fiber0] org.apache.commons.jexl2.JexlEngine: org.opennms.netmgt.threshd.ExpressionConfigWrapper.<init>@107![16,29]: 'hrStorageUsed / hrStorageSize * 100.0;' undefined variable hrStorageSize
2017-09-27 00:03:36,493 WARN  [CollectdScheduler-50 Pool-fiber0] org.apache.commons.jexl2.JexlEngine: org.opennms.netmgt.threshd.ExpressionConfigWrapper.<init>@107![0,13]: 'hrStorageUsed / hrStorageSize * 100.0;' undefined variable hrStorageUsed
2017-09-27 00:03:36,493 WARN  [CollectdScheduler-50 Pool-fiber0] org.apache.commons.jexl2.JexlEngine: org.opennms.netmgt.threshd.ExpressionConfigWrapper.<init>@107![16,29]: 'hrStorageUsed / hrStorageSize * 100.0;' undefined variable hrStorageSize
