2017-09-26 23:19:03,163 WARN  [PollerScheduler-30 Pool-fiber2] HttpMonitor: Connection exception for /127.0.0.1:80
java.net.ConnectException: Connection refused: connect
	at java.net.DualStackPlainSocketImpl.waitForConnect(Native Method)
	at java.net.DualStackPlainSocketImpl.socketConnect(DualStackPlainSocketImpl.java:85)
	at java.net.AbstractPlainSocketImpl.doConnect(AbstractPlainSocketImpl.java:339)
	at java.net.AbstractPlainSocketImpl.connectToAddress(AbstractPlainSocketImpl.java:200)
	at java.net.AbstractPlainSocketImpl.connect(AbstractPlainSocketImpl.java:182)
	at java.net.PlainSocketImpl.connect(PlainSocketImpl.java:172)
	at java.net.SocksSocketImpl.connect(SocksSocketImpl.java:392)
	at java.net.Socket.connect(Socket.java:579)
	at org.opennms.netmgt.poller.monitors.HttpMonitor$HttpMonitorClient.connect(HttpMonitor.java:420)
	at org.opennms.netmgt.poller.monitors.HttpMonitor$HttpMonitorClient.access$0(HttpMonitor.java:418)
	at org.opennms.netmgt.poller.monitors.HttpMonitor.poll(HttpMonitor.java:148)
	at org.opennms.netmgt.poller.pollables.LatencyStoringServiceMonitorAdaptor.poll(LatencyStoringServiceMonitorAdaptor.java:104)
	at org.opennms.netmgt.poller.pollables.PollableServiceConfig.poll(PollableServiceConfig.java:109)
	at org.opennms.netmgt.poller.pollables.PollableService.poll(PollableService.java:178)
	at org.opennms.netmgt.poller.pollables.PollableElement.poll(PollableElement.java:292)
	at org.opennms.netmgt.poller.pollables.PollableContainer$5.run(PollableContainer.java:305)
	at java.util.concurrent.Executors$RunnableAdapter.call(Executors.java:471)
	at org.opennms.netmgt.poller.pollables.PollableElement.withTreeLock(PollableElement.java:263)
	at org.opennms.netmgt.poller.pollables.PollableElement.withTreeLock(PollableElement.java:249)
	at org.opennms.netmgt.poller.pollables.PollableElement.withTreeLock(PollableElement.java:227)
	at org.opennms.netmgt.poller.pollables.PollableContainer.poll(PollableContainer.java:312)
	at org.opennms.netmgt.poller.pollables.PollableInterface.poll(PollableInterface.java:205)
	at org.opennms.netmgt.poller.pollables.PollableContainer$5.run(PollableContainer.java:305)
	at java.util.concurrent.Executors$RunnableAdapter.call(Executors.java:471)
	at org.opennms.netmgt.poller.pollables.PollableElement.withTreeLock(PollableElement.java:263)
	at org.opennms.netmgt.poller.pollables.PollableElement.withTreeLock(PollableElement.java:249)
	at org.opennms.netmgt.poller.pollables.PollableElement.withTreeLock(PollableElement.java:227)
	at org.opennms.netmgt.poller.pollables.PollableContainer.poll(PollableContainer.java:312)
	at org.opennms.netmgt.poller.pollables.PollableNode$3.run(PollableNode.java:303)
	at java.util.concurrent.Executors$RunnableAdapter.call(Executors.java:471)
	at org.opennms.netmgt.poller.pollables.PollableElement.withTreeLock(PollableElement.java:263)
	at org.opennms.netmgt.poller.pollables.PollableElement.withTreeLock(PollableElement.java:249)
	at org.opennms.netmgt.poller.pollables.PollableElement.withTreeLock(PollableElement.java:227)
	at org.opennms.netmgt.poller.pollables.PollableNode.doPoll(PollableNode.java:306)
	at org.opennms.netmgt.poller.pollables.PollableElement.doPoll(PollableElement.java:183)
	at org.opennms.netmgt.poller.pollables.PollableService.doPoll(PollableService.java:211)
	at org.opennms.netmgt.poller.pollables.PollableService$PollRunner.run(PollableService.java:57)
	at java.util.concurrent.Executors$RunnableAdapter.call(Executors.java:471)
	at org.opennms.netmgt.poller.pollables.PollableElement.withTreeLock(PollableElement.java:263)
	at org.opennms.netmgt.poller.pollables.PollableElement.withTreeLock(PollableElement.java:249)
	at org.opennms.netmgt.poller.pollables.PollableService.doRun(PollableService.java:383)
	at org.opennms.netmgt.poller.pollables.PollableService.run(PollableService.java:364)
	at org.opennms.netmgt.scheduler.Schedule.run(Schedule.java:135)
	at org.opennms.netmgt.scheduler.Schedule$ScheduleEntry.run(Schedule.java:80)
	at org.opennms.netmgt.scheduler.LegacyScheduler$1.run(LegacyScheduler.java:287)
	at org.opennms.core.concurrent.RunnableConsumerThreadPool$FiberThreadImpl.run(RunnableConsumerThreadPool.java:419)
	at java.lang.Thread.run(Thread.java:745)
2017-09-26 23:19:04,195 WARN  [PollerScheduler-30 Pool-fiber2] HttpMonitor: Connection exception for /127.0.0.1:80
java.net.ConnectException: Connection refused: connect
	at java.net.DualStackPlainSocketImpl.waitForConnect(Native Method)
	at java.net.DualStackPlainSocketImpl.socketConnect(DualStackPlainSocketImpl.java:85)
	at java.net.AbstractPlainSocketImpl.doConnect(AbstractPlainSocketImpl.java:339)
	at java.net.AbstractPlainSocketImpl.connectToAddress(AbstractPlainSocketImpl.java:200)
	at java.net.AbstractPlainSocketImpl.connect(AbstractPlainSocketImpl.java:182)
	at java.net.PlainSocketImpl.connect(PlainSocketImpl.java:172)
	at java.net.SocksSocketImpl.connect(SocksSocketImpl.java:392)
	at java.net.Socket.connect(Socket.java:579)
	at org.opennms.netmgt.poller.monitors.HttpMonitor$HttpMonitorClient.connect(HttpMonitor.java:420)
	at org.opennms.netmgt.poller.monitors.HttpMonitor$HttpMonitorClient.access$0(HttpMonitor.java:418)
	at org.opennms.netmgt.poller.monitors.HttpMonitor.poll(HttpMonitor.java:148)
	at org.opennms.netmgt.poller.pollables.LatencyStoringServiceMonitorAdaptor.poll(LatencyStoringServiceMonitorAdaptor.java:104)
	at org.opennms.netmgt.poller.pollables.PollableServiceConfig.poll(PollableServiceConfig.java:109)
	at org.opennms.netmgt.poller.pollables.PollableService.poll(PollableService.java:178)
	at org.opennms.netmgt.poller.pollables.PollableElement.poll(PollableElement.java:292)
	at org.opennms.netmgt.poller.pollables.PollableContainer$5.run(PollableContainer.java:305)
	at java.util.concurrent.Executors$RunnableAdapter.call(Executors.java:471)
	at org.opennms.netmgt.poller.pollables.PollableElement.withTreeLock(PollableElement.java:263)
	at org.opennms.netmgt.poller.pollables.PollableElement.withTreeLock(PollableElement.java:249)
	at org.opennms.netmgt.poller.pollables.PollableElement.withTreeLock(PollableElement.java:227)
	at org.opennms.netmgt.poller.pollables.PollableContainer.poll(PollableContainer.java:312)
	at org.opennms.netmgt.poller.pollables.PollableInterface.poll(PollableInterface.java:205)
	at org.opennms.netmgt.poller.pollables.PollableContainer$5.run(PollableContainer.java:305)
	at java.util.concurrent.Executors$RunnableAdapter.call(Executors.java:471)
	at org.opennms.netmgt.poller.pollables.PollableElement.withTreeLock(PollableElement.java:263)
	at org.opennms.netmgt.poller.pollables.PollableElement.withTreeLock(PollableElement.java:249)
	at org.opennms.netmgt.poller.pollables.PollableElement.withTreeLock(PollableElement.java:227)
	at org.opennms.netmgt.poller.pollables.PollableContainer.poll(PollableContainer.java:312)
	at org.opennms.netmgt.poller.pollables.PollableNode$3.run(PollableNode.java:303)
	at java.util.concurrent.Executors$RunnableAdapter.call(Executors.java:471)
	at org.opennms.netmgt.poller.pollables.PollableElement.withTreeLock(PollableElement.java:263)
	at org.opennms.netmgt.poller.pollables.PollableElement.withTreeLock(PollableElement.java:249)
	at org.opennms.netmgt.poller.pollables.PollableElement.withTreeLock(PollableElement.java:227)
	at org.opennms.netmgt.poller.pollables.PollableNode.doPoll(PollableNode.java:306)
	at org.opennms.netmgt.poller.pollables.PollableElement.doPoll(PollableElement.java:183)
	at org.opennms.netmgt.poller.pollables.PollableService.doPoll(PollableService.java:211)
	at org.opennms.netmgt.poller.pollables.PollableService$PollRunner.run(PollableService.java:57)
	at java.util.concurrent.Executors$RunnableAdapter.call(Executors.java:471)
	at org.opennms.netmgt.poller.pollables.PollableElement.withTreeLock(PollableElement.java:263)
	at org.opennms.netmgt.poller.pollables.PollableElement.withTreeLock(PollableElement.java:249)
	at org.opennms.netmgt.poller.pollables.PollableService.doRun(PollableService.java:383)
	at org.opennms.netmgt.poller.pollables.PollableService.run(PollableService.java:364)
	at org.opennms.netmgt.scheduler.Schedule.run(Schedule.java:135)
	at org.opennms.netmgt.scheduler.Schedule$ScheduleEntry.run(Schedule.java:80)
	at org.opennms.netmgt.scheduler.LegacyScheduler$1.run(LegacyScheduler.java:287)
	at org.opennms.core.concurrent.RunnableConsumerThreadPool$FiberThreadImpl.run(RunnableConsumerThreadPool.java:419)
	at java.lang.Thread.run(Thread.java:745)
2017-09-26 23:19:36,188 WARN  [PollerScheduler-30 Pool-fiber4] HttpMonitor: Connection exception for /127.0.0.1:80
java.net.ConnectException: Connection refused: connect
	at java.net.DualStackPlainSocketImpl.waitForConnect(Native Method)
	at java.net.DualStackPlainSocketImpl.socketConnect(DualStackPlainSocketImpl.java:85)
	at java.net.AbstractPlainSocketImpl.doConnect(AbstractPlainSocketImpl.java:339)
	at java.net.AbstractPlainSocketImpl.connectToAddress(AbstractPlainSocketImpl.java:200)
	at java.net.AbstractPlainSocketImpl.connect(AbstractPlainSocketImpl.java:182)
	at java.net.PlainSocketImpl.connect(PlainSocketImpl.java:172)
	at java.net.SocksSocketImpl.connect(SocksSocketImpl.java:392)
	at java.net.Socket.connect(Socket.java:579)
	at org.opennms.netmgt.poller.monitors.HttpMonitor$HttpMonitorClient.connect(HttpMonitor.java:420)
	at org.opennms.netmgt.poller.monitors.HttpMonitor$HttpMonitorClient.access$0(HttpMonitor.java:418)
	at org.opennms.netmgt.poller.monitors.HttpMonitor.poll(HttpMonitor.java:148)
	at org.opennms.netmgt.poller.pollables.LatencyStoringServiceMonitorAdaptor.poll(LatencyStoringServiceMonitorAdaptor.java:104)
	at org.opennms.netmgt.poller.pollables.PollableServiceConfig.poll(PollableServiceConfig.java:109)
	at org.opennms.netmgt.poller.pollables.PollableService.poll(PollableService.java:178)
	at org.opennms.netmgt.poller.pollables.PollableElement.poll(PollableElement.java:292)
	at org.opennms.netmgt.poller.pollables.PollableContainer$5.run(PollableContainer.java:305)
	at java.util.concurrent.Executors$RunnableAdapter.call(Executors.java:471)
	at org.opennms.netmgt.poller.pollables.PollableElement.withTreeLock(PollableElement.java:263)
	at org.opennms.netmgt.poller.pollables.PollableElement.withTreeLock(PollableElement.java:249)
	at org.opennms.netmgt.poller.pollables.PollableElement.withTreeLock(PollableElement.java:227)
	at org.opennms.netmgt.poller.pollables.PollableContainer.poll(PollableContainer.java:312)
	at org.opennms.netmgt.poller.pollables.PollableInterface.poll(PollableInterface.java:205)
	at org.opennms.netmgt.poller.pollables.PollableContainer$5.run(PollableContainer.java:305)
	at java.util.concurrent.Executors$RunnableAdapter.call(Executors.java:471)
	at org.opennms.netmgt.poller.pollables.PollableElement.withTreeLock(PollableElement.java:263)
	at org.opennms.netmgt.poller.pollables.PollableElement.withTreeLock(PollableElement.java:249)
	at org.opennms.netmgt.poller.pollables.PollableElement.withTreeLock(PollableElement.java:227)
	at org.opennms.netmgt.poller.pollables.PollableContainer.poll(PollableContainer.java:312)
	at org.opennms.netmgt.poller.pollables.PollableNode$3.run(PollableNode.java:303)
	at java.util.concurrent.Executors$RunnableAdapter.call(Executors.java:471)
	at org.opennms.netmgt.poller.pollables.PollableElement.withTreeLock(PollableElement.java:263)
	at org.opennms.netmgt.poller.pollables.PollableElement.withTreeLock(PollableElement.java:249)
	at org.opennms.netmgt.poller.pollables.PollableElement.withTreeLock(PollableElement.java:227)
	at org.opennms.netmgt.poller.pollables.PollableNode.doPoll(PollableNode.java:306)
	at org.opennms.netmgt.poller.pollables.PollableElement.doPoll(PollableElement.java:183)
	at org.opennms.netmgt.poller.pollables.PollableService.doPoll(PollableService.java:211)
	at org.opennms.netmgt.poller.pollables.PollableService$PollRunner.run(PollableService.java:57)
	at java.util.concurrent.Executors$RunnableAdapter.call(Executors.java:471)
	at org.opennms.netmgt.poller.pollables.PollableElement.withTreeLock(PollableElement.java:263)
	at org.opennms.netmgt.poller.pollables.PollableElement.withTreeLock(PollableElement.java:249)
	at org.opennms.netmgt.poller.pollables.PollableService.doRun(PollableService.java:383)
	at org.opennms.netmgt.poller.pollables.PollableService.run(PollableService.java:364)
	at org.opennms.netmgt.scheduler.Schedule.run(Schedule.java:135)
	at org.opennms.netmgt.scheduler.Schedule$ScheduleEntry.run(Schedule.java:80)
	at org.opennms.netmgt.scheduler.LegacyScheduler$1.run(LegacyScheduler.java:287)
	at org.opennms.core.concurrent.RunnableConsumerThreadPool$FiberThreadImpl.run(RunnableConsumerThreadPool.java:419)
	at java.lang.Thread.run(Thread.java:745)
2017-09-26 23:19:37,262 WARN  [PollerScheduler-30 Pool-fiber4] HttpMonitor: Connection exception for /127.0.0.1:80
java.net.ConnectException: Connection refused: connect
	at java.net.DualStackPlainSocketImpl.waitForConnect(Native Method)
	at java.net.DualStackPlainSocketImpl.socketConnect(DualStackPlainSocketImpl.java:85)
	at java.net.AbstractPlainSocketImpl.doConnect(AbstractPlainSocketImpl.java:339)
	at java.net.AbstractPlainSocketImpl.connectToAddress(AbstractPlainSocketImpl.java:200)
	at java.net.AbstractPlainSocketImpl.connect(AbstractPlainSocketImpl.java:182)
	at java.net.PlainSocketImpl.connect(PlainSocketImpl.java:172)
	at java.net.SocksSocketImpl.connect(SocksSocketImpl.java:392)
	at java.net.Socket.connect(Socket.java:579)
	at org.opennms.netmgt.poller.monitors.HttpMonitor$HttpMonitorClient.connect(HttpMonitor.java:420)
	at org.opennms.netmgt.poller.monitors.HttpMonitor$HttpMonitorClient.access$0(HttpMonitor.java:418)
	at org.opennms.netmgt.poller.monitors.HttpMonitor.poll(HttpMonitor.java:148)
	at org.opennms.netmgt.poller.pollables.LatencyStoringServiceMonitorAdaptor.poll(LatencyStoringServiceMonitorAdaptor.java:104)
	at org.opennms.netmgt.poller.pollables.PollableServiceConfig.poll(PollableServiceConfig.java:109)
	at org.opennms.netmgt.poller.pollables.PollableService.poll(PollableService.java:178)
	at org.opennms.netmgt.poller.pollables.PollableElement.poll(PollableElement.java:292)
	at org.opennms.netmgt.poller.pollables.PollableContainer$5.run(PollableContainer.java:305)
	at java.util.concurrent.Executors$RunnableAdapter.call(Executors.java:471)
	at org.opennms.netmgt.poller.pollables.PollableElement.withTreeLock(PollableElement.java:263)
	at org.opennms.netmgt.poller.pollables.PollableElement.withTreeLock(PollableElement.java:249)
	at org.opennms.netmgt.poller.pollables.PollableElement.withTreeLock(PollableElement.java:227)
	at org.opennms.netmgt.poller.pollables.PollableContainer.poll(PollableContainer.java:312)
	at org.opennms.netmgt.poller.pollables.PollableInterface.poll(PollableInterface.java:205)
	at org.opennms.netmgt.poller.pollables.PollableContainer$5.run(PollableContainer.java:305)
	at java.util.concurrent.Executors$RunnableAdapter.call(Executors.java:471)
	at org.opennms.netmgt.poller.pollables.PollableElement.withTreeLock(PollableElement.java:263)
	at org.opennms.netmgt.poller.pollables.PollableElement.withTreeLock(PollableElement.java:249)
	at org.opennms.netmgt.poller.pollables.PollableElement.withTreeLock(PollableElement.java:227)
	at org.opennms.netmgt.poller.pollables.PollableContainer.poll(PollableContainer.java:312)
	at org.opennms.netmgt.poller.pollables.PollableNode$3.run(PollableNode.java:303)
	at java.util.concurrent.Executors$RunnableAdapter.call(Executors.java:471)
	at org.opennms.netmgt.poller.pollables.PollableElement.withTreeLock(PollableElement.java:263)
	at org.opennms.netmgt.poller.pollables.PollableElement.withTreeLock(PollableElement.java:249)
	at org.opennms.netmgt.poller.pollables.PollableElement.withTreeLock(PollableElement.java:227)
	at org.opennms.netmgt.poller.pollables.PollableNode.doPoll(PollableNode.java:306)
	at org.opennms.netmgt.poller.pollables.PollableElement.doPoll(PollableElement.java:183)
	at org.opennms.netmgt.poller.pollables.PollableService.doPoll(PollableService.java:211)
	at org.opennms.netmgt.poller.pollables.PollableService$PollRunner.run(PollableService.java:57)
	at java.util.concurrent.Executors$RunnableAdapter.call(Executors.java:471)
	at org.opennms.netmgt.poller.pollables.PollableElement.withTreeLock(PollableElement.java:263)
	at org.opennms.netmgt.poller.pollables.PollableElement.withTreeLock(PollableElement.java:249)
	at org.opennms.netmgt.poller.pollables.PollableService.doRun(PollableService.java:383)
	at org.opennms.netmgt.poller.pollables.PollableService.run(PollableService.java:364)
	at org.opennms.netmgt.scheduler.Schedule.run(Schedule.java:135)
	at org.opennms.netmgt.scheduler.Schedule$ScheduleEntry.run(Schedule.java:80)
	at org.opennms.netmgt.scheduler.LegacyScheduler$1.run(LegacyScheduler.java:287)
	at org.opennms.core.concurrent.RunnableConsumerThreadPool$FiberThreadImpl.run(RunnableConsumerThreadPool.java:419)
	at java.lang.Thread.run(Thread.java:745)
2017-09-26 23:21:47,257 WARN  [PollerScheduler-30 Pool-fiber5] HttpMonitor: Connection exception for /127.0.0.1:80
java.net.ConnectException: Connection refused: connect
	at java.net.DualStackPlainSocketImpl.waitForConnect(Native Method)
	at java.net.DualStackPlainSocketImpl.socketConnect(DualStackPlainSocketImpl.java:85)
	at java.net.AbstractPlainSocketImpl.doConnect(AbstractPlainSocketImpl.java:339)
	at java.net.AbstractPlainSocketImpl.connectToAddress(AbstractPlainSocketImpl.java:200)
	at java.net.AbstractPlainSocketImpl.connect(AbstractPlainSocketImpl.java:182)
	at java.net.PlainSocketImpl.connect(PlainSocketImpl.java:172)
	at java.net.SocksSocketImpl.connect(SocksSocketImpl.java:392)
	at java.net.Socket.connect(Socket.java:579)
	at org.opennms.netmgt.poller.monitors.HttpMonitor$HttpMonitorClient.connect(HttpMonitor.java:420)
	at org.opennms.netmgt.poller.monitors.HttpMonitor$HttpMonitorClient.access$0(HttpMonitor.java:418)
	at org.opennms.netmgt.poller.monitors.HttpMonitor.poll(HttpMonitor.java:148)
	at org.opennms.netmgt.poller.pollables.LatencyStoringServiceMonitorAdaptor.poll(LatencyStoringServiceMonitorAdaptor.java:104)
	at org.opennms.netmgt.poller.pollables.PollableServiceConfig.poll(PollableServiceConfig.java:109)
	at org.opennms.netmgt.poller.pollables.PollableService.poll(PollableService.java:178)
	at org.opennms.netmgt.poller.pollables.PollableElement.poll(PollableElement.java:292)
	at org.opennms.netmgt.poller.pollables.PollableContainer$5.run(PollableContainer.java:305)
	at java.util.concurrent.Executors$RunnableAdapter.call(Executors.java:471)
	at org.opennms.netmgt.poller.pollables.PollableElement.withTreeLock(PollableElement.java:263)
	at org.opennms.netmgt.poller.pollables.PollableElement.withTreeLock(PollableElement.java:249)
	at org.opennms.netmgt.poller.pollables.PollableElement.withTreeLock(PollableElement.java:227)
	at org.opennms.netmgt.poller.pollables.PollableContainer.poll(PollableContainer.java:312)
	at org.opennms.netmgt.poller.pollables.PollableInterface.poll(PollableInterface.java:205)
	at org.opennms.netmgt.poller.pollables.PollableContainer$5.run(PollableContainer.java:305)
	at java.util.concurrent.Executors$RunnableAdapter.call(Executors.java:471)
	at org.opennms.netmgt.poller.pollables.PollableElement.withTreeLock(PollableElement.java:263)
	at org.opennms.netmgt.poller.pollables.PollableElement.withTreeLock(PollableElement.java:249)
	at org.opennms.netmgt.poller.pollables.PollableElement.withTreeLock(PollableElement.java:227)
	at org.opennms.netmgt.poller.pollables.PollableContainer.poll(PollableContainer.java:312)
	at org.opennms.netmgt.poller.pollables.PollableNode$3.run(PollableNode.java:303)
	at java.util.concurrent.Executors$RunnableAdapter.call(Executors.java:471)
	at org.opennms.netmgt.poller.pollables.PollableElement.withTreeLock(PollableElement.java:263)
	at org.opennms.netmgt.poller.pollables.PollableElement.withTreeLock(PollableElement.java:249)
	at org.opennms.netmgt.poller.pollables.PollableElement.withTreeLock(PollableElement.java:227)
	at org.opennms.netmgt.poller.pollables.PollableNode.doPoll(PollableNode.java:306)
	at org.opennms.netmgt.poller.pollables.PollableElement.doPoll(PollableElement.java:183)
	at org.opennms.netmgt.poller.pollables.PollableService.doPoll(PollableService.java:211)
	at org.opennms.netmgt.poller.pollables.PollableService$PollRunner.run(PollableService.java:57)
	at java.util.concurrent.Executors$RunnableAdapter.call(Executors.java:471)
	at org.opennms.netmgt.poller.pollables.PollableElement.withTreeLock(PollableElement.java:263)
	at org.opennms.netmgt.poller.pollables.PollableElement.withTreeLock(PollableElement.java:249)
	at org.opennms.netmgt.poller.pollables.PollableService.doRun(PollableService.java:383)
	at org.opennms.netmgt.poller.pollables.PollableService.run(PollableService.java:364)
	at org.opennms.netmgt.scheduler.Schedule.run(Schedule.java:135)
	at org.opennms.netmgt.scheduler.Schedule$ScheduleEntry.run(Schedule.java:80)
	at org.opennms.netmgt.scheduler.LegacyScheduler$1.run(LegacyScheduler.java:287)
	at org.opennms.core.concurrent.RunnableConsumerThreadPool$FiberThreadImpl.run(RunnableConsumerThreadPool.java:419)
	at java.lang.Thread.run(Thread.java:745)
2017-09-26 23:21:48,333 WARN  [PollerScheduler-30 Pool-fiber5] HttpMonitor: Connection exception for /127.0.0.1:80
java.net.ConnectException: Connection refused: connect
	at java.net.DualStackPlainSocketImpl.waitForConnect(Native Method)
	at java.net.DualStackPlainSocketImpl.socketConnect(DualStackPlainSocketImpl.java:85)
	at java.net.AbstractPlainSocketImpl.doConnect(AbstractPlainSocketImpl.java:339)
	at java.net.AbstractPlainSocketImpl.connectToAddress(AbstractPlainSocketImpl.java:200)
	at java.net.AbstractPlainSocketImpl.connect(AbstractPlainSocketImpl.java:182)
	at java.net.PlainSocketImpl.connect(PlainSocketImpl.java:172)
	at java.net.SocksSocketImpl.connect(SocksSocketImpl.java:392)
	at java.net.Socket.connect(Socket.java:579)
	at org.opennms.netmgt.poller.monitors.HttpMonitor$HttpMonitorClient.connect(HttpMonitor.java:420)
	at org.opennms.netmgt.poller.monitors.HttpMonitor$HttpMonitorClient.access$0(HttpMonitor.java:418)
	at org.opennms.netmgt.poller.monitors.HttpMonitor.poll(HttpMonitor.java:148)
	at org.opennms.netmgt.poller.pollables.LatencyStoringServiceMonitorAdaptor.poll(LatencyStoringServiceMonitorAdaptor.java:104)
	at org.opennms.netmgt.poller.pollables.PollableServiceConfig.poll(PollableServiceConfig.java:109)
	at org.opennms.netmgt.poller.pollables.PollableService.poll(PollableService.java:178)
	at org.opennms.netmgt.poller.pollables.PollableElement.poll(PollableElement.java:292)
	at org.opennms.netmgt.poller.pollables.PollableContainer$5.run(PollableContainer.java:305)
	at java.util.concurrent.Executors$RunnableAdapter.call(Executors.java:471)
	at org.opennms.netmgt.poller.pollables.PollableElement.withTreeLock(PollableElement.java:263)
	at org.opennms.netmgt.poller.pollables.PollableElement.withTreeLock(PollableElement.java:249)
	at org.opennms.netmgt.poller.pollables.PollableElement.withTreeLock(PollableElement.java:227)
	at org.opennms.netmgt.poller.pollables.PollableContainer.poll(PollableContainer.java:312)
	at org.opennms.netmgt.poller.pollables.PollableInterface.poll(PollableInterface.java:205)
	at org.opennms.netmgt.poller.pollables.PollableContainer$5.run(PollableContainer.java:305)
	at java.util.concurrent.Executors$RunnableAdapter.call(Executors.java:471)
	at org.opennms.netmgt.poller.pollables.PollableElement.withTreeLock(PollableElement.java:263)
	at org.opennms.netmgt.poller.pollables.PollableElement.withTreeLock(PollableElement.java:249)
	at org.opennms.netmgt.poller.pollables.PollableElement.withTreeLock(PollableElement.java:227)
	at org.opennms.netmgt.poller.pollables.PollableContainer.poll(PollableContainer.java:312)
	at org.opennms.netmgt.poller.pollables.PollableNode$3.run(PollableNode.java:303)
	at java.util.concurrent.Executors$RunnableAdapter.call(Executors.java:471)
	at org.opennms.netmgt.poller.pollables.PollableElement.withTreeLock(PollableElement.java:263)
	at org.opennms.netmgt.poller.pollables.PollableElement.withTreeLock(PollableElement.java:249)
	at org.opennms.netmgt.poller.pollables.PollableElement.withTreeLock(PollableElement.java:227)
	at org.opennms.netmgt.poller.pollables.PollableNode.doPoll(PollableNode.java:306)
	at org.opennms.netmgt.poller.pollables.PollableElement.doPoll(PollableElement.java:183)
	at org.opennms.netmgt.poller.pollables.PollableService.doPoll(PollableService.java:211)
	at org.opennms.netmgt.poller.pollables.PollableService$PollRunner.run(PollableService.java:57)
	at java.util.concurrent.Executors$RunnableAdapter.call(Executors.java:471)
	at org.opennms.netmgt.poller.pollables.PollableElement.withTreeLock(PollableElement.java:263)
	at org.opennms.netmgt.poller.pollables.PollableElement.withTreeLock(PollableElement.java:249)
	at org.opennms.netmgt.poller.pollables.PollableService.doRun(PollableService.java:383)
	at org.opennms.netmgt.poller.pollables.PollableService.run(PollableService.java:364)
	at org.opennms.netmgt.scheduler.Schedule.run(Schedule.java:135)
	at org.opennms.netmgt.scheduler.Schedule$ScheduleEntry.run(Schedule.java:80)
	at org.opennms.netmgt.scheduler.LegacyScheduler$1.run(LegacyScheduler.java:287)
	at org.opennms.core.concurrent.RunnableConsumerThreadPool$FiberThreadImpl.run(RunnableConsumerThreadPool.java:419)
	at java.lang.Thread.run(Thread.java:745)
2017-09-27 00:00:44,145 WARN  [PollerScheduler-30 Pool-fiber3] HttpMonitor: Connection exception for /127.0.0.1:80
java.net.ConnectException: Connection refused: connect
	at java.net.DualStackPlainSocketImpl.waitForConnect(Native Method)
	at java.net.DualStackPlainSocketImpl.socketConnect(DualStackPlainSocketImpl.java:85)
	at java.net.AbstractPlainSocketImpl.doConnect(AbstractPlainSocketImpl.java:339)
	at java.net.AbstractPlainSocketImpl.connectToAddress(AbstractPlainSocketImpl.java:200)
	at java.net.AbstractPlainSocketImpl.connect(AbstractPlainSocketImpl.java:182)
	at java.net.PlainSocketImpl.connect(PlainSocketImpl.java:172)
	at java.net.SocksSocketImpl.connect(SocksSocketImpl.java:392)
	at java.net.Socket.connect(Socket.java:579)
	at org.opennms.netmgt.poller.monitors.HttpMonitor$HttpMonitorClient.connect(HttpMonitor.java:420)
	at org.opennms.netmgt.poller.monitors.HttpMonitor$HttpMonitorClient.access$0(HttpMonitor.java:418)
	at org.opennms.netmgt.poller.monitors.HttpMonitor.poll(HttpMonitor.java:148)
	at org.opennms.netmgt.poller.pollables.LatencyStoringServiceMonitorAdaptor.poll(LatencyStoringServiceMonitorAdaptor.java:104)
	at org.opennms.netmgt.poller.pollables.PollableServiceConfig.poll(PollableServiceConfig.java:109)
	at org.opennms.netmgt.poller.pollables.PollableService.poll(PollableService.java:178)
	at org.opennms.netmgt.poller.pollables.PollableElement.poll(PollableElement.java:292)
	at org.opennms.netmgt.poller.pollables.PollableContainer$5.run(PollableContainer.java:305)
	at java.util.concurrent.Executors$RunnableAdapter.call(Executors.java:471)
	at org.opennms.netmgt.poller.pollables.PollableElement.withTreeLock(PollableElement.java:263)
	at org.opennms.netmgt.poller.pollables.PollableElement.withTreeLock(PollableElement.java:249)
	at org.opennms.netmgt.poller.pollables.PollableElement.withTreeLock(PollableElement.java:227)
	at org.opennms.netmgt.poller.pollables.PollableContainer.poll(PollableContainer.java:312)
	at org.opennms.netmgt.poller.pollables.PollableInterface.poll(PollableInterface.java:205)
	at org.opennms.netmgt.poller.pollables.PollableContainer$5.run(PollableContainer.java:305)
	at java.util.concurrent.Executors$RunnableAdapter.call(Executors.java:471)
	at org.opennms.netmgt.poller.pollables.PollableElement.withTreeLock(PollableElement.java:263)
	at org.opennms.netmgt.poller.pollables.PollableElement.withTreeLock(PollableElement.java:249)
	at org.opennms.netmgt.poller.pollables.PollableElement.withTreeLock(PollableElement.java:227)
	at org.opennms.netmgt.poller.pollables.PollableContainer.poll(PollableContainer.java:312)
	at org.opennms.netmgt.poller.pollables.PollableNode$3.run(PollableNode.java:303)
	at java.util.concurrent.Executors$RunnableAdapter.call(Executors.java:471)
	at org.opennms.netmgt.poller.pollables.PollableElement.withTreeLock(PollableElement.java:263)
	at org.opennms.netmgt.poller.pollables.PollableElement.withTreeLock(PollableElement.java:249)
	at org.opennms.netmgt.poller.pollables.PollableElement.withTreeLock(PollableElement.java:227)
	at org.opennms.netmgt.poller.pollables.PollableNode.doPoll(PollableNode.java:306)
	at org.opennms.netmgt.poller.pollables.PollableElement.doPoll(PollableElement.java:183)
	at org.opennms.netmgt.poller.pollables.PollableService.doPoll(PollableService.java:211)
	at org.opennms.netmgt.poller.pollables.PollableService$PollRunner.run(PollableService.java:57)
	at java.util.concurrent.Executors$RunnableAdapter.call(Executors.java:471)
	at org.opennms.netmgt.poller.pollables.PollableElement.withTreeLock(PollableElement.java:263)
	at org.opennms.netmgt.poller.pollables.PollableElement.withTreeLock(PollableElement.java:249)
	at org.opennms.netmgt.poller.pollables.PollableService.doRun(PollableService.java:383)
	at org.opennms.netmgt.poller.pollables.PollableService.run(PollableService.java:364)
	at org.opennms.netmgt.scheduler.Schedule.run(Schedule.java:135)
	at org.opennms.netmgt.scheduler.Schedule$ScheduleEntry.run(Schedule.java:80)
	at org.opennms.netmgt.scheduler.LegacyScheduler$1.run(LegacyScheduler.java:287)
	at org.opennms.core.concurrent.RunnableConsumerThreadPool$FiberThreadImpl.run(RunnableConsumerThreadPool.java:419)
	at java.lang.Thread.run(Thread.java:745)
2017-09-27 00:00:47,444 WARN  [PollerScheduler-30 Pool-fiber3] HttpMonitor: Connection exception for /127.0.0.1:80
java.net.ConnectException: Connection refused: connect
	at java.net.DualStackPlainSocketImpl.waitForConnect(Native Method)
	at java.net.DualStackPlainSocketImpl.socketConnect(DualStackPlainSocketImpl.java:85)
	at java.net.AbstractPlainSocketImpl.doConnect(AbstractPlainSocketImpl.java:339)
	at java.net.AbstractPlainSocketImpl.connectToAddress(AbstractPlainSocketImpl.java:200)
	at java.net.AbstractPlainSocketImpl.connect(AbstractPlainSocketImpl.java:182)
	at java.net.PlainSocketImpl.connect(PlainSocketImpl.java:172)
	at java.net.SocksSocketImpl.connect(SocksSocketImpl.java:392)
	at java.net.Socket.connect(Socket.java:579)
	at org.opennms.netmgt.poller.monitors.HttpMonitor$HttpMonitorClient.connect(HttpMonitor.java:420)
	at org.opennms.netmgt.poller.monitors.HttpMonitor$HttpMonitorClient.access$0(HttpMonitor.java:418)
	at org.opennms.netmgt.poller.monitors.HttpMonitor.poll(HttpMonitor.java:148)
	at org.opennms.netmgt.poller.pollables.LatencyStoringServiceMonitorAdaptor.poll(LatencyStoringServiceMonitorAdaptor.java:104)
	at org.opennms.netmgt.poller.pollables.PollableServiceConfig.poll(PollableServiceConfig.java:109)
	at org.opennms.netmgt.poller.pollables.PollableService.poll(PollableService.java:178)
	at org.opennms.netmgt.poller.pollables.PollableElement.poll(PollableElement.java:292)
	at org.opennms.netmgt.poller.pollables.PollableContainer$5.run(PollableContainer.java:305)
	at java.util.concurrent.Executors$RunnableAdapter.call(Executors.java:471)
	at org.opennms.netmgt.poller.pollables.PollableElement.withTreeLock(PollableElement.java:263)
	at org.opennms.netmgt.poller.pollables.PollableElement.withTreeLock(PollableElement.java:249)
	at org.opennms.netmgt.poller.pollables.PollableElement.withTreeLock(PollableElement.java:227)
	at org.opennms.netmgt.poller.pollables.PollableContainer.poll(PollableContainer.java:312)
	at org.opennms.netmgt.poller.pollables.PollableInterface.poll(PollableInterface.java:205)
	at org.opennms.netmgt.poller.pollables.PollableContainer$5.run(PollableContainer.java:305)
	at java.util.concurrent.Executors$RunnableAdapter.call(Executors.java:471)
	at org.opennms.netmgt.poller.pollables.PollableElement.withTreeLock(PollableElement.java:263)
	at org.opennms.netmgt.poller.pollables.PollableElement.withTreeLock(PollableElement.java:249)
	at org.opennms.netmgt.poller.pollables.PollableElement.withTreeLock(PollableElement.java:227)
	at org.opennms.netmgt.poller.pollables.PollableContainer.poll(PollableContainer.java:312)
	at org.opennms.netmgt.poller.pollables.PollableNode$3.run(PollableNode.java:303)
	at java.util.concurrent.Executors$RunnableAdapter.call(Executors.java:471)
	at org.opennms.netmgt.poller.pollables.PollableElement.withTreeLock(PollableElement.java:263)
	at org.opennms.netmgt.poller.pollables.PollableElement.withTreeLock(PollableElement.java:249)
	at org.opennms.netmgt.poller.pollables.PollableElement.withTreeLock(PollableElement.java:227)
	at org.opennms.netmgt.poller.pollables.PollableNode.doPoll(PollableNode.java:306)
	at org.opennms.netmgt.poller.pollables.PollableElement.doPoll(PollableElement.java:183)
	at org.opennms.netmgt.poller.pollables.PollableService.doPoll(PollableService.java:211)
	at org.opennms.netmgt.poller.pollables.PollableService$PollRunner.run(PollableService.java:57)
	at java.util.concurrent.Executors$RunnableAdapter.call(Executors.java:471)
	at org.opennms.netmgt.poller.pollables.PollableElement.withTreeLock(PollableElement.java:263)
	at org.opennms.netmgt.poller.pollables.PollableElement.withTreeLock(PollableElement.java:249)
	at org.opennms.netmgt.poller.pollables.PollableService.doRun(PollableService.java:383)
	at org.opennms.netmgt.poller.pollables.PollableService.run(PollableService.java:364)
	at org.opennms.netmgt.scheduler.Schedule.run(Schedule.java:135)
	at org.opennms.netmgt.scheduler.Schedule$ScheduleEntry.run(Schedule.java:80)
	at org.opennms.netmgt.scheduler.LegacyScheduler$1.run(LegacyScheduler.java:287)
	at org.opennms.core.concurrent.RunnableConsumerThreadPool$FiberThreadImpl.run(RunnableConsumerThreadPool.java:419)
	at java.lang.Thread.run(Thread.java:745)
2017-09-27 00:01:19,289 WARN  [PollerScheduler-30 Pool-fiber4] HttpMonitor: Connection exception for /127.0.0.1:80
java.net.ConnectException: Connection refused: connect
	at java.net.DualStackPlainSocketImpl.waitForConnect(Native Method)
	at java.net.DualStackPlainSocketImpl.socketConnect(DualStackPlainSocketImpl.java:85)
	at java.net.AbstractPlainSocketImpl.doConnect(AbstractPlainSocketImpl.java:339)
	at java.net.AbstractPlainSocketImpl.connectToAddress(AbstractPlainSocketImpl.java:200)
	at java.net.AbstractPlainSocketImpl.connect(AbstractPlainSocketImpl.java:182)
	at java.net.PlainSocketImpl.connect(PlainSocketImpl.java:172)
	at java.net.SocksSocketImpl.connect(SocksSocketImpl.java:392)
	at java.net.Socket.connect(Socket.java:579)
	at org.opennms.netmgt.poller.monitors.HttpMonitor$HttpMonitorClient.connect(HttpMonitor.java:420)
	at org.opennms.netmgt.poller.monitors.HttpMonitor$HttpMonitorClient.access$0(HttpMonitor.java:418)
	at org.opennms.netmgt.poller.monitors.HttpMonitor.poll(HttpMonitor.java:148)
	at org.opennms.netmgt.poller.pollables.LatencyStoringServiceMonitorAdaptor.poll(LatencyStoringServiceMonitorAdaptor.java:104)
	at org.opennms.netmgt.poller.pollables.PollableServiceConfig.poll(PollableServiceConfig.java:109)
	at org.opennms.netmgt.poller.pollables.PollableService.poll(PollableService.java:178)
	at org.opennms.netmgt.poller.pollables.PollableElement.poll(PollableElement.java:292)
	at org.opennms.netmgt.poller.pollables.PollableContainer$5.run(PollableContainer.java:305)
	at java.util.concurrent.Executors$RunnableAdapter.call(Executors.java:471)
	at org.opennms.netmgt.poller.pollables.PollableElement.withTreeLock(PollableElement.java:263)
	at org.opennms.netmgt.poller.pollables.PollableElement.withTreeLock(PollableElement.java:249)
	at org.opennms.netmgt.poller.pollables.PollableElement.withTreeLock(PollableElement.java:227)
	at org.opennms.netmgt.poller.pollables.PollableContainer.poll(PollableContainer.java:312)
	at org.opennms.netmgt.poller.pollables.PollableInterface.poll(PollableInterface.java:205)
	at org.opennms.netmgt.poller.pollables.PollableContainer$5.run(PollableContainer.java:305)
	at java.util.concurrent.Executors$RunnableAdapter.call(Executors.java:471)
	at org.opennms.netmgt.poller.pollables.PollableElement.withTreeLock(PollableElement.java:263)
	at org.opennms.netmgt.poller.pollables.PollableElement.withTreeLock(PollableElement.java:249)
	at org.opennms.netmgt.poller.pollables.PollableElement.withTreeLock(PollableElement.java:227)
	at org.opennms.netmgt.poller.pollables.PollableContainer.poll(PollableContainer.java:312)
	at org.opennms.netmgt.poller.pollables.PollableNode$3.run(PollableNode.java:303)
	at java.util.concurrent.Executors$RunnableAdapter.call(Executors.java:471)
	at org.opennms.netmgt.poller.pollables.PollableElement.withTreeLock(PollableElement.java:263)
	at org.opennms.netmgt.poller.pollables.PollableElement.withTreeLock(PollableElement.java:249)
	at org.opennms.netmgt.poller.pollables.PollableElement.withTreeLock(PollableElement.java:227)
	at org.opennms.netmgt.poller.pollables.PollableNode.doPoll(PollableNode.java:306)
	at org.opennms.netmgt.poller.pollables.PollableElement.doPoll(PollableElement.java:183)
	at org.opennms.netmgt.poller.pollables.PollableService.doPoll(PollableService.java:211)
	at org.opennms.netmgt.poller.pollables.PollableService$PollRunner.run(PollableService.java:57)
	at java.util.concurrent.Executors$RunnableAdapter.call(Executors.java:471)
	at org.opennms.netmgt.poller.pollables.PollableElement.withTreeLock(PollableElement.java:263)
	at org.opennms.netmgt.poller.pollables.PollableElement.withTreeLock(PollableElement.java:249)
	at org.opennms.netmgt.poller.pollables.PollableService.doRun(PollableService.java:383)
	at org.opennms.netmgt.poller.pollables.PollableService.run(PollableService.java:364)
	at org.opennms.netmgt.scheduler.Schedule.run(Schedule.java:135)
	at org.opennms.netmgt.scheduler.Schedule$ScheduleEntry.run(Schedule.java:80)
	at org.opennms.netmgt.scheduler.LegacyScheduler$1.run(LegacyScheduler.java:287)
	at org.opennms.core.concurrent.RunnableConsumerThreadPool$FiberThreadImpl.run(RunnableConsumerThreadPool.java:419)
	at java.lang.Thread.run(Thread.java:745)
2017-09-27 00:01:20,340 WARN  [PollerScheduler-30 Pool-fiber4] HttpMonitor: Connection exception for /127.0.0.1:80
java.net.ConnectException: Connection refused: connect
	at java.net.DualStackPlainSocketImpl.waitForConnect(Native Method)
	at java.net.DualStackPlainSocketImpl.socketConnect(DualStackPlainSocketImpl.java:85)
	at java.net.AbstractPlainSocketImpl.doConnect(AbstractPlainSocketImpl.java:339)
	at java.net.AbstractPlainSocketImpl.connectToAddress(AbstractPlainSocketImpl.java:200)
	at java.net.AbstractPlainSocketImpl.connect(AbstractPlainSocketImpl.java:182)
	at java.net.PlainSocketImpl.connect(PlainSocketImpl.java:172)
	at java.net.SocksSocketImpl.connect(SocksSocketImpl.java:392)
	at java.net.Socket.connect(Socket.java:579)
	at org.opennms.netmgt.poller.monitors.HttpMonitor$HttpMonitorClient.connect(HttpMonitor.java:420)
	at org.opennms.netmgt.poller.monitors.HttpMonitor$HttpMonitorClient.access$0(HttpMonitor.java:418)
	at org.opennms.netmgt.poller.monitors.HttpMonitor.poll(HttpMonitor.java:148)
	at org.opennms.netmgt.poller.pollables.LatencyStoringServiceMonitorAdaptor.poll(LatencyStoringServiceMonitorAdaptor.java:104)
	at org.opennms.netmgt.poller.pollables.PollableServiceConfig.poll(PollableServiceConfig.java:109)
	at org.opennms.netmgt.poller.pollables.PollableService.poll(PollableService.java:178)
	at org.opennms.netmgt.poller.pollables.PollableElement.poll(PollableElement.java:292)
	at org.opennms.netmgt.poller.pollables.PollableContainer$5.run(PollableContainer.java:305)
	at java.util.concurrent.Executors$RunnableAdapter.call(Executors.java:471)
	at org.opennms.netmgt.poller.pollables.PollableElement.withTreeLock(PollableElement.java:263)
	at org.opennms.netmgt.poller.pollables.PollableElement.withTreeLock(PollableElement.java:249)
	at org.opennms.netmgt.poller.pollables.PollableElement.withTreeLock(PollableElement.java:227)
	at org.opennms.netmgt.poller.pollables.PollableContainer.poll(PollableContainer.java:312)
	at org.opennms.netmgt.poller.pollables.PollableInterface.poll(PollableInterface.java:205)
	at org.opennms.netmgt.poller.pollables.PollableContainer$5.run(PollableContainer.java:305)
	at java.util.concurrent.Executors$RunnableAdapter.call(Executors.java:471)
	at org.opennms.netmgt.poller.pollables.PollableElement.withTreeLock(PollableElement.java:263)
	at org.opennms.netmgt.poller.pollables.PollableElement.withTreeLock(PollableElement.java:249)
	at org.opennms.netmgt.poller.pollables.PollableElement.withTreeLock(PollableElement.java:227)
	at org.opennms.netmgt.poller.pollables.PollableContainer.poll(PollableContainer.java:312)
	at org.opennms.netmgt.poller.pollables.PollableNode$3.run(PollableNode.java:303)
	at java.util.concurrent.Executors$RunnableAdapter.call(Executors.java:471)
	at org.opennms.netmgt.poller.pollables.PollableElement.withTreeLock(PollableElement.java:263)
	at org.opennms.netmgt.poller.pollables.PollableElement.withTreeLock(PollableElement.java:249)
	at org.opennms.netmgt.poller.pollables.PollableElement.withTreeLock(PollableElement.java:227)
	at org.opennms.netmgt.poller.pollables.PollableNode.doPoll(PollableNode.java:306)
	at org.opennms.netmgt.poller.pollables.PollableElement.doPoll(PollableElement.java:183)
	at org.opennms.netmgt.poller.pollables.PollableService.doPoll(PollableService.java:211)
	at org.opennms.netmgt.poller.pollables.PollableService$PollRunner.run(PollableService.java:57)
	at java.util.concurrent.Executors$RunnableAdapter.call(Executors.java:471)
	at org.opennms.netmgt.poller.pollables.PollableElement.withTreeLock(PollableElement.java:263)
	at org.opennms.netmgt.poller.pollables.PollableElement.withTreeLock(PollableElement.java:249)
	at org.opennms.netmgt.poller.pollables.PollableService.doRun(PollableService.java:383)
	at org.opennms.netmgt.poller.pollables.PollableService.run(PollableService.java:364)
	at org.opennms.netmgt.scheduler.Schedule.run(Schedule.java:135)
	at org.opennms.netmgt.scheduler.Schedule$ScheduleEntry.run(Schedule.java:80)
	at org.opennms.netmgt.scheduler.LegacyScheduler$1.run(LegacyScheduler.java:287)
	at org.opennms.core.concurrent.RunnableConsumerThreadPool$FiberThreadImpl.run(RunnableConsumerThreadPool.java:419)
	at java.lang.Thread.run(Thread.java:745)
2017-09-27 00:03:37,192 WARN  [PollerScheduler-30 Pool-fiber3] HttpMonitor: Connection exception for /127.0.0.1:80
java.net.ConnectException: Connection refused: connect
	at java.net.DualStackPlainSocketImpl.waitForConnect(Native Method)
	at java.net.DualStackPlainSocketImpl.socketConnect(DualStackPlainSocketImpl.java:85)
	at java.net.AbstractPlainSocketImpl.doConnect(AbstractPlainSocketImpl.java:339)
	at java.net.AbstractPlainSocketImpl.connectToAddress(AbstractPlainSocketImpl.java:200)
	at java.net.AbstractPlainSocketImpl.connect(AbstractPlainSocketImpl.java:182)
	at java.net.PlainSocketImpl.connect(PlainSocketImpl.java:172)
	at java.net.SocksSocketImpl.connect(SocksSocketImpl.java:392)
	at java.net.Socket.connect(Socket.java:579)
	at org.opennms.netmgt.poller.monitors.HttpMonitor$HttpMonitorClient.connect(HttpMonitor.java:420)
	at org.opennms.netmgt.poller.monitors.HttpMonitor$HttpMonitorClient.access$0(HttpMonitor.java:418)
	at org.opennms.netmgt.poller.monitors.HttpMonitor.poll(HttpMonitor.java:148)
	at org.opennms.netmgt.poller.pollables.LatencyStoringServiceMonitorAdaptor.poll(LatencyStoringServiceMonitorAdaptor.java:104)
	at org.opennms.netmgt.poller.pollables.PollableServiceConfig.poll(PollableServiceConfig.java:109)
	at org.opennms.netmgt.poller.pollables.PollableService.poll(PollableService.java:178)
	at org.opennms.netmgt.poller.pollables.PollableElement.poll(PollableElement.java:292)
	at org.opennms.netmgt.poller.pollables.PollableContainer$5.run(PollableContainer.java:305)
	at java.util.concurrent.Executors$RunnableAdapter.call(Executors.java:471)
	at org.opennms.netmgt.poller.pollables.PollableElement.withTreeLock(PollableElement.java:263)
	at org.opennms.netmgt.poller.pollables.PollableElement.withTreeLock(PollableElement.java:249)
	at org.opennms.netmgt.poller.pollables.PollableElement.withTreeLock(PollableElement.java:227)
	at org.opennms.netmgt.poller.pollables.PollableContainer.poll(PollableContainer.java:312)
	at org.opennms.netmgt.poller.pollables.PollableInterface.poll(PollableInterface.java:205)
	at org.opennms.netmgt.poller.pollables.PollableContainer$5.run(PollableContainer.java:305)
	at java.util.concurrent.Executors$RunnableAdapter.call(Executors.java:471)
	at org.opennms.netmgt.poller.pollables.PollableElement.withTreeLock(PollableElement.java:263)
	at org.opennms.netmgt.poller.pollables.PollableElement.withTreeLock(PollableElement.java:249)
	at org.opennms.netmgt.poller.pollables.PollableElement.withTreeLock(PollableElement.java:227)
	at org.opennms.netmgt.poller.pollables.PollableContainer.poll(PollableContainer.java:312)
	at org.opennms.netmgt.poller.pollables.PollableNode$3.run(PollableNode.java:303)
	at java.util.concurrent.Executors$RunnableAdapter.call(Executors.java:471)
	at org.opennms.netmgt.poller.pollables.PollableElement.withTreeLock(PollableElement.java:263)
	at org.opennms.netmgt.poller.pollables.PollableElement.withTreeLock(PollableElement.java:249)
	at org.opennms.netmgt.poller.pollables.PollableElement.withTreeLock(PollableElement.java:227)
	at org.opennms.netmgt.poller.pollables.PollableNode.doPoll(PollableNode.java:306)
	at org.opennms.netmgt.poller.pollables.PollableElement.doPoll(PollableElement.java:183)
	at org.opennms.netmgt.poller.pollables.PollableService.doPoll(PollableService.java:211)
	at org.opennms.netmgt.poller.pollables.PollableService$PollRunner.run(PollableService.java:57)
	at java.util.concurrent.Executors$RunnableAdapter.call(Executors.java:471)
	at org.opennms.netmgt.poller.pollables.PollableElement.withTreeLock(PollableElement.java:263)
	at org.opennms.netmgt.poller.pollables.PollableElement.withTreeLock(PollableElement.java:249)
	at org.opennms.netmgt.poller.pollables.PollableService.doRun(PollableService.java:383)
	at org.opennms.netmgt.poller.pollables.PollableService.run(PollableService.java:364)
	at org.opennms.netmgt.scheduler.Schedule.run(Schedule.java:135)
	at org.opennms.netmgt.scheduler.Schedule$ScheduleEntry.run(Schedule.java:80)
	at org.opennms.netmgt.scheduler.LegacyScheduler$1.run(LegacyScheduler.java:287)
	at org.opennms.core.concurrent.RunnableConsumerThreadPool$FiberThreadImpl.run(RunnableConsumerThreadPool.java:419)
	at java.lang.Thread.run(Thread.java:745)
2017-09-27 00:03:38,213 WARN  [PollerScheduler-30 Pool-fiber3] HttpMonitor: Connection exception for /127.0.0.1:80
java.net.ConnectException: Connection refused: connect
	at java.net.DualStackPlainSocketImpl.waitForConnect(Native Method)
	at java.net.DualStackPlainSocketImpl.socketConnect(DualStackPlainSocketImpl.java:85)
	at java.net.AbstractPlainSocketImpl.doConnect(AbstractPlainSocketImpl.java:339)
	at java.net.AbstractPlainSocketImpl.connectToAddress(AbstractPlainSocketImpl.java:200)
	at java.net.AbstractPlainSocketImpl.connect(AbstractPlainSocketImpl.java:182)
	at java.net.PlainSocketImpl.connect(PlainSocketImpl.java:172)
	at java.net.SocksSocketImpl.connect(SocksSocketImpl.java:392)
	at java.net.Socket.connect(Socket.java:579)
	at org.opennms.netmgt.poller.monitors.HttpMonitor$HttpMonitorClient.connect(HttpMonitor.java:420)
	at org.opennms.netmgt.poller.monitors.HttpMonitor$HttpMonitorClient.access$0(HttpMonitor.java:418)
	at org.opennms.netmgt.poller.monitors.HttpMonitor.poll(HttpMonitor.java:148)
	at org.opennms.netmgt.poller.pollables.LatencyStoringServiceMonitorAdaptor.poll(LatencyStoringServiceMonitorAdaptor.java:104)
	at org.opennms.netmgt.poller.pollables.PollableServiceConfig.poll(PollableServiceConfig.java:109)
	at org.opennms.netmgt.poller.pollables.PollableService.poll(PollableService.java:178)
	at org.opennms.netmgt.poller.pollables.PollableElement.poll(PollableElement.java:292)
	at org.opennms.netmgt.poller.pollables.PollableContainer$5.run(PollableContainer.java:305)
	at java.util.concurrent.Executors$RunnableAdapter.call(Executors.java:471)
	at org.opennms.netmgt.poller.pollables.PollableElement.withTreeLock(PollableElement.java:263)
	at org.opennms.netmgt.poller.pollables.PollableElement.withTreeLock(PollableElement.java:249)
	at org.opennms.netmgt.poller.pollables.PollableElement.withTreeLock(PollableElement.java:227)
	at org.opennms.netmgt.poller.pollables.PollableContainer.poll(PollableContainer.java:312)
	at org.opennms.netmgt.poller.pollables.PollableInterface.poll(PollableInterface.java:205)
	at org.opennms.netmgt.poller.pollables.PollableContainer$5.run(PollableContainer.java:305)
	at java.util.concurrent.Executors$RunnableAdapter.call(Executors.java:471)
	at org.opennms.netmgt.poller.pollables.PollableElement.withTreeLock(PollableElement.java:263)
	at org.opennms.netmgt.poller.pollables.PollableElement.withTreeLock(PollableElement.java:249)
	at org.opennms.netmgt.poller.pollables.PollableElement.withTreeLock(PollableElement.java:227)
	at org.opennms.netmgt.poller.pollables.PollableContainer.poll(PollableContainer.java:312)
	at org.opennms.netmgt.poller.pollables.PollableNode$3.run(PollableNode.java:303)
	at java.util.concurrent.Executors$RunnableAdapter.call(Executors.java:471)
	at org.opennms.netmgt.poller.pollables.PollableElement.withTreeLock(PollableElement.java:263)
	at org.opennms.netmgt.poller.pollables.PollableElement.withTreeLock(PollableElement.java:249)
	at org.opennms.netmgt.poller.pollables.PollableElement.withTreeLock(PollableElement.java:227)
	at org.opennms.netmgt.poller.pollables.PollableNode.doPoll(PollableNode.java:306)
	at org.opennms.netmgt.poller.pollables.PollableElement.doPoll(PollableElement.java:183)
	at org.opennms.netmgt.poller.pollables.PollableService.doPoll(PollableService.java:211)
	at org.opennms.netmgt.poller.pollables.PollableService$PollRunner.run(PollableService.java:57)
	at java.util.concurrent.Executors$RunnableAdapter.call(Executors.java:471)
	at org.opennms.netmgt.poller.pollables.PollableElement.withTreeLock(PollableElement.java:263)
	at org.opennms.netmgt.poller.pollables.PollableElement.withTreeLock(PollableElement.java:249)
	at org.opennms.netmgt.poller.pollables.PollableService.doRun(PollableService.java:383)
	at org.opennms.netmgt.poller.pollables.PollableService.run(PollableService.java:364)
	at org.opennms.netmgt.scheduler.Schedule.run(Schedule.java:135)
	at org.opennms.netmgt.scheduler.Schedule$ScheduleEntry.run(Schedule.java:80)
	at org.opennms.netmgt.scheduler.LegacyScheduler$1.run(LegacyScheduler.java:287)
	at org.opennms.core.concurrent.RunnableConsumerThreadPool$FiberThreadImpl.run(RunnableConsumerThreadPool.java:419)
	at java.lang.Thread.run(Thread.java:745)
2017-09-27 00:04:09,472 WARN  [PollerScheduler-30 Pool-fiber4] HttpMonitor: Connection exception for /127.0.0.1:80
java.net.ConnectException: Connection refused: connect
	at java.net.DualStackPlainSocketImpl.waitForConnect(Native Method)
	at java.net.DualStackPlainSocketImpl.socketConnect(DualStackPlainSocketImpl.java:85)
	at java.net.AbstractPlainSocketImpl.doConnect(AbstractPlainSocketImpl.java:339)
	at java.net.AbstractPlainSocketImpl.connectToAddress(AbstractPlainSocketImpl.java:200)
	at java.net.AbstractPlainSocketImpl.connect(AbstractPlainSocketImpl.java:182)
	at java.net.PlainSocketImpl.connect(PlainSocketImpl.java:172)
	at java.net.SocksSocketImpl.connect(SocksSocketImpl.java:392)
	at java.net.Socket.connect(Socket.java:579)
	at org.opennms.netmgt.poller.monitors.HttpMonitor$HttpMonitorClient.connect(HttpMonitor.java:420)
	at org.opennms.netmgt.poller.monitors.HttpMonitor$HttpMonitorClient.access$0(HttpMonitor.java:418)
	at org.opennms.netmgt.poller.monitors.HttpMonitor.poll(HttpMonitor.java:148)
	at org.opennms.netmgt.poller.pollables.LatencyStoringServiceMonitorAdaptor.poll(LatencyStoringServiceMonitorAdaptor.java:104)
	at org.opennms.netmgt.poller.pollables.PollableServiceConfig.poll(PollableServiceConfig.java:109)
	at org.opennms.netmgt.poller.pollables.PollableService.poll(PollableService.java:178)
	at org.opennms.netmgt.poller.pollables.PollableElement.poll(PollableElement.java:292)
	at org.opennms.netmgt.poller.pollables.PollableContainer$5.run(PollableContainer.java:305)
	at java.util.concurrent.Executors$RunnableAdapter.call(Executors.java:471)
	at org.opennms.netmgt.poller.pollables.PollableElement.withTreeLock(PollableElement.java:263)
	at org.opennms.netmgt.poller.pollables.PollableElement.withTreeLock(PollableElement.java:249)
	at org.opennms.netmgt.poller.pollables.PollableElement.withTreeLock(PollableElement.java:227)
	at org.opennms.netmgt.poller.pollables.PollableContainer.poll(PollableContainer.java:312)
	at org.opennms.netmgt.poller.pollables.PollableInterface.poll(PollableInterface.java:205)
	at org.opennms.netmgt.poller.pollables.PollableContainer$5.run(PollableContainer.java:305)
	at java.util.concurrent.Executors$RunnableAdapter.call(Executors.java:471)
	at org.opennms.netmgt.poller.pollables.PollableElement.withTreeLock(PollableElement.java:263)
	at org.opennms.netmgt.poller.pollables.PollableElement.withTreeLock(PollableElement.java:249)
	at org.opennms.netmgt.poller.pollables.PollableElement.withTreeLock(PollableElement.java:227)
	at org.opennms.netmgt.poller.pollables.PollableContainer.poll(PollableContainer.java:312)
	at org.opennms.netmgt.poller.pollables.PollableNode$3.run(PollableNode.java:303)
	at java.util.concurrent.Executors$RunnableAdapter.call(Executors.java:471)
	at org.opennms.netmgt.poller.pollables.PollableElement.withTreeLock(PollableElement.java:263)
	at org.opennms.netmgt.poller.pollables.PollableElement.withTreeLock(PollableElement.java:249)
	at org.opennms.netmgt.poller.pollables.PollableElement.withTreeLock(PollableElement.java:227)
	at org.opennms.netmgt.poller.pollables.PollableNode.doPoll(PollableNode.java:306)
	at org.opennms.netmgt.poller.pollables.PollableElement.doPoll(PollableElement.java:183)
	at org.opennms.netmgt.poller.pollables.PollableService.doPoll(PollableService.java:211)
	at org.opennms.netmgt.poller.pollables.PollableService$PollRunner.run(PollableService.java:57)
	at java.util.concurrent.Executors$RunnableAdapter.call(Executors.java:471)
	at org.opennms.netmgt.poller.pollables.PollableElement.withTreeLock(PollableElement.java:263)
	at org.opennms.netmgt.poller.pollables.PollableElement.withTreeLock(PollableElement.java:249)
	at org.opennms.netmgt.poller.pollables.PollableService.doRun(PollableService.java:383)
	at org.opennms.netmgt.poller.pollables.PollableService.run(PollableService.java:364)
	at org.opennms.netmgt.scheduler.Schedule.run(Schedule.java:135)
	at org.opennms.netmgt.scheduler.Schedule$ScheduleEntry.run(Schedule.java:80)
	at org.opennms.netmgt.scheduler.LegacyScheduler$1.run(LegacyScheduler.java:287)
	at org.opennms.core.concurrent.RunnableConsumerThreadPool$FiberThreadImpl.run(RunnableConsumerThreadPool.java:419)
	at java.lang.Thread.run(Thread.java:745)
2017-09-27 00:04:10,513 WARN  [PollerScheduler-30 Pool-fiber4] HttpMonitor: Connection exception for /127.0.0.1:80
java.net.ConnectException: Connection refused: connect
	at java.net.DualStackPlainSocketImpl.waitForConnect(Native Method)
	at java.net.DualStackPlainSocketImpl.socketConnect(DualStackPlainSocketImpl.java:85)
	at java.net.AbstractPlainSocketImpl.doConnect(AbstractPlainSocketImpl.java:339)
	at java.net.AbstractPlainSocketImpl.connectToAddress(AbstractPlainSocketImpl.java:200)
	at java.net.AbstractPlainSocketImpl.connect(AbstractPlainSocketImpl.java:182)
	at java.net.PlainSocketImpl.connect(PlainSocketImpl.java:172)
	at java.net.SocksSocketImpl.connect(SocksSocketImpl.java:392)
	at java.net.Socket.connect(Socket.java:579)
	at org.opennms.netmgt.poller.monitors.HttpMonitor$HttpMonitorClient.connect(HttpMonitor.java:420)
	at org.opennms.netmgt.poller.monitors.HttpMonitor$HttpMonitorClient.access$0(HttpMonitor.java:418)
	at org.opennms.netmgt.poller.monitors.HttpMonitor.poll(HttpMonitor.java:148)
	at org.opennms.netmgt.poller.pollables.LatencyStoringServiceMonitorAdaptor.poll(LatencyStoringServiceMonitorAdaptor.java:104)
	at org.opennms.netmgt.poller.pollables.PollableServiceConfig.poll(PollableServiceConfig.java:109)
	at org.opennms.netmgt.poller.pollables.PollableService.poll(PollableService.java:178)
	at org.opennms.netmgt.poller.pollables.PollableElement.poll(PollableElement.java:292)
	at org.opennms.netmgt.poller.pollables.PollableContainer$5.run(PollableContainer.java:305)
	at java.util.concurrent.Executors$RunnableAdapter.call(Executors.java:471)
	at org.opennms.netmgt.poller.pollables.PollableElement.withTreeLock(PollableElement.java:263)
	at org.opennms.netmgt.poller.pollables.PollableElement.withTreeLock(PollableElement.java:249)
	at org.opennms.netmgt.poller.pollables.PollableElement.withTreeLock(PollableElement.java:227)
	at org.opennms.netmgt.poller.pollables.PollableContainer.poll(PollableContainer.java:312)
	at org.opennms.netmgt.poller.pollables.PollableInterface.poll(PollableInterface.java:205)
	at org.opennms.netmgt.poller.pollables.PollableContainer$5.run(PollableContainer.java:305)
	at java.util.concurrent.Executors$RunnableAdapter.call(Executors.java:471)
	at org.opennms.netmgt.poller.pollables.PollableElement.withTreeLock(PollableElement.java:263)
	at org.opennms.netmgt.poller.pollables.PollableElement.withTreeLock(PollableElement.java:249)
	at org.opennms.netmgt.poller.pollables.PollableElement.withTreeLock(PollableElement.java:227)
	at org.opennms.netmgt.poller.pollables.PollableContainer.poll(PollableContainer.java:312)
	at org.opennms.netmgt.poller.pollables.PollableNode$3.run(PollableNode.java:303)
	at java.util.concurrent.Executors$RunnableAdapter.call(Executors.java:471)
	at org.opennms.netmgt.poller.pollables.PollableElement.withTreeLock(PollableElement.java:263)
	at org.opennms.netmgt.poller.pollables.PollableElement.withTreeLock(PollableElement.java:249)
	at org.opennms.netmgt.poller.pollables.PollableElement.withTreeLock(PollableElement.java:227)
	at org.opennms.netmgt.poller.pollables.PollableNode.doPoll(PollableNode.java:306)
	at org.opennms.netmgt.poller.pollables.PollableElement.doPoll(PollableElement.java:183)
	at org.opennms.netmgt.poller.pollables.PollableService.doPoll(PollableService.java:211)
	at org.opennms.netmgt.poller.pollables.PollableService$PollRunner.run(PollableService.java:57)
	at java.util.concurrent.Executors$RunnableAdapter.call(Executors.java:471)
	at org.opennms.netmgt.poller.pollables.PollableElement.withTreeLock(PollableElement.java:263)
	at org.opennms.netmgt.poller.pollables.PollableElement.withTreeLock(PollableElement.java:249)
	at org.opennms.netmgt.poller.pollables.PollableService.doRun(PollableService.java:383)
	at org.opennms.netmgt.poller.pollables.PollableService.run(PollableService.java:364)
	at org.opennms.netmgt.scheduler.Schedule.run(Schedule.java:135)
	at org.opennms.netmgt.scheduler.Schedule$ScheduleEntry.run(Schedule.java:80)
	at org.opennms.netmgt.scheduler.LegacyScheduler$1.run(LegacyScheduler.java:287)
	at org.opennms.core.concurrent.RunnableConsumerThreadPool$FiberThreadImpl.run(RunnableConsumerThreadPool.java:419)
	at java.lang.Thread.run(Thread.java:745)
