2017-09-26 23:18:58,226 INFO  [Main] DefaultProvisiondConfigurationDao: Loaded Provisiond Configuration in 19ms
2017-09-26 23:19:00,145 INFO  [Main] DefaultPluginRegistry: Register Extension org.opennms.netmgt.provision.detector.simple.CitrixDetector@344b01 for ExtensionPoints [interface org.opennms.netmgt.provision.AsyncServiceDetector, interface org.opennms.netmgt.provision.ServiceDetector]
2017-09-26 23:19:00,147 INFO  [Main] DefaultPluginRegistry: Register Extension org.opennms.netmgt.provision.detector.simple.FtpDetector@1282fc8 for ExtensionPoints [interface org.opennms.netmgt.provision.AsyncServiceDetector, interface org.opennms.netmgt.provision.ServiceDetector]
2017-09-26 23:19:00,147 INFO  [Main] DefaultPluginRegistry: Register Extension org.opennms.netmgt.provision.detector.simple.HttpDetector@1590fc2 for ExtensionPoints [interface org.opennms.netmgt.provision.AsyncServiceDetector, interface org.opennms.netmgt.provision.ServiceDetector]
2017-09-26 23:19:00,147 INFO  [Main] DefaultPluginRegistry: Register Extension org.opennms.netmgt.provision.detector.simple.HttpsDetector@19a1d7 for ExtensionPoints [interface org.opennms.netmgt.provision.AsyncServiceDetector, interface org.opennms.netmgt.provision.ServiceDetector]
2017-09-26 23:19:00,147 INFO  [Main] DefaultPluginRegistry: Register Extension org.opennms.netmgt.provision.detector.simple.ImapDetector@d02a4e for ExtensionPoints [interface org.opennms.netmgt.provision.AsyncServiceDetector, interface org.opennms.netmgt.provision.ServiceDetector]
2017-09-26 23:19:00,148 INFO  [Main] DefaultPluginRegistry: Register Extension org.opennms.netmgt.provision.detector.simple.MemcachedDetector@897088 for ExtensionPoints [interface org.opennms.netmgt.provision.AsyncServiceDetector, interface org.opennms.netmgt.provision.ServiceDetector]
2017-09-26 23:19:00,148 INFO  [Main] DefaultPluginRegistry: Register Extension org.opennms.netmgt.provision.detector.simple.NotesHttpDetector@13b0168 for ExtensionPoints [interface org.opennms.netmgt.provision.AsyncServiceDetector, interface org.opennms.netmgt.provision.ServiceDetector]
2017-09-26 23:19:00,148 INFO  [Main] DefaultPluginRegistry: Register Extension org.opennms.netmgt.provision.detector.simple.Pop3Detector@d962dc for ExtensionPoints [interface org.opennms.netmgt.provision.AsyncServiceDetector, interface org.opennms.netmgt.provision.ServiceDetector]
2017-09-26 23:19:00,148 INFO  [Main] DefaultPluginRegistry: Register Extension org.opennms.netmgt.provision.detector.simple.SmtpDetector@1e9881c for ExtensionPoints [interface org.opennms.netmgt.provision.AsyncServiceDetector, interface org.opennms.netmgt.provision.ServiceDetector]
2017-09-26 23:19:00,148 INFO  [Main] DefaultPluginRegistry: Register Extension org.opennms.netmgt.provision.detector.simple.TcpDetector@e722be for ExtensionPoints [interface org.opennms.netmgt.provision.AsyncServiceDetector, interface org.opennms.netmgt.provision.ServiceDetector]
2017-09-26 23:19:00,148 INFO  [Main] DefaultPluginRegistry: Register Extension org.opennms.netmgt.provision.detector.bsf.BSFDetector@171e534 for ExtensionPoints [interface org.opennms.netmgt.provision.SyncServiceDetector, interface org.opennms.netmgt.provision.ServiceDetector]
2017-09-26 23:19:00,148 INFO  [Main] DefaultPluginRegistry: Register Extension org.opennms.netmgt.provision.detector.datagram.DnsDetector@7efa4a for ExtensionPoints [interface org.opennms.netmgt.provision.SyncServiceDetector, interface org.opennms.netmgt.provision.ServiceDetector]
2017-09-26 23:19:00,148 INFO  [Main] DefaultPluginRegistry: Register Extension org.opennms.netmgt.provision.detector.datagram.NtpDetector@6217b5 for ExtensionPoints [interface org.opennms.netmgt.provision.SyncServiceDetector, interface org.opennms.netmgt.provision.ServiceDetector]
2017-09-26 23:19:00,148 INFO  [Main] DefaultPluginRegistry: Register Extension org.opennms.netmgt.provision.detector.jdbc.JdbcDetector@285ea for ExtensionPoints [interface org.opennms.netmgt.provision.SyncServiceDetector, interface org.opennms.netmgt.provision.ServiceDetector]
2017-09-26 23:19:00,148 INFO  [Main] DefaultPluginRegistry: Register Extension org.opennms.netmgt.provision.detector.jdbc.JdbcQueryDetector@1a5e98e for ExtensionPoints [interface org.opennms.netmgt.provision.SyncServiceDetector, interface org.opennms.netmgt.provision.ServiceDetector]
2017-09-26 23:19:00,148 INFO  [Main] DefaultPluginRegistry: Register Extension org.opennms.netmgt.provision.detector.jdbc.JdbcStoredProcedureDetector@188927c for ExtensionPoints [interface org.opennms.netmgt.provision.SyncServiceDetector, interface org.opennms.netmgt.provision.ServiceDetector]
2017-09-26 23:19:00,149 INFO  [Main] DefaultPluginRegistry: Register Extension org.opennms.netmgt.provision.detector.jmx.JBossDetector@14915ef for ExtensionPoints [interface org.opennms.netmgt.provision.SyncServiceDetector, interface org.opennms.netmgt.provision.ServiceDetector]
2017-09-26 23:19:00,149 INFO  [Main] DefaultPluginRegistry: Register Extension org.opennms.netmgt.provision.detector.jmx.Jsr160Detector@13f1b4a for ExtensionPoints [interface org.opennms.netmgt.provision.SyncServiceDetector, interface org.opennms.netmgt.provision.ServiceDetector]
2017-09-26 23:19:00,149 INFO  [Main] DefaultPluginRegistry: Register Extension org.opennms.netmgt.provision.detector.jmx.MX4JDetector@18cf4e for ExtensionPoints [interface org.opennms.netmgt.provision.SyncServiceDetector, interface org.opennms.netmgt.provision.ServiceDetector]
2017-09-26 23:19:00,149 INFO  [Main] DefaultPluginRegistry: Register Extension org.opennms.netmgt.provision.detector.simple.DominoIIOPDetector@d22fe3 for ExtensionPoints [interface org.opennms.netmgt.provision.SyncServiceDetector, interface org.opennms.netmgt.provision.ServiceDetector]
2017-09-26 23:19:00,149 INFO  [Main] DefaultPluginRegistry: Register Extension org.opennms.netmgt.provision.detector.simple.LdapDetector@145f1f1 for ExtensionPoints [interface org.opennms.netmgt.provision.SyncServiceDetector, interface org.opennms.netmgt.provision.ServiceDetector]
2017-09-26 23:19:00,149 INFO  [Main] DefaultPluginRegistry: Register Extension org.opennms.netmgt.provision.detector.simple.LdapsDetector@10f1020 for ExtensionPoints [interface org.opennms.netmgt.provision.SyncServiceDetector, interface org.opennms.netmgt.provision.ServiceDetector]
2017-09-26 23:19:00,149 INFO  [Main] DefaultPluginRegistry: Register Extension org.opennms.netmgt.provision.detector.simple.NrpeDetector@1ebb6db for ExtensionPoints [interface org.opennms.netmgt.provision.SyncServiceDetector, interface org.opennms.netmgt.provision.ServiceDetector]
2017-09-26 23:19:00,149 INFO  [Main] DefaultPluginRegistry: Register Extension org.opennms.netmgt.provision.detector.simple.TrivialTimeDetector@31fd77 for ExtensionPoints [interface org.opennms.netmgt.provision.SyncServiceDetector, interface org.opennms.netmgt.provision.ServiceDetector]
2017-09-26 23:19:00,149 INFO  [Main] DefaultPluginRegistry: Register Extension org.opennms.netmgt.provision.detector.msexchange.MSExchangeDetector@1f7c618 for ExtensionPoints [interface org.opennms.netmgt.provision.SyncServiceDetector, interface org.opennms.netmgt.provision.ServiceDetector]
2017-09-26 23:19:00,149 INFO  [Main] DefaultPluginRegistry: Register Extension org.opennms.netmgt.provision.detector.icmp.IcmpDetector@1ee8f30 for ExtensionPoints [interface org.opennms.netmgt.provision.SyncServiceDetector, interface org.opennms.netmgt.provision.ServiceDetector]
2017-09-26 23:19:00,150 INFO  [Main] DefaultPluginRegistry: Register Extension org.opennms.netmgt.provision.detector.snmp.BgpSessionDetector@faaed8 for ExtensionPoints [interface org.opennms.netmgt.provision.SyncServiceDetector, interface org.opennms.netmgt.provision.ServiceDetector]
2017-09-26 23:19:00,150 INFO  [Main] DefaultPluginRegistry: Register Extension org.opennms.netmgt.provision.detector.snmp.CiscoIpSlaDetector@1ed0528 for ExtensionPoints [interface org.opennms.netmgt.provision.SyncServiceDetector, interface org.opennms.netmgt.provision.ServiceDetector]
2017-09-26 23:19:00,150 INFO  [Main] DefaultPluginRegistry: Register Extension org.opennms.netmgt.provision.detector.snmp.DiskUsageDetector@1ed9578 for ExtensionPoints [interface org.opennms.netmgt.provision.SyncServiceDetector, interface org.opennms.netmgt.provision.ServiceDetector]
2017-09-26 23:19:00,150 INFO  [Main] DefaultPluginRegistry: Register Extension org.opennms.netmgt.provision.detector.snmp.HostResourceSWRunDetector@effa45 for ExtensionPoints [interface org.opennms.netmgt.provision.SyncServiceDetector, interface org.opennms.netmgt.provision.ServiceDetector]
2017-09-26 23:19:00,150 INFO  [Main] DefaultPluginRegistry: Register Extension org.opennms.netmgt.provision.detector.snmp.OmsaStorageDetector@117d2c0 for ExtensionPoints [interface org.opennms.netmgt.provision.SyncServiceDetector, interface org.opennms.netmgt.provision.ServiceDetector]
2017-09-26 23:19:00,150 INFO  [Main] DefaultPluginRegistry: Register Extension org.opennms.netmgt.provision.detector.snmp.OpenManageChassisDetector@10d4718 for ExtensionPoints [interface org.opennms.netmgt.provision.SyncServiceDetector, interface org.opennms.netmgt.provision.ServiceDetector]
2017-09-26 23:19:00,150 INFO  [Main] DefaultPluginRegistry: Register Extension org.opennms.netmgt.provision.detector.snmp.PercDetector@b6878e for ExtensionPoints [interface org.opennms.netmgt.provision.SyncServiceDetector, interface org.opennms.netmgt.provision.ServiceDetector]
2017-09-26 23:19:00,150 INFO  [Main] DefaultPluginRegistry: Register Extension org.opennms.netmgt.provision.detector.snmp.SnmpDetector@17da60e for ExtensionPoints [interface org.opennms.netmgt.provision.SyncServiceDetector, interface org.opennms.netmgt.provision.ServiceDetector]
2017-09-26 23:19:00,150 INFO  [Main] DefaultPluginRegistry: Register Extension org.opennms.netmgt.provision.detector.snmp.Win32ServiceDetector@2108e0 for ExtensionPoints [interface org.opennms.netmgt.provision.SyncServiceDetector, interface org.opennms.netmgt.provision.ServiceDetector]
2017-09-26 23:19:00,150 INFO  [Main] DefaultPluginRegistry: Register Extension org.opennms.netmgt.provision.detector.smb.SmbDetector@cde5b0 for ExtensionPoints [interface org.opennms.netmgt.provision.SyncServiceDetector, interface org.opennms.netmgt.provision.ServiceDetector]
2017-09-26 23:19:00,150 INFO  [Main] DefaultPluginRegistry: Register Extension org.opennms.netmgt.provision.detector.loop.LoopDetector@1a298b0 for ExtensionPoints [interface org.opennms.netmgt.provision.SyncServiceDetector, interface org.opennms.netmgt.provision.ServiceDetector]
2017-09-26 23:19:00,151 INFO  [Main] DefaultPluginRegistry: Register Extension org.opennms.netmgt.provision.detector.sms.SmsDetector@1d67094 for ExtensionPoints [interface org.opennms.netmgt.provision.SyncServiceDetector, interface org.opennms.netmgt.provision.ServiceDetector]
2017-09-26 23:19:00,151 INFO  [Main] DefaultPluginRegistry: Register Extension org.opennms.netmgt.provision.detector.ssh.SshDetector@1792e85 for ExtensionPoints [interface org.opennms.netmgt.provision.SyncServiceDetector, interface org.opennms.netmgt.provision.ServiceDetector]
2017-09-26 23:19:00,151 INFO  [Main] DefaultPluginRegistry: Register Extension org.opennms.netmgt.provision.detector.web.WebDetector@dd499a for ExtensionPoints [interface org.opennms.netmgt.provision.SyncServiceDetector, interface org.opennms.netmgt.provision.ServiceDetector]
2017-09-26 23:19:00,151 INFO  [Main] DefaultPluginRegistry: Register Extension org.opennms.netmgt.provision.detector.endpoint.EndPointDetector@b20fb for ExtensionPoints [interface org.opennms.netmgt.provision.SyncServiceDetector, interface org.opennms.netmgt.provision.ServiceDetector]
2017-09-26 23:19:00,151 INFO  [Main] DefaultPluginRegistry: Register Extension org.opennms.netmgt.provision.detector.wmi.WmiDetector@a2544d for ExtensionPoints [interface org.opennms.netmgt.provision.SyncServiceDetector, interface org.opennms.netmgt.provision.ServiceDetector]
2017-09-26 23:19:00,151 INFO  [Main] DefaultPluginRegistry: Register Extension org.opennms.netmgt.provision.persist.policies.NodeCategorySettingPolicy@898590 for ExtensionPoints [interface org.opennms.netmgt.provision.NodePolicy, interface org.opennms.netmgt.provision.OnmsPolicy]
2017-09-26 23:19:00,151 INFO  [Main] DefaultPluginRegistry: Register Extension org.opennms.netmgt.provision.persist.policies.MatchingIpInterfacePolicy@19fcd69 for ExtensionPoints [interface org.opennms.netmgt.provision.IpInterfacePolicy, interface org.opennms.netmgt.provision.OnmsPolicy]
2017-09-26 23:19:00,151 INFO  [Main] DefaultPluginRegistry: Register Extension org.opennms.netmgt.provision.persist.policies.MatchingSnmpInterfacePolicy@1eda26a for ExtensionPoints [interface org.opennms.netmgt.provision.SnmpInterfacePolicy, interface org.opennms.netmgt.provision.OnmsPolicy]
2017-09-26 23:19:00,289 INFO  [Main] DefaultLinkAdapterConfigurationDao: Loaded Map Link Adapter Configuration in 2ms
2017-09-26 23:19:00,778 INFO  [Main] ImportScheduler: calendarNames: 
2017-09-26 23:19:00,778 INFO  [Main] ImportScheduler: current executing jobs: 
2017-09-26 23:19:00,778 INFO  [Main] ImportScheduler: current job names: 
2017-09-26 23:19:00,780 INFO  [Main] ImportScheduler: scheduler metadata: Quartz Scheduler (vnull.null.null) 'provisiond' with instanceId 'NON_CLUSTERED'
  Scheduler class: 'org.quartz.impl.StdScheduler' - running locally.
NOT STARTED.
  Currently in standby mode.
  Number of jobs executed: 0
  Using thread pool 'org.quartz.simpl.SimpleThreadPool' - with 10 threads.
  Using job-store 'org.quartz.simpl.RAMJobStore' - which does not support persistence.

2017-09-26 23:19:00,780 INFO  [Main] ImportScheduler: trigger names: 
2017-09-26 23:19:02,219 INFO  [MapSyncExecutor] MapProvisioningAdapter: syncMaps: acquiring lock...
2017-09-26 23:19:02,366 INFO  [MapSyncExecutor] MapProvisioningAdapter: syncMaps: lock released.
2017-09-26 23:20:08,754 INFO  [LinkEventCorrelator] EventIpcManagerDefaultImpl: run: calling onEvent on LinkEventCorrelator for event uei.opennms.org/nodes/nodeRegainedService dbid 63412 with time 2017-9-26 23:20:08
2017-09-26 23:21:41,949 INFO  [Main] DefaultProvisiondConfigurationDao: Loaded Provisiond Configuration in 23ms
2017-09-26 23:21:43,899 INFO  [Main] DefaultPluginRegistry: Register Extension org.opennms.netmgt.provision.detector.simple.CitrixDetector@1df09e for ExtensionPoints [interface org.opennms.netmgt.provision.AsyncServiceDetector, interface org.opennms.netmgt.provision.ServiceDetector]
2017-09-26 23:21:43,901 INFO  [Main] DefaultPluginRegistry: Register Extension org.opennms.netmgt.provision.detector.simple.FtpDetector@1a0434a for ExtensionPoints [interface org.opennms.netmgt.provision.AsyncServiceDetector, interface org.opennms.netmgt.provision.ServiceDetector]
2017-09-26 23:21:43,901 INFO  [Main] DefaultPluginRegistry: Register Extension org.opennms.netmgt.provision.detector.simple.HttpDetector@a1e25f for ExtensionPoints [interface org.opennms.netmgt.provision.AsyncServiceDetector, interface org.opennms.netmgt.provision.ServiceDetector]
2017-09-26 23:21:43,901 INFO  [Main] DefaultPluginRegistry: Register Extension org.opennms.netmgt.provision.detector.simple.HttpsDetector@14e2e4 for ExtensionPoints [interface org.opennms.netmgt.provision.AsyncServiceDetector, interface org.opennms.netmgt.provision.ServiceDetector]
2017-09-26 23:21:43,902 INFO  [Main] DefaultPluginRegistry: Register Extension org.opennms.netmgt.provision.detector.simple.ImapDetector@13be9da for ExtensionPoints [interface org.opennms.netmgt.provision.AsyncServiceDetector, interface org.opennms.netmgt.provision.ServiceDetector]
2017-09-26 23:21:43,902 INFO  [Main] DefaultPluginRegistry: Register Extension org.opennms.netmgt.provision.detector.simple.MemcachedDetector@760ab8 for ExtensionPoints [interface org.opennms.netmgt.provision.AsyncServiceDetector, interface org.opennms.netmgt.provision.ServiceDetector]
2017-09-26 23:21:43,902 INFO  [Main] DefaultPluginRegistry: Register Extension org.opennms.netmgt.provision.detector.simple.NotesHttpDetector@1b9e781 for ExtensionPoints [interface org.opennms.netmgt.provision.AsyncServiceDetector, interface org.opennms.netmgt.provision.ServiceDetector]
2017-09-26 23:21:43,902 INFO  [Main] DefaultPluginRegistry: Register Extension org.opennms.netmgt.provision.detector.simple.Pop3Detector@dfa54 for ExtensionPoints [interface org.opennms.netmgt.provision.AsyncServiceDetector, interface org.opennms.netmgt.provision.ServiceDetector]
2017-09-26 23:21:43,902 INFO  [Main] DefaultPluginRegistry: Register Extension org.opennms.netmgt.provision.detector.simple.SmtpDetector@1ada908 for ExtensionPoints [interface org.opennms.netmgt.provision.AsyncServiceDetector, interface org.opennms.netmgt.provision.ServiceDetector]
2017-09-26 23:21:43,902 INFO  [Main] DefaultPluginRegistry: Register Extension org.opennms.netmgt.provision.detector.simple.TcpDetector@344f21 for ExtensionPoints [interface org.opennms.netmgt.provision.AsyncServiceDetector, interface org.opennms.netmgt.provision.ServiceDetector]
2017-09-26 23:21:43,902 INFO  [Main] DefaultPluginRegistry: Register Extension org.opennms.netmgt.provision.detector.bsf.BSFDetector@108d041 for ExtensionPoints [interface org.opennms.netmgt.provision.SyncServiceDetector, interface org.opennms.netmgt.provision.ServiceDetector]
2017-09-26 23:21:43,902 INFO  [Main] DefaultPluginRegistry: Register Extension org.opennms.netmgt.provision.detector.datagram.DnsDetector@1a05bee for ExtensionPoints [interface org.opennms.netmgt.provision.SyncServiceDetector, interface org.opennms.netmgt.provision.ServiceDetector]
2017-09-26 23:21:43,903 INFO  [Main] DefaultPluginRegistry: Register Extension org.opennms.netmgt.provision.detector.datagram.NtpDetector@f39c6f for ExtensionPoints [interface org.opennms.netmgt.provision.SyncServiceDetector, interface org.opennms.netmgt.provision.ServiceDetector]
2017-09-26 23:21:43,903 INFO  [Main] DefaultPluginRegistry: Register Extension org.opennms.netmgt.provision.detector.jdbc.JdbcDetector@1a34b49 for ExtensionPoints [interface org.opennms.netmgt.provision.SyncServiceDetector, interface org.opennms.netmgt.provision.ServiceDetector]
2017-09-26 23:21:43,903 INFO  [Main] DefaultPluginRegistry: Register Extension org.opennms.netmgt.provision.detector.jdbc.JdbcQueryDetector@1a3ab97 for ExtensionPoints [interface org.opennms.netmgt.provision.SyncServiceDetector, interface org.opennms.netmgt.provision.ServiceDetector]
2017-09-26 23:21:43,903 INFO  [Main] DefaultPluginRegistry: Register Extension org.opennms.netmgt.provision.detector.jdbc.JdbcStoredProcedureDetector@564d7f for ExtensionPoints [interface org.opennms.netmgt.provision.SyncServiceDetector, interface org.opennms.netmgt.provision.ServiceDetector]
2017-09-26 23:21:43,903 INFO  [Main] DefaultPluginRegistry: Register Extension org.opennms.netmgt.provision.detector.jmx.JBossDetector@1fa0884 for ExtensionPoints [interface org.opennms.netmgt.provision.SyncServiceDetector, interface org.opennms.netmgt.provision.ServiceDetector]
2017-09-26 23:21:43,903 INFO  [Main] DefaultPluginRegistry: Register Extension org.opennms.netmgt.provision.detector.jmx.Jsr160Detector@453a1a for ExtensionPoints [interface org.opennms.netmgt.provision.SyncServiceDetector, interface org.opennms.netmgt.provision.ServiceDetector]
2017-09-26 23:21:43,903 INFO  [Main] DefaultPluginRegistry: Register Extension org.opennms.netmgt.provision.detector.jmx.MX4JDetector@e9af42 for ExtensionPoints [interface org.opennms.netmgt.provision.SyncServiceDetector, interface org.opennms.netmgt.provision.ServiceDetector]
2017-09-26 23:21:43,903 INFO  [Main] DefaultPluginRegistry: Register Extension org.opennms.netmgt.provision.detector.simple.DominoIIOPDetector@1f1530b for ExtensionPoints [interface org.opennms.netmgt.provision.SyncServiceDetector, interface org.opennms.netmgt.provision.ServiceDetector]
2017-09-26 23:21:43,903 INFO  [Main] DefaultPluginRegistry: Register Extension org.opennms.netmgt.provision.detector.simple.LdapDetector@832c7d for ExtensionPoints [interface org.opennms.netmgt.provision.SyncServiceDetector, interface org.opennms.netmgt.provision.ServiceDetector]
2017-09-26 23:21:43,903 INFO  [Main] DefaultPluginRegistry: Register Extension org.opennms.netmgt.provision.detector.simple.LdapsDetector@1ddcd10 for ExtensionPoints [interface org.opennms.netmgt.provision.SyncServiceDetector, interface org.opennms.netmgt.provision.ServiceDetector]
2017-09-26 23:21:43,903 INFO  [Main] DefaultPluginRegistry: Register Extension org.opennms.netmgt.provision.detector.simple.NrpeDetector@c1edfd for ExtensionPoints [interface org.opennms.netmgt.provision.SyncServiceDetector, interface org.opennms.netmgt.provision.ServiceDetector]
2017-09-26 23:21:43,904 INFO  [Main] DefaultPluginRegistry: Register Extension org.opennms.netmgt.provision.detector.simple.TrivialTimeDetector@1ef828f for ExtensionPoints [interface org.opennms.netmgt.provision.SyncServiceDetector, interface org.opennms.netmgt.provision.ServiceDetector]
2017-09-26 23:21:43,904 INFO  [Main] DefaultPluginRegistry: Register Extension org.opennms.netmgt.provision.detector.msexchange.MSExchangeDetector@1649c1a for ExtensionPoints [interface org.opennms.netmgt.provision.SyncServiceDetector, interface org.opennms.netmgt.provision.ServiceDetector]
2017-09-26 23:21:43,904 INFO  [Main] DefaultPluginRegistry: Register Extension org.opennms.netmgt.provision.detector.icmp.IcmpDetector@4499bb for ExtensionPoints [interface org.opennms.netmgt.provision.SyncServiceDetector, interface org.opennms.netmgt.provision.ServiceDetector]
2017-09-26 23:21:43,904 INFO  [Main] DefaultPluginRegistry: Register Extension org.opennms.netmgt.provision.detector.snmp.BgpSessionDetector@1c8fe98 for ExtensionPoints [interface org.opennms.netmgt.provision.SyncServiceDetector, interface org.opennms.netmgt.provision.ServiceDetector]
2017-09-26 23:21:43,904 INFO  [Main] DefaultPluginRegistry: Register Extension org.opennms.netmgt.provision.detector.snmp.CiscoIpSlaDetector@c2e991 for ExtensionPoints [interface org.opennms.netmgt.provision.SyncServiceDetector, interface org.opennms.netmgt.provision.ServiceDetector]
2017-09-26 23:21:43,904 INFO  [Main] DefaultPluginRegistry: Register Extension org.opennms.netmgt.provision.detector.snmp.DiskUsageDetector@745f31 for ExtensionPoints [interface org.opennms.netmgt.provision.SyncServiceDetector, interface org.opennms.netmgt.provision.ServiceDetector]
2017-09-26 23:21:43,904 INFO  [Main] DefaultPluginRegistry: Register Extension org.opennms.netmgt.provision.detector.snmp.HostResourceSWRunDetector@15b234 for ExtensionPoints [interface org.opennms.netmgt.provision.SyncServiceDetector, interface org.opennms.netmgt.provision.ServiceDetector]
2017-09-26 23:21:43,904 INFO  [Main] DefaultPluginRegistry: Register Extension org.opennms.netmgt.provision.detector.snmp.OmsaStorageDetector@6691b6 for ExtensionPoints [interface org.opennms.netmgt.provision.SyncServiceDetector, interface org.opennms.netmgt.provision.ServiceDetector]
2017-09-26 23:21:43,904 INFO  [Main] DefaultPluginRegistry: Register Extension org.opennms.netmgt.provision.detector.snmp.OpenManageChassisDetector@1e8783f for ExtensionPoints [interface org.opennms.netmgt.provision.SyncServiceDetector, interface org.opennms.netmgt.provision.ServiceDetector]
2017-09-26 23:21:43,904 INFO  [Main] DefaultPluginRegistry: Register Extension org.opennms.netmgt.provision.detector.snmp.PercDetector@12e9d2f for ExtensionPoints [interface org.opennms.netmgt.provision.SyncServiceDetector, interface org.opennms.netmgt.provision.ServiceDetector]
2017-09-26 23:21:43,905 INFO  [Main] DefaultPluginRegistry: Register Extension org.opennms.netmgt.provision.detector.snmp.SnmpDetector@151a97a for ExtensionPoints [interface org.opennms.netmgt.provision.SyncServiceDetector, interface org.opennms.netmgt.provision.ServiceDetector]
2017-09-26 23:21:43,905 INFO  [Main] DefaultPluginRegistry: Register Extension org.opennms.netmgt.provision.detector.snmp.Win32ServiceDetector@4dc0a8 for ExtensionPoints [interface org.opennms.netmgt.provision.SyncServiceDetector, interface org.opennms.netmgt.provision.ServiceDetector]
2017-09-26 23:21:43,905 INFO  [Main] DefaultPluginRegistry: Register Extension org.opennms.netmgt.provision.detector.smb.SmbDetector@a35be7 for ExtensionPoints [interface org.opennms.netmgt.provision.SyncServiceDetector, interface org.opennms.netmgt.provision.ServiceDetector]
2017-09-26 23:21:43,905 INFO  [Main] DefaultPluginRegistry: Register Extension org.opennms.netmgt.provision.detector.loop.LoopDetector@e6bde5 for ExtensionPoints [interface org.opennms.netmgt.provision.SyncServiceDetector, interface org.opennms.netmgt.provision.ServiceDetector]
2017-09-26 23:21:43,905 INFO  [Main] DefaultPluginRegistry: Register Extension org.opennms.netmgt.provision.detector.sms.SmsDetector@bd26ac for ExtensionPoints [interface org.opennms.netmgt.provision.SyncServiceDetector, interface org.opennms.netmgt.provision.ServiceDetector]
2017-09-26 23:21:43,905 INFO  [Main] DefaultPluginRegistry: Register Extension org.opennms.netmgt.provision.detector.ssh.SshDetector@361df9 for ExtensionPoints [interface org.opennms.netmgt.provision.SyncServiceDetector, interface org.opennms.netmgt.provision.ServiceDetector]
2017-09-26 23:21:43,905 INFO  [Main] DefaultPluginRegistry: Register Extension org.opennms.netmgt.provision.detector.web.WebDetector@ea0310 for ExtensionPoints [interface org.opennms.netmgt.provision.SyncServiceDetector, interface org.opennms.netmgt.provision.ServiceDetector]
2017-09-26 23:21:43,905 INFO  [Main] DefaultPluginRegistry: Register Extension org.opennms.netmgt.provision.detector.endpoint.EndPointDetector@16f3e11 for ExtensionPoints [interface org.opennms.netmgt.provision.SyncServiceDetector, interface org.opennms.netmgt.provision.ServiceDetector]
2017-09-26 23:21:43,905 INFO  [Main] DefaultPluginRegistry: Register Extension org.opennms.netmgt.provision.detector.wmi.WmiDetector@53eb8c for ExtensionPoints [interface org.opennms.netmgt.provision.SyncServiceDetector, interface org.opennms.netmgt.provision.ServiceDetector]
2017-09-26 23:21:43,905 INFO  [Main] DefaultPluginRegistry: Register Extension org.opennms.netmgt.provision.persist.policies.NodeCategorySettingPolicy@5e724f for ExtensionPoints [interface org.opennms.netmgt.provision.NodePolicy, interface org.opennms.netmgt.provision.OnmsPolicy]
2017-09-26 23:21:43,906 INFO  [Main] DefaultPluginRegistry: Register Extension org.opennms.netmgt.provision.persist.policies.MatchingIpInterfacePolicy@12471df for ExtensionPoints [interface org.opennms.netmgt.provision.IpInterfacePolicy, interface org.opennms.netmgt.provision.OnmsPolicy]
2017-09-26 23:21:43,906 INFO  [Main] DefaultPluginRegistry: Register Extension org.opennms.netmgt.provision.persist.policies.MatchingSnmpInterfacePolicy@1889649 for ExtensionPoints [interface org.opennms.netmgt.provision.SnmpInterfacePolicy, interface org.opennms.netmgt.provision.OnmsPolicy]
2017-09-26 23:21:44,052 INFO  [Main] DefaultLinkAdapterConfigurationDao: Loaded Map Link Adapter Configuration in 3ms
2017-09-26 23:21:44,499 INFO  [Main] ImportScheduler: calendarNames: 
2017-09-26 23:21:44,499 INFO  [Main] ImportScheduler: current executing jobs: 
2017-09-26 23:21:44,499 INFO  [Main] ImportScheduler: current job names: 
2017-09-26 23:21:44,499 INFO  [Main] ImportScheduler: scheduler metadata: Quartz Scheduler (vnull.null.null) 'provisiond' with instanceId 'NON_CLUSTERED'
  Scheduler class: 'org.quartz.impl.StdScheduler' - running locally.
NOT STARTED.
  Currently in standby mode.
  Number of jobs executed: 0
  Using thread pool 'org.quartz.simpl.SimpleThreadPool' - with 10 threads.
  Using job-store 'org.quartz.simpl.RAMJobStore' - which does not support persistence.

2017-09-26 23:21:44,499 INFO  [Main] ImportScheduler: trigger names: 
2017-09-26 23:21:45,951 INFO  [MapSyncExecutor] MapProvisioningAdapter: syncMaps: acquiring lock...
2017-09-26 23:21:46,097 INFO  [MapSyncExecutor] MapProvisioningAdapter: syncMaps: lock released.
2017-09-26 23:21:48,472 INFO  [LinkEventCorrelator] EventIpcManagerDefaultImpl: run: calling onEvent on LinkEventCorrelator for event uei.opennms.org/nodes/nodeLostService dbid 63421 with time 2017-9-26 23:21:48
2017-09-27 00:00:33,356 INFO  [Main] DefaultProvisiondConfigurationDao: Loaded Provisiond Configuration in 63ms
2017-09-27 00:00:38,177 INFO  [Main] DefaultPluginRegistry: Register Extension org.opennms.netmgt.provision.detector.simple.CitrixDetector@1c6b452 for ExtensionPoints [interface org.opennms.netmgt.provision.AsyncServiceDetector, interface org.opennms.netmgt.provision.ServiceDetector]
2017-09-27 00:00:38,179 INFO  [Main] DefaultPluginRegistry: Register Extension org.opennms.netmgt.provision.detector.simple.FtpDetector@68add9 for ExtensionPoints [interface org.opennms.netmgt.provision.AsyncServiceDetector, interface org.opennms.netmgt.provision.ServiceDetector]
2017-09-27 00:00:38,179 INFO  [Main] DefaultPluginRegistry: Register Extension org.opennms.netmgt.provision.detector.simple.HttpDetector@6d9856 for ExtensionPoints [interface org.opennms.netmgt.provision.AsyncServiceDetector, interface org.opennms.netmgt.provision.ServiceDetector]
2017-09-27 00:00:38,180 INFO  [Main] DefaultPluginRegistry: Register Extension org.opennms.netmgt.provision.detector.simple.HttpsDetector@12c3c79 for ExtensionPoints [interface org.opennms.netmgt.provision.AsyncServiceDetector, interface org.opennms.netmgt.provision.ServiceDetector]
2017-09-27 00:00:38,180 INFO  [Main] DefaultPluginRegistry: Register Extension org.opennms.netmgt.provision.detector.simple.ImapDetector@13664f4 for ExtensionPoints [interface org.opennms.netmgt.provision.AsyncServiceDetector, interface org.opennms.netmgt.provision.ServiceDetector]
2017-09-27 00:00:38,180 INFO  [Main] DefaultPluginRegistry: Register Extension org.opennms.netmgt.provision.detector.simple.MemcachedDetector@1df09e for ExtensionPoints [interface org.opennms.netmgt.provision.AsyncServiceDetector, interface org.opennms.netmgt.provision.ServiceDetector]
2017-09-27 00:00:38,180 INFO  [Main] DefaultPluginRegistry: Register Extension org.opennms.netmgt.provision.detector.simple.NotesHttpDetector@1a0434a for ExtensionPoints [interface org.opennms.netmgt.provision.AsyncServiceDetector, interface org.opennms.netmgt.provision.ServiceDetector]
2017-09-27 00:00:38,180 INFO  [Main] DefaultPluginRegistry: Register Extension org.opennms.netmgt.provision.detector.simple.Pop3Detector@a1e25f for ExtensionPoints [interface org.opennms.netmgt.provision.AsyncServiceDetector, interface org.opennms.netmgt.provision.ServiceDetector]
2017-09-27 00:00:38,180 INFO  [Main] DefaultPluginRegistry: Register Extension org.opennms.netmgt.provision.detector.simple.SmtpDetector@14e2e4 for ExtensionPoints [interface org.opennms.netmgt.provision.AsyncServiceDetector, interface org.opennms.netmgt.provision.ServiceDetector]
2017-09-27 00:00:38,180 INFO  [Main] DefaultPluginRegistry: Register Extension org.opennms.netmgt.provision.detector.simple.TcpDetector@13be9da for ExtensionPoints [interface org.opennms.netmgt.provision.AsyncServiceDetector, interface org.opennms.netmgt.provision.ServiceDetector]
2017-09-27 00:00:38,180 INFO  [Main] DefaultPluginRegistry: Register Extension org.opennms.netmgt.provision.detector.bsf.BSFDetector@1545750 for ExtensionPoints [interface org.opennms.netmgt.provision.SyncServiceDetector, interface org.opennms.netmgt.provision.ServiceDetector]
2017-09-27 00:00:38,180 INFO  [Main] DefaultPluginRegistry: Register Extension org.opennms.netmgt.provision.detector.datagram.DnsDetector@30639e for ExtensionPoints [interface org.opennms.netmgt.provision.SyncServiceDetector, interface org.opennms.netmgt.provision.ServiceDetector]
2017-09-27 00:00:38,180 INFO  [Main] DefaultPluginRegistry: Register Extension org.opennms.netmgt.provision.detector.datagram.NtpDetector@dc298d for ExtensionPoints [interface org.opennms.netmgt.provision.SyncServiceDetector, interface org.opennms.netmgt.provision.ServiceDetector]
2017-09-27 00:00:38,180 INFO  [Main] DefaultPluginRegistry: Register Extension org.opennms.netmgt.provision.detector.jdbc.JdbcDetector@2c26ff for ExtensionPoints [interface org.opennms.netmgt.provision.SyncServiceDetector, interface org.opennms.netmgt.provision.ServiceDetector]
2017-09-27 00:00:38,181 INFO  [Main] DefaultPluginRegistry: Register Extension org.opennms.netmgt.provision.detector.jdbc.JdbcQueryDetector@b43597 for ExtensionPoints [interface org.opennms.netmgt.provision.SyncServiceDetector, interface org.opennms.netmgt.provision.ServiceDetector]
2017-09-27 00:00:38,181 INFO  [Main] DefaultPluginRegistry: Register Extension org.opennms.netmgt.provision.detector.jdbc.JdbcStoredProcedureDetector@12a605b for ExtensionPoints [interface org.opennms.netmgt.provision.SyncServiceDetector, interface org.opennms.netmgt.provision.ServiceDetector]
2017-09-27 00:00:38,181 INFO  [Main] DefaultPluginRegistry: Register Extension org.opennms.netmgt.provision.detector.jmx.JBossDetector@11bf6f6 for ExtensionPoints [interface org.opennms.netmgt.provision.SyncServiceDetector, interface org.opennms.netmgt.provision.ServiceDetector]
2017-09-27 00:00:38,181 INFO  [Main] DefaultPluginRegistry: Register Extension org.opennms.netmgt.provision.detector.jmx.Jsr160Detector@f29318 for ExtensionPoints [interface org.opennms.netmgt.provision.SyncServiceDetector, interface org.opennms.netmgt.provision.ServiceDetector]
2017-09-27 00:00:38,181 INFO  [Main] DefaultPluginRegistry: Register Extension org.opennms.netmgt.provision.detector.jmx.MX4JDetector@197458f for ExtensionPoints [interface org.opennms.netmgt.provision.SyncServiceDetector, interface org.opennms.netmgt.provision.ServiceDetector]
2017-09-27 00:00:38,181 INFO  [Main] DefaultPluginRegistry: Register Extension org.opennms.netmgt.provision.detector.simple.DominoIIOPDetector@57ec9f for ExtensionPoints [interface org.opennms.netmgt.provision.SyncServiceDetector, interface org.opennms.netmgt.provision.ServiceDetector]
2017-09-27 00:00:38,181 INFO  [Main] DefaultPluginRegistry: Register Extension org.opennms.netmgt.provision.detector.simple.LdapDetector@6ff24b for ExtensionPoints [interface org.opennms.netmgt.provision.SyncServiceDetector, interface org.opennms.netmgt.provision.ServiceDetector]
2017-09-27 00:00:38,181 INFO  [Main] DefaultPluginRegistry: Register Extension org.opennms.netmgt.provision.detector.simple.LdapsDetector@18c1a26 for ExtensionPoints [interface org.opennms.netmgt.provision.SyncServiceDetector, interface org.opennms.netmgt.provision.ServiceDetector]
2017-09-27 00:00:38,181 INFO  [Main] DefaultPluginRegistry: Register Extension org.opennms.netmgt.provision.detector.simple.NrpeDetector@108d041 for ExtensionPoints [interface org.opennms.netmgt.provision.SyncServiceDetector, interface org.opennms.netmgt.provision.ServiceDetector]
2017-09-27 00:00:38,181 INFO  [Main] DefaultPluginRegistry: Register Extension org.opennms.netmgt.provision.detector.simple.TrivialTimeDetector@1a05bee for ExtensionPoints [interface org.opennms.netmgt.provision.SyncServiceDetector, interface org.opennms.netmgt.provision.ServiceDetector]
2017-09-27 00:00:38,185 INFO  [Main] DefaultPluginRegistry: Register Extension org.opennms.netmgt.provision.detector.msexchange.MSExchangeDetector@f39c6f for ExtensionPoints [interface org.opennms.netmgt.provision.SyncServiceDetector, interface org.opennms.netmgt.provision.ServiceDetector]
2017-09-27 00:00:38,185 INFO  [Main] DefaultPluginRegistry: Register Extension org.opennms.netmgt.provision.detector.icmp.IcmpDetector@1a34b49 for ExtensionPoints [interface org.opennms.netmgt.provision.SyncServiceDetector, interface org.opennms.netmgt.provision.ServiceDetector]
2017-09-27 00:00:38,186 INFO  [Main] DefaultPluginRegistry: Register Extension org.opennms.netmgt.provision.detector.snmp.BgpSessionDetector@1a3ab97 for ExtensionPoints [interface org.opennms.netmgt.provision.SyncServiceDetector, interface org.opennms.netmgt.provision.ServiceDetector]
2017-09-27 00:00:38,186 INFO  [Main] DefaultPluginRegistry: Register Extension org.opennms.netmgt.provision.detector.snmp.CiscoIpSlaDetector@564d7f for ExtensionPoints [interface org.opennms.netmgt.provision.SyncServiceDetector, interface org.opennms.netmgt.provision.ServiceDetector]
2017-09-27 00:00:38,186 INFO  [Main] DefaultPluginRegistry: Register Extension org.opennms.netmgt.provision.detector.snmp.DiskUsageDetector@1fa0884 for ExtensionPoints [interface org.opennms.netmgt.provision.SyncServiceDetector, interface org.opennms.netmgt.provision.ServiceDetector]
2017-09-27 00:00:38,186 INFO  [Main] DefaultPluginRegistry: Register Extension org.opennms.netmgt.provision.detector.snmp.HostResourceSWRunDetector@453a1a for ExtensionPoints [interface org.opennms.netmgt.provision.SyncServiceDetector, interface org.opennms.netmgt.provision.ServiceDetector]
2017-09-27 00:00:38,186 INFO  [Main] DefaultPluginRegistry: Register Extension org.opennms.netmgt.provision.detector.snmp.OmsaStorageDetector@e9af42 for ExtensionPoints [interface org.opennms.netmgt.provision.SyncServiceDetector, interface org.opennms.netmgt.provision.ServiceDetector]
2017-09-27 00:00:38,186 INFO  [Main] DefaultPluginRegistry: Register Extension org.opennms.netmgt.provision.detector.snmp.OpenManageChassisDetector@1f1530b for ExtensionPoints [interface org.opennms.netmgt.provision.SyncServiceDetector, interface org.opennms.netmgt.provision.ServiceDetector]
2017-09-27 00:00:38,186 INFO  [Main] DefaultPluginRegistry: Register Extension org.opennms.netmgt.provision.detector.snmp.PercDetector@832c7d for ExtensionPoints [interface org.opennms.netmgt.provision.SyncServiceDetector, interface org.opennms.netmgt.provision.ServiceDetector]
2017-09-27 00:00:38,186 INFO  [Main] DefaultPluginRegistry: Register Extension org.opennms.netmgt.provision.detector.snmp.SnmpDetector@1ddcd10 for ExtensionPoints [interface org.opennms.netmgt.provision.SyncServiceDetector, interface org.opennms.netmgt.provision.ServiceDetector]
2017-09-27 00:00:38,186 INFO  [Main] DefaultPluginRegistry: Register Extension org.opennms.netmgt.provision.detector.snmp.Win32ServiceDetector@c1edfd for ExtensionPoints [interface org.opennms.netmgt.provision.SyncServiceDetector, interface org.opennms.netmgt.provision.ServiceDetector]
2017-09-27 00:00:38,186 INFO  [Main] DefaultPluginRegistry: Register Extension org.opennms.netmgt.provision.detector.smb.SmbDetector@1ef828f for ExtensionPoints [interface org.opennms.netmgt.provision.SyncServiceDetector, interface org.opennms.netmgt.provision.ServiceDetector]
2017-09-27 00:00:38,186 INFO  [Main] DefaultPluginRegistry: Register Extension org.opennms.netmgt.provision.detector.loop.LoopDetector@1649c1a for ExtensionPoints [interface org.opennms.netmgt.provision.SyncServiceDetector, interface org.opennms.netmgt.provision.ServiceDetector]
2017-09-27 00:00:38,187 INFO  [Main] DefaultPluginRegistry: Register Extension org.opennms.netmgt.provision.detector.sms.SmsDetector@4499bb for ExtensionPoints [interface org.opennms.netmgt.provision.SyncServiceDetector, interface org.opennms.netmgt.provision.ServiceDetector]
2017-09-27 00:00:38,187 INFO  [Main] DefaultPluginRegistry: Register Extension org.opennms.netmgt.provision.detector.ssh.SshDetector@1c8fe98 for ExtensionPoints [interface org.opennms.netmgt.provision.SyncServiceDetector, interface org.opennms.netmgt.provision.ServiceDetector]
2017-09-27 00:00:38,187 INFO  [Main] DefaultPluginRegistry: Register Extension org.opennms.netmgt.provision.detector.web.WebDetector@c2e991 for ExtensionPoints [interface org.opennms.netmgt.provision.SyncServiceDetector, interface org.opennms.netmgt.provision.ServiceDetector]
2017-09-27 00:00:38,187 INFO  [Main] DefaultPluginRegistry: Register Extension org.opennms.netmgt.provision.detector.endpoint.EndPointDetector@745f31 for ExtensionPoints [interface org.opennms.netmgt.provision.SyncServiceDetector, interface org.opennms.netmgt.provision.ServiceDetector]
2017-09-27 00:00:38,187 INFO  [Main] DefaultPluginRegistry: Register Extension org.opennms.netmgt.provision.detector.wmi.WmiDetector@15b234 for ExtensionPoints [interface org.opennms.netmgt.provision.SyncServiceDetector, interface org.opennms.netmgt.provision.ServiceDetector]
2017-09-27 00:00:38,187 INFO  [Main] DefaultPluginRegistry: Register Extension org.opennms.netmgt.provision.persist.policies.NodeCategorySettingPolicy@17af15a for ExtensionPoints [interface org.opennms.netmgt.provision.NodePolicy, interface org.opennms.netmgt.provision.OnmsPolicy]
2017-09-27 00:00:38,187 INFO  [Main] DefaultPluginRegistry: Register Extension org.opennms.netmgt.provision.persist.policies.MatchingIpInterfacePolicy@119ee5e for ExtensionPoints [interface org.opennms.netmgt.provision.IpInterfacePolicy, interface org.opennms.netmgt.provision.OnmsPolicy]
2017-09-27 00:00:38,187 INFO  [Main] DefaultPluginRegistry: Register Extension org.opennms.netmgt.provision.persist.policies.MatchingSnmpInterfacePolicy@1889649 for ExtensionPoints [interface org.opennms.netmgt.provision.SnmpInterfacePolicy, interface org.opennms.netmgt.provision.OnmsPolicy]
2017-09-27 00:00:38,369 INFO  [Main] DefaultLinkAdapterConfigurationDao: Loaded Map Link Adapter Configuration in 3ms
2017-09-27 00:00:38,960 INFO  [Main] ImportScheduler: calendarNames: 
2017-09-27 00:00:38,960 INFO  [Main] ImportScheduler: current executing jobs: 
2017-09-27 00:00:38,960 INFO  [Main] ImportScheduler: current job names: 
2017-09-27 00:00:38,962 INFO  [Main] ImportScheduler: scheduler metadata: Quartz Scheduler (vnull.null.null) 'provisiond' with instanceId 'NON_CLUSTERED'
  Scheduler class: 'org.quartz.impl.StdScheduler' - running locally.
NOT STARTED.
  Currently in standby mode.
  Number of jobs executed: 0
  Using thread pool 'org.quartz.simpl.SimpleThreadPool' - with 10 threads.
  Using job-store 'org.quartz.simpl.RAMJobStore' - which does not support persistence.

2017-09-27 00:00:38,962 INFO  [Main] ImportScheduler: trigger names: 
2017-09-27 00:00:42,916 INFO  [MapSyncExecutor] MapProvisioningAdapter: syncMaps: acquiring lock...
2017-09-27 00:00:43,147 INFO  [MapSyncExecutor] MapProvisioningAdapter: syncMaps: lock released.
2017-09-27 00:00:47,498 INFO  [LinkEventCorrelator] EventIpcManagerDefaultImpl: run: calling onEvent on LinkEventCorrelator for event uei.opennms.org/nodes/nodeLostService dbid 63443 with time 2017-9-27 0:00:47
2017-09-27 00:01:52,386 INFO  [LinkEventCorrelator] EventIpcManagerDefaultImpl: run: calling onEvent on LinkEventCorrelator for event uei.opennms.org/nodes/nodeRegainedService dbid 63444 with time 2017-9-27 0:01:52
2017-09-27 00:03:32,020 INFO  [Main] DefaultProvisiondConfigurationDao: Loaded Provisiond Configuration in 26ms
2017-09-27 00:03:34,113 INFO  [Main] DefaultPluginRegistry: Register Extension org.opennms.netmgt.provision.detector.simple.CitrixDetector@1f133e5 for ExtensionPoints [interface org.opennms.netmgt.provision.AsyncServiceDetector, interface org.opennms.netmgt.provision.ServiceDetector]
2017-09-27 00:03:34,114 INFO  [Main] DefaultPluginRegistry: Register Extension org.opennms.netmgt.provision.detector.simple.FtpDetector@862863 for ExtensionPoints [interface org.opennms.netmgt.provision.AsyncServiceDetector, interface org.opennms.netmgt.provision.ServiceDetector]
2017-09-27 00:03:34,115 INFO  [Main] DefaultPluginRegistry: Register Extension org.opennms.netmgt.provision.detector.simple.HttpDetector@1c5af24 for ExtensionPoints [interface org.opennms.netmgt.provision.AsyncServiceDetector, interface org.opennms.netmgt.provision.ServiceDetector]
2017-09-27 00:03:34,115 INFO  [Main] DefaultPluginRegistry: Register Extension org.opennms.netmgt.provision.detector.simple.HttpsDetector@16d76d5 for ExtensionPoints [interface org.opennms.netmgt.provision.AsyncServiceDetector, interface org.opennms.netmgt.provision.ServiceDetector]
2017-09-27 00:03:34,115 INFO  [Main] DefaultPluginRegistry: Register Extension org.opennms.netmgt.provision.detector.simple.ImapDetector@1949dc2 for ExtensionPoints [interface org.opennms.netmgt.provision.AsyncServiceDetector, interface org.opennms.netmgt.provision.ServiceDetector]
2017-09-27 00:03:34,115 INFO  [Main] DefaultPluginRegistry: Register Extension org.opennms.netmgt.provision.detector.simple.MemcachedDetector@13dcd for ExtensionPoints [interface org.opennms.netmgt.provision.AsyncServiceDetector, interface org.opennms.netmgt.provision.ServiceDetector]
2017-09-27 00:03:34,115 INFO  [Main] DefaultPluginRegistry: Register Extension org.opennms.netmgt.provision.detector.simple.NotesHttpDetector@1809834 for ExtensionPoints [interface org.opennms.netmgt.provision.AsyncServiceDetector, interface org.opennms.netmgt.provision.ServiceDetector]
2017-09-27 00:03:34,115 INFO  [Main] DefaultPluginRegistry: Register Extension org.opennms.netmgt.provision.detector.simple.Pop3Detector@1889649 for ExtensionPoints [interface org.opennms.netmgt.provision.AsyncServiceDetector, interface org.opennms.netmgt.provision.ServiceDetector]
2017-09-27 00:03:34,115 INFO  [Main] DefaultPluginRegistry: Register Extension org.opennms.netmgt.provision.detector.simple.SmtpDetector@42a4d8 for ExtensionPoints [interface org.opennms.netmgt.provision.AsyncServiceDetector, interface org.opennms.netmgt.provision.ServiceDetector]
2017-09-27 00:03:34,115 INFO  [Main] DefaultPluginRegistry: Register Extension org.opennms.netmgt.provision.detector.simple.TcpDetector@154903a for ExtensionPoints [interface org.opennms.netmgt.provision.AsyncServiceDetector, interface org.opennms.netmgt.provision.ServiceDetector]
2017-09-27 00:03:34,115 INFO  [Main] DefaultPluginRegistry: Register Extension org.opennms.netmgt.provision.detector.bsf.BSFDetector@18d5031 for ExtensionPoints [interface org.opennms.netmgt.provision.SyncServiceDetector, interface org.opennms.netmgt.provision.ServiceDetector]
2017-09-27 00:03:34,115 INFO  [Main] DefaultPluginRegistry: Register Extension org.opennms.netmgt.provision.detector.datagram.DnsDetector@8be18f for ExtensionPoints [interface org.opennms.netmgt.provision.SyncServiceDetector, interface org.opennms.netmgt.provision.ServiceDetector]
2017-09-27 00:03:34,116 INFO  [Main] DefaultPluginRegistry: Register Extension org.opennms.netmgt.provision.detector.datagram.NtpDetector@1859fac for ExtensionPoints [interface org.opennms.netmgt.provision.SyncServiceDetector, interface org.opennms.netmgt.provision.ServiceDetector]
2017-09-27 00:03:34,116 INFO  [Main] DefaultPluginRegistry: Register Extension org.opennms.netmgt.provision.detector.jdbc.JdbcDetector@1b61388 for ExtensionPoints [interface org.opennms.netmgt.provision.SyncServiceDetector, interface org.opennms.netmgt.provision.ServiceDetector]
2017-09-27 00:03:34,116 INFO  [Main] DefaultPluginRegistry: Register Extension org.opennms.netmgt.provision.detector.jdbc.JdbcQueryDetector@bc603d for ExtensionPoints [interface org.opennms.netmgt.provision.SyncServiceDetector, interface org.opennms.netmgt.provision.ServiceDetector]
2017-09-27 00:03:34,116 INFO  [Main] DefaultPluginRegistry: Register Extension org.opennms.netmgt.provision.detector.jdbc.JdbcStoredProcedureDetector@15281b1 for ExtensionPoints [interface org.opennms.netmgt.provision.SyncServiceDetector, interface org.opennms.netmgt.provision.ServiceDetector]
2017-09-27 00:03:34,116 INFO  [Main] DefaultPluginRegistry: Register Extension org.opennms.netmgt.provision.detector.jmx.JBossDetector@1c0b112 for ExtensionPoints [interface org.opennms.netmgt.provision.SyncServiceDetector, interface org.opennms.netmgt.provision.ServiceDetector]
2017-09-27 00:03:34,116 INFO  [Main] DefaultPluginRegistry: Register Extension org.opennms.netmgt.provision.detector.jmx.Jsr160Detector@1a9398b for ExtensionPoints [interface org.opennms.netmgt.provision.SyncServiceDetector, interface org.opennms.netmgt.provision.ServiceDetector]
2017-09-27 00:03:34,116 INFO  [Main] DefaultPluginRegistry: Register Extension org.opennms.netmgt.provision.detector.jmx.MX4JDetector@100f346 for ExtensionPoints [interface org.opennms.netmgt.provision.SyncServiceDetector, interface org.opennms.netmgt.provision.ServiceDetector]
2017-09-27 00:03:34,116 INFO  [Main] DefaultPluginRegistry: Register Extension org.opennms.netmgt.provision.detector.simple.DominoIIOPDetector@163ab71 for ExtensionPoints [interface org.opennms.netmgt.provision.SyncServiceDetector, interface org.opennms.netmgt.provision.ServiceDetector]
2017-09-27 00:03:34,116 INFO  [Main] DefaultPluginRegistry: Register Extension org.opennms.netmgt.provision.detector.simple.LdapDetector@8cb27c for ExtensionPoints [interface org.opennms.netmgt.provision.SyncServiceDetector, interface org.opennms.netmgt.provision.ServiceDetector]
2017-09-27 00:03:34,116 INFO  [Main] DefaultPluginRegistry: Register Extension org.opennms.netmgt.provision.detector.simple.LdapsDetector@11a05d8 for ExtensionPoints [interface org.opennms.netmgt.provision.SyncServiceDetector, interface org.opennms.netmgt.provision.ServiceDetector]
2017-09-27 00:03:34,116 INFO  [Main] DefaultPluginRegistry: Register Extension org.opennms.netmgt.provision.detector.simple.NrpeDetector@175a878 for ExtensionPoints [interface org.opennms.netmgt.provision.SyncServiceDetector, interface org.opennms.netmgt.provision.ServiceDetector]
2017-09-27 00:03:34,117 INFO  [Main] DefaultPluginRegistry: Register Extension org.opennms.netmgt.provision.detector.simple.TrivialTimeDetector@1878916 for ExtensionPoints [interface org.opennms.netmgt.provision.SyncServiceDetector, interface org.opennms.netmgt.provision.ServiceDetector]
2017-09-27 00:03:34,117 INFO  [Main] DefaultPluginRegistry: Register Extension org.opennms.netmgt.provision.detector.msexchange.MSExchangeDetector@1392d2b for ExtensionPoints [interface org.opennms.netmgt.provision.SyncServiceDetector, interface org.opennms.netmgt.provision.ServiceDetector]
2017-09-27 00:03:34,117 INFO  [Main] DefaultPluginRegistry: Register Extension org.opennms.netmgt.provision.detector.icmp.IcmpDetector@c46efc for ExtensionPoints [interface org.opennms.netmgt.provision.SyncServiceDetector, interface org.opennms.netmgt.provision.ServiceDetector]
2017-09-27 00:03:34,117 INFO  [Main] DefaultPluginRegistry: Register Extension org.opennms.netmgt.provision.detector.snmp.BgpSessionDetector@52a055 for ExtensionPoints [interface org.opennms.netmgt.provision.SyncServiceDetector, interface org.opennms.netmgt.provision.ServiceDetector]
2017-09-27 00:03:34,117 INFO  [Main] DefaultPluginRegistry: Register Extension org.opennms.netmgt.provision.detector.snmp.CiscoIpSlaDetector@9c4121 for ExtensionPoints [interface org.opennms.netmgt.provision.SyncServiceDetector, interface org.opennms.netmgt.provision.ServiceDetector]
2017-09-27 00:03:34,117 INFO  [Main] DefaultPluginRegistry: Register Extension org.opennms.netmgt.provision.detector.snmp.DiskUsageDetector@7802c5 for ExtensionPoints [interface org.opennms.netmgt.provision.SyncServiceDetector, interface org.opennms.netmgt.provision.ServiceDetector]
2017-09-27 00:03:34,117 INFO  [Main] DefaultPluginRegistry: Register Extension org.opennms.netmgt.provision.detector.snmp.HostResourceSWRunDetector@fdd8e1 for ExtensionPoints [interface org.opennms.netmgt.provision.SyncServiceDetector, interface org.opennms.netmgt.provision.ServiceDetector]
2017-09-27 00:03:34,117 INFO  [Main] DefaultPluginRegistry: Register Extension org.opennms.netmgt.provision.detector.snmp.OmsaStorageDetector@1a9c344 for ExtensionPoints [interface org.opennms.netmgt.provision.SyncServiceDetector, interface org.opennms.netmgt.provision.ServiceDetector]
2017-09-27 00:03:34,117 INFO  [Main] DefaultPluginRegistry: Register Extension org.opennms.netmgt.provision.detector.snmp.OpenManageChassisDetector@52bcc7 for ExtensionPoints [interface org.opennms.netmgt.provision.SyncServiceDetector, interface org.opennms.netmgt.provision.ServiceDetector]
2017-09-27 00:03:34,117 INFO  [Main] DefaultPluginRegistry: Register Extension org.opennms.netmgt.provision.detector.snmp.PercDetector@1e7e045 for ExtensionPoints [interface org.opennms.netmgt.provision.SyncServiceDetector, interface org.opennms.netmgt.provision.ServiceDetector]
2017-09-27 00:03:34,117 INFO  [Main] DefaultPluginRegistry: Register Extension org.opennms.netmgt.provision.detector.snmp.SnmpDetector@350d75 for ExtensionPoints [interface org.opennms.netmgt.provision.SyncServiceDetector, interface org.opennms.netmgt.provision.ServiceDetector]
2017-09-27 00:03:34,118 INFO  [Main] DefaultPluginRegistry: Register Extension org.opennms.netmgt.provision.detector.snmp.Win32ServiceDetector@106bc07 for ExtensionPoints [interface org.opennms.netmgt.provision.SyncServiceDetector, interface org.opennms.netmgt.provision.ServiceDetector]
2017-09-27 00:03:34,118 INFO  [Main] DefaultPluginRegistry: Register Extension org.opennms.netmgt.provision.detector.smb.SmbDetector@122b0b8 for ExtensionPoints [interface org.opennms.netmgt.provision.SyncServiceDetector, interface org.opennms.netmgt.provision.ServiceDetector]
2017-09-27 00:03:34,118 INFO  [Main] DefaultPluginRegistry: Register Extension org.opennms.netmgt.provision.detector.loop.LoopDetector@8009d8 for ExtensionPoints [interface org.opennms.netmgt.provision.SyncServiceDetector, interface org.opennms.netmgt.provision.ServiceDetector]
2017-09-27 00:03:34,118 INFO  [Main] DefaultPluginRegistry: Register Extension org.opennms.netmgt.provision.detector.sms.SmsDetector@66a1e for ExtensionPoints [interface org.opennms.netmgt.provision.SyncServiceDetector, interface org.opennms.netmgt.provision.ServiceDetector]
2017-09-27 00:03:34,118 INFO  [Main] DefaultPluginRegistry: Register Extension org.opennms.netmgt.provision.detector.ssh.SshDetector@120e5f1 for ExtensionPoints [interface org.opennms.netmgt.provision.SyncServiceDetector, interface org.opennms.netmgt.provision.ServiceDetector]
2017-09-27 00:03:34,118 INFO  [Main] DefaultPluginRegistry: Register Extension org.opennms.netmgt.provision.detector.web.WebDetector@d86722 for ExtensionPoints [interface org.opennms.netmgt.provision.SyncServiceDetector, interface org.opennms.netmgt.provision.ServiceDetector]
2017-09-27 00:03:34,118 INFO  [Main] DefaultPluginRegistry: Register Extension org.opennms.netmgt.provision.detector.endpoint.EndPointDetector@15b2208 for ExtensionPoints [interface org.opennms.netmgt.provision.SyncServiceDetector, interface org.opennms.netmgt.provision.ServiceDetector]
2017-09-27 00:03:34,118 INFO  [Main] DefaultPluginRegistry: Register Extension org.opennms.netmgt.provision.detector.wmi.WmiDetector@175cbd for ExtensionPoints [interface org.opennms.netmgt.provision.SyncServiceDetector, interface org.opennms.netmgt.provision.ServiceDetector]
2017-09-27 00:03:34,118 INFO  [Main] DefaultPluginRegistry: Register Extension org.opennms.netmgt.provision.persist.policies.NodeCategorySettingPolicy@19d9c72 for ExtensionPoints [interface org.opennms.netmgt.provision.NodePolicy, interface org.opennms.netmgt.provision.OnmsPolicy]
2017-09-27 00:03:34,118 INFO  [Main] DefaultPluginRegistry: Register Extension org.opennms.netmgt.provision.persist.policies.MatchingIpInterfacePolicy@6d703e for ExtensionPoints [interface org.opennms.netmgt.provision.IpInterfacePolicy, interface org.opennms.netmgt.provision.OnmsPolicy]
2017-09-27 00:03:34,118 INFO  [Main] DefaultPluginRegistry: Register Extension org.opennms.netmgt.provision.persist.policies.MatchingSnmpInterfacePolicy@87255d for ExtensionPoints [interface org.opennms.netmgt.provision.SnmpInterfacePolicy, interface org.opennms.netmgt.provision.OnmsPolicy]
2017-09-27 00:03:34,246 INFO  [Main] DefaultLinkAdapterConfigurationDao: Loaded Map Link Adapter Configuration in 2ms
2017-09-27 00:03:34,637 INFO  [Main] ImportScheduler: calendarNames: 
2017-09-27 00:03:34,637 INFO  [Main] ImportScheduler: current executing jobs: 
2017-09-27 00:03:34,637 INFO  [Main] ImportScheduler: current job names: 
2017-09-27 00:03:34,639 INFO  [Main] ImportScheduler: scheduler metadata: Quartz Scheduler (vnull.null.null) 'provisiond' with instanceId 'NON_CLUSTERED'
  Scheduler class: 'org.quartz.impl.StdScheduler' - running locally.
NOT STARTED.
  Currently in standby mode.
  Number of jobs executed: 0
  Using thread pool 'org.quartz.simpl.SimpleThreadPool' - with 10 threads.
  Using job-store 'org.quartz.simpl.RAMJobStore' - which does not support persistence.

2017-09-27 00:03:34,640 INFO  [Main] ImportScheduler: trigger names: 
2017-09-27 00:03:36,146 INFO  [MapSyncExecutor] MapProvisioningAdapter: syncMaps: acquiring lock...
2017-09-27 00:03:36,253 INFO  [MapSyncExecutor] MapProvisioningAdapter: syncMaps: lock released.
2017-09-27 00:03:38,345 INFO  [LinkEventCorrelator] EventIpcManagerDefaultImpl: run: calling onEvent on LinkEventCorrelator for event uei.opennms.org/nodes/nodeLostService dbid 63453 with time 2017-9-27 0:03:38
2017-09-27 00:04:42,439 INFO  [LinkEventCorrelator] EventIpcManagerDefaultImpl: run: calling onEvent on LinkEventCorrelator for event uei.opennms.org/nodes/nodeRegainedService dbid 63454 with time 2017-9-27 0:04:42
