2017-09-26 23:19:36,220 ERROR [Main] org.hyperic.hq.common.Log4jWatcher: resource for log4j file /log4j.xml does not exist
2017-09-26 23:19:36,605 WARN  [Main] org.apache.activemq.store.amq.AMQPersistenceAdapter: The ReferenceStore is not valid - recovering ...
2017-09-26 23:19:37,110 ERROR [ResourceCleanupEventListener1] org.hyperic.hq.bizapp.server.session.ResourceCleanupEventListener: removeDeletedResources failed
java.lang.NullPointerException
	at org.opennms.hq.dao.MeasurementDAO.clearResource(MeasurementDAO.java:1434)
	at org.hyperic.hq.measurement.server.session.MeasurementManagerImpl.onApplicationEvent(MeasurementManagerImpl.java:2036)
	at org.hyperic.hq.measurement.server.session.MeasurementManagerImpl.onApplicationEvent(MeasurementManagerImpl.java:1)
	at org.springframework.context.event.SimpleApplicationEventMulticaster.multicastEvent(SimpleApplicationEventMulticaster.java:97)
	at org.springframework.context.support.AbstractApplicationContext.publishEvent(AbstractApplicationContext.java:303)
	at org.hyperic.hq.authz.server.session.ResourceRemoverImpl.removeResource(ResourceRemoverImpl.java:47)
	at sun.reflect.NativeMethodAccessorImpl.invoke0(Native Method)
	at sun.reflect.NativeMethodAccessorImpl.invoke(NativeMethodAccessorImpl.java:57)
	at sun.reflect.DelegatingMethodAccessorImpl.invoke(DelegatingMethodAccessorImpl.java:43)
	at java.lang.reflect.Method.invoke(Method.java:606)
	at org.springframework.aop.support.AopUtils.invokeJoinpointUsingReflection(AopUtils.java:309)
	at org.springframework.aop.framework.ReflectiveMethodInvocation.invokeJoinpoint(ReflectiveMethodInvocation.java:183)
	at org.springframework.aop.framework.ReflectiveMethodInvocation.proceed(ReflectiveMethodInvocation.java:150)
	at org.springframework.transaction.interceptor.TransactionInterceptor.invoke(TransactionInterceptor.java:110)
	at org.springframework.aop.framework.ReflectiveMethodInvocation.proceed(ReflectiveMethodInvocation.java:172)
	at org.springframework.aop.framework.JdkDynamicAopProxy.invoke(JdkDynamicAopProxy.java:202)
	at com.sun.proxy.$Proxy125.removeResource(Unknown Source)
	at org.hyperic.hq.authz.server.session.ResourceManagerImpl.removeResource(ResourceManagerImpl.java:638)
	at sun.reflect.NativeMethodAccessorImpl.invoke0(Native Method)
	at sun.reflect.NativeMethodAccessorImpl.invoke(NativeMethodAccessorImpl.java:57)
	at sun.reflect.DelegatingMethodAccessorImpl.invoke(DelegatingMethodAccessorImpl.java:43)
	at java.lang.reflect.Method.invoke(Method.java:606)
	at org.springframework.aop.support.AopUtils.invokeJoinpointUsingReflection(AopUtils.java:309)
	at org.springframework.aop.framework.ReflectiveMethodInvocation.invokeJoinpoint(ReflectiveMethodInvocation.java:183)
	at org.springframework.aop.framework.ReflectiveMethodInvocation.proceed(ReflectiveMethodInvocation.java:150)
	at org.springframework.transaction.interceptor.TransactionInterceptor.invoke(TransactionInterceptor.java:110)
	at org.springframework.aop.framework.ReflectiveMethodInvocation.proceed(ReflectiveMethodInvocation.java:172)
	at org.springframework.aop.framework.JdkDynamicAopProxy.invoke(JdkDynamicAopProxy.java:202)
	at com.sun.proxy.$Proxy126.removeResource(Unknown Source)
	at org.hyperic.hq.bizapp.server.session.ResourceCleanupEventListener.removeOrphanedResources(ResourceCleanupEventListener.java:204)
	at org.hyperic.hq.bizapp.server.session.ResourceCleanupEventListener.processEvents(ResourceCleanupEventListener.java:189)
	at org.hyperic.hq.zevents.TimingListenerWrapper.processEvents(TimingListenerWrapper.java:47)
	at org.hyperic.hq.zevents.BufferedListener$BufferedEventRunnable.run(BufferedListener.java:63)
	at java.util.concurrent.ThreadPoolExecutor.runWorker(ThreadPoolExecutor.java:1145)
	at java.util.concurrent.ThreadPoolExecutor$Worker.run(ThreadPoolExecutor.java:615)
	at java.lang.Thread.run(Thread.java:745)
2017-09-27 00:01:28,703 ERROR [Main] org.hyperic.hq.common.Log4jWatcher: resource for log4j file /log4j.xml does not exist
2017-09-27 00:01:29,229 WARN  [Main] org.apache.activemq.store.amq.AMQPersistenceAdapter: The ReferenceStore is not valid - recovering ...
2017-09-27 00:01:29,924 ERROR [ResourceCleanupEventListener1] org.hyperic.hq.bizapp.server.session.ResourceCleanupEventListener: removeDeletedResources failed
java.lang.NullPointerException
	at org.opennms.hq.dao.MeasurementDAO.clearResource(MeasurementDAO.java:1434)
	at org.hyperic.hq.measurement.server.session.MeasurementManagerImpl.onApplicationEvent(MeasurementManagerImpl.java:2036)
	at org.hyperic.hq.measurement.server.session.MeasurementManagerImpl.onApplicationEvent(MeasurementManagerImpl.java:1)
	at org.springframework.context.event.SimpleApplicationEventMulticaster.multicastEvent(SimpleApplicationEventMulticaster.java:97)
	at org.springframework.context.support.AbstractApplicationContext.publishEvent(AbstractApplicationContext.java:303)
	at org.hyperic.hq.authz.server.session.ResourceRemoverImpl.removeResource(ResourceRemoverImpl.java:47)
	at sun.reflect.NativeMethodAccessorImpl.invoke0(Native Method)
	at sun.reflect.NativeMethodAccessorImpl.invoke(NativeMethodAccessorImpl.java:57)
	at sun.reflect.DelegatingMethodAccessorImpl.invoke(DelegatingMethodAccessorImpl.java:43)
	at java.lang.reflect.Method.invoke(Method.java:606)
	at org.springframework.aop.support.AopUtils.invokeJoinpointUsingReflection(AopUtils.java:309)
	at org.springframework.aop.framework.ReflectiveMethodInvocation.invokeJoinpoint(ReflectiveMethodInvocation.java:183)
	at org.springframework.aop.framework.ReflectiveMethodInvocation.proceed(ReflectiveMethodInvocation.java:150)
	at org.springframework.transaction.interceptor.TransactionInterceptor.invoke(TransactionInterceptor.java:110)
	at org.springframework.aop.framework.ReflectiveMethodInvocation.proceed(ReflectiveMethodInvocation.java:172)
	at org.springframework.aop.framework.JdkDynamicAopProxy.invoke(JdkDynamicAopProxy.java:202)
	at com.sun.proxy.$Proxy125.removeResource(Unknown Source)
	at org.hyperic.hq.authz.server.session.ResourceManagerImpl.removeResource(ResourceManagerImpl.java:638)
	at sun.reflect.NativeMethodAccessorImpl.invoke0(Native Method)
	at sun.reflect.NativeMethodAccessorImpl.invoke(NativeMethodAccessorImpl.java:57)
	at sun.reflect.DelegatingMethodAccessorImpl.invoke(DelegatingMethodAccessorImpl.java:43)
	at java.lang.reflect.Method.invoke(Method.java:606)
	at org.springframework.aop.support.AopUtils.invokeJoinpointUsingReflection(AopUtils.java:309)
	at org.springframework.aop.framework.ReflectiveMethodInvocation.invokeJoinpoint(ReflectiveMethodInvocation.java:183)
	at org.springframework.aop.framework.ReflectiveMethodInvocation.proceed(ReflectiveMethodInvocation.java:150)
	at org.springframework.transaction.interceptor.TransactionInterceptor.invoke(TransactionInterceptor.java:110)
	at org.springframework.aop.framework.ReflectiveMethodInvocation.proceed(ReflectiveMethodInvocation.java:172)
	at org.springframework.aop.framework.JdkDynamicAopProxy.invoke(JdkDynamicAopProxy.java:202)
	at com.sun.proxy.$Proxy126.removeResource(Unknown Source)
	at org.hyperic.hq.bizapp.server.session.ResourceCleanupEventListener.removeOrphanedResources(ResourceCleanupEventListener.java:204)
	at org.hyperic.hq.bizapp.server.session.ResourceCleanupEventListener.processEvents(ResourceCleanupEventListener.java:189)
	at org.hyperic.hq.zevents.TimingListenerWrapper.processEvents(TimingListenerWrapper.java:47)
	at org.hyperic.hq.zevents.BufferedListener$BufferedEventRunnable.run(BufferedListener.java:63)
	at java.util.concurrent.ThreadPoolExecutor.runWorker(ThreadPoolExecutor.java:1145)
	at java.util.concurrent.ThreadPoolExecutor$Worker.run(ThreadPoolExecutor.java:615)
	at java.lang.Thread.run(Thread.java:745)
